PROJECT_ROOT=/pfs/lustrep4/scratch/project_462001047/jafaria/moe-phase1
VENV_PATH=/pfs/lustrep4/scratch/project_462001047/jafaria/moe-phase1/.venv
HOST=nid007901
SLURM_JOB_ID=16355558
cuda_available: True
device_count: 1
AMD Instinct MI250X
{
  "run_name": "phase1_1gpu",
  "metadata": {
    "seed": 42,
    "command": "src/train.py --config configs/base.json --deepspeed --ds_config configs/ds_config_moe.json --run_name phase1_1gpu --out_dir results",
    "git_commit": "unknown",
    "config_path": "configs/base.json",
    "config_copy_path": "results/phase1_1gpu_config_used.json",
    "env": {
      "python_version": "3.12.3 (main, Jan 22 2026, 20:57:42) [GCC 13.3.0]",
      "torch_version": "2.9.1+rocm6.4",
      "cuda_available": "True",
      "cuda_version": "None",
      "cudnn_version": "3004000",
      "deepspeed_version": "0.18.6"
    },
    "deepspeed_requested": true,
    "nccl_debug": "INFO"
  }
}
nid007901:36711:36711 [0] NCCL INFO Kernel version: 6.4.0-150600.23.73_15.0.14-cray_shasta_c
nid007901:36711:36711 [0] NCCL INFO Bootstrap : Using nmn0:10.120.116.80<0>
nid007901:36711:36711 [0] NCCL INFO ROCr version 1.15
nid007901:36711:36711 [0] NCCL INFO Dmabuf feature disabled without NCCL_DMABUF_ENABLE=1
nid007901:36711:36711 [0] NCCL INFO Kernel version: 6.4.0-150600.23.73_15.0.14-cray_shasta_c
nid007901:36711:36711 [0] NCCL INFO RCCL version : 2.22.3-HEAD:7d8d67c
HIP version  : 6.4.43484-123eb5128
ROCm version : 6.4.2.0-120-e7d83f5
Hostname     : nid007901
Librccl path : /opt/venv/lib/python3.12/site-packages/torch/lib/librccl.so
nid007901:36711:36711 [0] NCCL INFO Comm config Blocking set to 1
nid007901:36711:37149 [0] NCCL INFO NET/Plugin: /lib/x86_64-linux-gnu/libfabric.so.1: version `FABRIC_1.8' not found (required by /lib/librccl-net.so)
nid007901:36711:37149 [0] NCCL INFO NET/Plugin: Using internal network plugin.
nid007901:36711:37149 [0] NCCL INFO NET/IB : No device found.
nid007901:36711:37149 [0] NCCL INFO NET/Socket : Using [0]nmn0:10.120.116.80<0> [1]hsn0:10.253.31.159<0> [2]hsn1:10.253.31.160<0> [3]hsn2:10.253.52.232<0> [4]hsn3:10.253.52.231<0>
nid007901:36711:37149 [0] NCCL INFO Using network Socket

nid007901:36711:37149 [0] /longer_pathname_so_that_rpms_can_support_packaging_the_debug_info_for_all_os_profiles/src/out/rhel-8.8/8.8/build/rccl/hipify/src/misc/alt_rsmi.cc:716 NCCL WARN Could not read node # 7

nid007901:36711:37149 [0] /longer_pathname_so_that_rpms_can_support_packaging_the_debug_info_for_all_os_profiles/src/out/rhel-8.8/8.8/build/rccl/hipify/src/misc/alt_rsmi.cc:675 NCCL WARN Could not read node # 7

nid007901:36711:37149 [0] /longer_pathname_so_that_rpms_can_support_packaging_the_debug_info_for_all_os_profiles/src/out/rhel-8.8/8.8/build/rccl/hipify/src/misc/alt_rsmi.cc:675 NCCL WARN Could not read node # 7

nid007901:36711:37149 [0] /longer_pathname_so_that_rpms_can_support_packaging_the_debug_info_for_all_os_profiles/src/out/rhel-8.8/8.8/build/rccl/hipify/src/misc/alt_rsmi.cc:675 NCCL WARN Could not read node # 7

nid007901:36711:37149 [0] /longer_pathname_so_that_rpms_can_support_packaging_the_debug_info_for_all_os_profiles/src/out/rhel-8.8/8.8/build/rccl/hipify/src/misc/alt_rsmi.cc:675 NCCL WARN Could not read node # 7

nid007901:36711:37149 [0] /longer_pathname_so_that_rpms_can_support_packaging_the_debug_info_for_all_os_profiles/src/out/rhel-8.8/8.8/build/rccl/hipify/src/misc/alt_rsmi.cc:716 NCCL WARN Could not read node # 5

nid007901:36711:37149 [0] /longer_pathname_so_that_rpms_can_support_packaging_the_debug_info_for_all_os_profiles/src/out/rhel-8.8/8.8/build/rccl/hipify/src/misc/alt_rsmi.cc:675 NCCL WARN Could not read node # 5

nid007901:36711:37149 [0] /longer_pathname_so_that_rpms_can_support_packaging_the_debug_info_for_all_os_profiles/src/out/rhel-8.8/8.8/build/rccl/hipify/src/misc/alt_rsmi.cc:675 NCCL WARN Could not read node # 5

nid007901:36711:37149 [0] /longer_pathname_so_that_rpms_can_support_packaging_the_debug_info_for_all_os_profiles/src/out/rhel-8.8/8.8/build/rccl/hipify/src/misc/alt_rsmi.cc:675 NCCL WARN Could not read node # 5

nid007901:36711:37149 [0] /longer_pathname_so_that_rpms_can_support_packaging_the_debug_info_for_all_os_profiles/src/out/rhel-8.8/8.8/build/rccl/hipify/src/misc/alt_rsmi.cc:675 NCCL WARN Could not read node # 5

nid007901:36711:37149 [0] /longer_pathname_so_that_rpms_can_support_packaging_the_debug_info_for_all_os_profiles/src/out/rhel-8.8/8.8/build/rccl/hipify/src/misc/alt_rsmi.cc:716 NCCL WARN Could not read node # 11

nid007901:36711:37149 [0] /longer_pathname_so_that_rpms_can_support_packaging_the_debug_info_for_all_os_profiles/src/out/rhel-8.8/8.8/build/rccl/hipify/src/misc/alt_rsmi.cc:675 NCCL WARN Could not read node # 11

nid007901:36711:37149 [0] /longer_pathname_so_that_rpms_can_support_packaging_the_debug_info_for_all_os_profiles/src/out/rhel-8.8/8.8/build/rccl/hipify/src/misc/alt_rsmi.cc:675 NCCL WARN Could not read node # 11

nid007901:36711:37149 [0] /longer_pathname_so_that_rpms_can_support_packaging_the_debug_info_for_all_os_profiles/src/out/rhel-8.8/8.8/build/rccl/hipify/src/misc/alt_rsmi.cc:675 NCCL WARN Could not read node # 11

nid007901:36711:37149 [0] /longer_pathname_so_that_rpms_can_support_packaging_the_debug_info_for_all_os_profiles/src/out/rhel-8.8/8.8/build/rccl/hipify/src/misc/alt_rsmi.cc:675 NCCL WARN Could not read node # 11

nid007901:36711:37149 [0] /longer_pathname_so_that_rpms_can_support_packaging_the_debug_info_for_all_os_profiles/src/out/rhel-8.8/8.8/build/rccl/hipify/src/misc/alt_rsmi.cc:716 NCCL WARN Could not read node # 6

nid007901:36711:37149 [0] /longer_pathname_so_that_rpms_can_support_packaging_the_debug_info_for_all_os_profiles/src/out/rhel-8.8/8.8/build/rccl/hipify/src/misc/alt_rsmi.cc:675 NCCL WARN Could not read node # 6

nid007901:36711:37149 [0] /longer_pathname_so_that_rpms_can_support_packaging_the_debug_info_for_all_os_profiles/src/out/rhel-8.8/8.8/build/rccl/hipify/src/misc/alt_rsmi.cc:675 NCCL WARN Could not read node # 6

nid007901:36711:37149 [0] /longer_pathname_so_that_rpms_can_support_packaging_the_debug_info_for_all_os_profiles/src/out/rhel-8.8/8.8/build/rccl/hipify/src/misc/alt_rsmi.cc:675 NCCL WARN Could not read node # 6

nid007901:36711:37149 [0] /longer_pathname_so_that_rpms_can_support_packaging_the_debug_info_for_all_os_profiles/src/out/rhel-8.8/8.8/build/rccl/hipify/src/misc/alt_rsmi.cc:675 NCCL WARN Could not read node # 6

nid007901:36711:37149 [0] /longer_pathname_so_that_rpms_can_support_packaging_the_debug_info_for_all_os_profiles/src/out/rhel-8.8/8.8/build/rccl/hipify/src/misc/alt_rsmi.cc:716 NCCL WARN Could not read node # 4

nid007901:36711:37149 [0] /longer_pathname_so_that_rpms_can_support_packaging_the_debug_info_for_all_os_profiles/src/out/rhel-8.8/8.8/build/rccl/hipify/src/misc/alt_rsmi.cc:675 NCCL WARN Could not read node # 4

nid007901:36711:37149 [0] /longer_pathname_so_that_rpms_can_support_packaging_the_debug_info_for_all_os_profiles/src/out/rhel-8.8/8.8/build/rccl/hipify/src/misc/alt_rsmi.cc:675 NCCL WARN Could not read node # 4

nid007901:36711:37149 [0] /longer_pathname_so_that_rpms_can_support_packaging_the_debug_info_for_all_os_profiles/src/out/rhel-8.8/8.8/build/rccl/hipify/src/misc/alt_rsmi.cc:675 NCCL WARN Could not read node # 4

nid007901:36711:37149 [0] /longer_pathname_so_that_rpms_can_support_packaging_the_debug_info_for_all_os_profiles/src/out/rhel-8.8/8.8/build/rccl/hipify/src/misc/alt_rsmi.cc:675 NCCL WARN Could not read node # 4

nid007901:36711:37149 [0] /longer_pathname_so_that_rpms_can_support_packaging_the_debug_info_for_all_os_profiles/src/out/rhel-8.8/8.8/build/rccl/hipify/src/misc/alt_rsmi.cc:716 NCCL WARN Could not read node # 10

nid007901:36711:37149 [0] /longer_pathname_so_that_rpms_can_support_packaging_the_debug_info_for_all_os_profiles/src/out/rhel-8.8/8.8/build/rccl/hipify/src/misc/alt_rsmi.cc:675 NCCL WARN Could not read node # 10

nid007901:36711:37149 [0] /longer_pathname_so_that_rpms_can_support_packaging_the_debug_info_for_all_os_profiles/src/out/rhel-8.8/8.8/build/rccl/hipify/src/misc/alt_rsmi.cc:675 NCCL WARN Could not read node # 10

nid007901:36711:37149 [0] /longer_pathname_so_that_rpms_can_support_packaging_the_debug_info_for_all_os_profiles/src/out/rhel-8.8/8.8/build/rccl/hipify/src/misc/alt_rsmi.cc:675 NCCL WARN Could not read node # 10

nid007901:36711:37149 [0] /longer_pathname_so_that_rpms_can_support_packaging_the_debug_info_for_all_os_profiles/src/out/rhel-8.8/8.8/build/rccl/hipify/src/misc/alt_rsmi.cc:675 NCCL WARN Could not read node # 10

nid007901:36711:37149 [0] /longer_pathname_so_that_rpms_can_support_packaging_the_debug_info_for_all_os_profiles/src/out/rhel-8.8/8.8/build/rccl/hipify/src/misc/alt_rsmi.cc:716 NCCL WARN Could not read node # 9

nid007901:36711:37149 [0] /longer_pathname_so_that_rpms_can_support_packaging_the_debug_info_for_all_os_profiles/src/out/rhel-8.8/8.8/build/rccl/hipify/src/misc/alt_rsmi.cc:675 NCCL WARN Could not read node # 9

nid007901:36711:37149 [0] /longer_pathname_so_that_rpms_can_support_packaging_the_debug_info_for_all_os_profiles/src/out/rhel-8.8/8.8/build/rccl/hipify/src/misc/alt_rsmi.cc:675 NCCL WARN Could not read node # 9

nid007901:36711:37149 [0] /longer_pathname_so_that_rpms_can_support_packaging_the_debug_info_for_all_os_profiles/src/out/rhel-8.8/8.8/build/rccl/hipify/src/misc/alt_rsmi.cc:675 NCCL WARN Could not read node # 9

nid007901:36711:37149 [0] /longer_pathname_so_that_rpms_can_support_packaging_the_debug_info_for_all_os_profiles/src/out/rhel-8.8/8.8/build/rccl/hipify/src/misc/alt_rsmi.cc:675 NCCL WARN Could not read node # 9
nid007901:36711:37149 [0] NCCL INFO [node_id = 8; gpu_id = 13395; unique_id = 11431325537339659343; location_id = 53504; bdf = 53504; domain = 0; partition = 0], 
nid007901:36711:37149 [0] NCCL INFO initialized internal alternative rsmi functionality
nid007901:36711:37149 [0] NCCL INFO ncclCommInitRank comm 0x4a7a1940 rank 0 nranks 1 cudaDev 0 nvmlDev 0 busId d1000 commId 0x173eddc73c7d3ee4 - Init START
nid007901:36711:37149 [0] NCCL INFO initialized internal alternative rsmi functionality
nid007901:36711:37149 [0] NCCL INFO Setting affinity for GPU 0 to 02fe
nid007901:36711:37149 [0] NCCL INFO comm 0x4a7a1940 rank 0 nRanks 1 nNodes 1 localRanks 1 localRank 0 MNNVL 0
nid007901:36711:37149 [0] NCCL INFO Channel 00/32 :    0
nid007901:36711:37149 [0] NCCL INFO Channel 01/32 :    0
nid007901:36711:37149 [0] NCCL INFO Channel 02/32 :    0
nid007901:36711:37149 [0] NCCL INFO Channel 03/32 :    0
nid007901:36711:37149 [0] NCCL INFO Channel 04/32 :    0
nid007901:36711:37149 [0] NCCL INFO Channel 05/32 :    0
nid007901:36711:37149 [0] NCCL INFO Channel 06/32 :    0
nid007901:36711:37149 [0] NCCL INFO Channel 07/32 :    0
nid007901:36711:37149 [0] NCCL INFO Channel 08/32 :    0
nid007901:36711:37149 [0] NCCL INFO Channel 09/32 :    0
nid007901:36711:37149 [0] NCCL INFO Channel 10/32 :    0
nid007901:36711:37149 [0] NCCL INFO Channel 11/32 :    0
nid007901:36711:37149 [0] NCCL INFO Channel 12/32 :    0
nid007901:36711:37149 [0] NCCL INFO Channel 13/32 :    0
nid007901:36711:37149 [0] NCCL INFO Channel 14/32 :    0
nid007901:36711:37149 [0] NCCL INFO Channel 15/32 :    0
nid007901:36711:37149 [0] NCCL INFO Channel 16/32 :    0
nid007901:36711:37149 [0] NCCL INFO Channel 17/32 :    0
nid007901:36711:37149 [0] NCCL INFO Channel 18/32 :    0
nid007901:36711:37149 [0] NCCL INFO Channel 19/32 :    0
nid007901:36711:37149 [0] NCCL INFO Channel 20/32 :    0
nid007901:36711:37149 [0] NCCL INFO Channel 21/32 :    0
nid007901:36711:37149 [0] NCCL INFO Channel 22/32 :    0
nid007901:36711:37149 [0] NCCL INFO Channel 23/32 :    0
nid007901:36711:37149 [0] NCCL INFO Channel 24/32 :    0
nid007901:36711:37149 [0] NCCL INFO Channel 25/32 :    0
nid007901:36711:37149 [0] NCCL INFO Channel 26/32 :    0
nid007901:36711:37149 [0] NCCL INFO Channel 27/32 :    0
nid007901:36711:37149 [0] NCCL INFO Channel 28/32 :    0
nid007901:36711:37149 [0] NCCL INFO Channel 29/32 :    0
nid007901:36711:37149 [0] NCCL INFO Channel 30/32 :    0
nid007901:36711:37149 [0] NCCL INFO Channel 31/32 :    0
nid007901:36711:37149 [0] NCCL INFO Trees [0] -1/-1/-1->0->-1 [1] -1/-1/-1->0->-1 [2] -1/-1/-1->0->-1 [3] -1/-1/-1->0->-1 [4] -1/-1/-1->0->-1 [5] -1/-1/-1->0->-1 [6] -1/-1/-1->0->-1 [7] -1/-1/-1->0->-1 [8] -1/-1/-1->0->-1 [9] -1/-1/-1->0->-1 [10] -1/-1/-1->0->-1 [11] -1/-1/-1->0->-1 [12] -1/-1/-1->0->-1 [13] -1/-1/-1->0->-1 [14] -1/-1/-1->0->-1 [15] -1/-1/-1->0->-1 [16] -1/-1/-1->0->-1 [17] -1/-1/-1->0->-1 [18] -1/-1/-1->0->-1 [19] -1/-1/-1->0->-1 [20] -1/-1/-1->0->-1 [21] -1/-1/-1->0->-1 [22] -1/-1/-1->0->-1 [23] -1/-1/-1->0->-1 [24] -1/-1/-1->0->-1 [25] -1/-1/-1->0->-1 [26] -1/-1/-1->0->-1 [27] -1/-1/-1->0->-1 [28] -1/-1/-1->0->-1 [29] -1/-1/-1->0->-1 [30] -1/-1/-1->0->-1 [31] -1/-1/-1->0->-1 comm 0x4a7a1940 nRanks 01 busId d1000
nid007901:36711:37149 [0] NCCL INFO P2P Chunksize set to 131072
nid007901:36711:37149 [0] NCCL INFO 32 coll channels, 32 collnet channels, 0 nvls channels, 32 p2p channels, 32 p2p channels per peer
nid007901:36711:37149 [0] NCCL INFO CC Off, Multi-GPU CC Off, workFifoBytes 1048576
nid007901:36711:37149 [0] NCCL INFO TUNER/Plugin: /lib/x86_64-linux-gnu/libfabric.so.1: version `FABRIC_1.8' not found (required by /lib/librccl-net.so)
nid007901:36711:37149 [0] NCCL INFO TUNER/Plugin: Could not find: librccl-tuner.so. Using internal tuner plugin.
nid007901:36711:37149 [0] NCCL INFO ncclCommInitRank comm 0x4a7a1940 rank 0 nranks 1 cudaDev 0 nvmlDev 0 busId d1000 commId 0x173eddc73c7d3ee4 localSize 272 used 101269984 bytes on core 9 - Init COMPLETE
nid007901:36711:37149 [0] NCCL INFO Init timings: rank 0 nranks 1 total 1.97 (kernels 1.78, bootstrap 0.09, allgathers 0.00, topo 0.09, graphs 0.00, connections 0.01, rest 0.00)
No existing process group found, creating a new group named: ep_size_1
nid007901:36711:36711 [0] NCCL INFO Comm config Blocking set to 1
nid007901:36711:37215 [0] NCCL INFO Using network Socket

nid007901:36711:37215 [0] /longer_pathname_so_that_rpms_can_support_packaging_the_debug_info_for_all_os_profiles/src/out/rhel-8.8/8.8/build/rccl/hipify/src/misc/alt_rsmi.cc:716 NCCL WARN Could not read node # 7

nid007901:36711:37215 [0] /longer_pathname_so_that_rpms_can_support_packaging_the_debug_info_for_all_os_profiles/src/out/rhel-8.8/8.8/build/rccl/hipify/src/misc/alt_rsmi.cc:675 NCCL WARN Could not read node # 7

nid007901:36711:37215 [0] /longer_pathname_so_that_rpms_can_support_packaging_the_debug_info_for_all_os_profiles/src/out/rhel-8.8/8.8/build/rccl/hipify/src/misc/alt_rsmi.cc:675 NCCL WARN Could not read node # 7

nid007901:36711:37215 [0] /longer_pathname_so_that_rpms_can_support_packaging_the_debug_info_for_all_os_profiles/src/out/rhel-8.8/8.8/build/rccl/hipify/src/misc/alt_rsmi.cc:675 NCCL WARN Could not read node # 7

nid007901:36711:37215 [0] /longer_pathname_so_that_rpms_can_support_packaging_the_debug_info_for_all_os_profiles/src/out/rhel-8.8/8.8/build/rccl/hipify/src/misc/alt_rsmi.cc:675 NCCL WARN Could not read node # 7

nid007901:36711:37215 [0] /longer_pathname_so_that_rpms_can_support_packaging_the_debug_info_for_all_os_profiles/src/out/rhel-8.8/8.8/build/rccl/hipify/src/misc/alt_rsmi.cc:716 NCCL WARN Could not read node # 5

nid007901:36711:37215 [0] /longer_pathname_so_that_rpms_can_support_packaging_the_debug_info_for_all_os_profiles/src/out/rhel-8.8/8.8/build/rccl/hipify/src/misc/alt_rsmi.cc:675 NCCL WARN Could not read node # 5

nid007901:36711:37215 [0] /longer_pathname_so_that_rpms_can_support_packaging_the_debug_info_for_all_os_profiles/src/out/rhel-8.8/8.8/build/rccl/hipify/src/misc/alt_rsmi.cc:675 NCCL WARN Could not read node # 5

nid007901:36711:37215 [0] /longer_pathname_so_that_rpms_can_support_packaging_the_debug_info_for_all_os_profiles/src/out/rhel-8.8/8.8/build/rccl/hipify/src/misc/alt_rsmi.cc:675 NCCL WARN Could not read node # 5

nid007901:36711:37215 [0] /longer_pathname_so_that_rpms_can_support_packaging_the_debug_info_for_all_os_profiles/src/out/rhel-8.8/8.8/build/rccl/hipify/src/misc/alt_rsmi.cc:675 NCCL WARN Could not read node # 5

nid007901:36711:37215 [0] /longer_pathname_so_that_rpms_can_support_packaging_the_debug_info_for_all_os_profiles/src/out/rhel-8.8/8.8/build/rccl/hipify/src/misc/alt_rsmi.cc:716 NCCL WARN Could not read node # 11

nid007901:36711:37215 [0] /longer_pathname_so_that_rpms_can_support_packaging_the_debug_info_for_all_os_profiles/src/out/rhel-8.8/8.8/build/rccl/hipify/src/misc/alt_rsmi.cc:675 NCCL WARN Could not read node # 11

nid007901:36711:37215 [0] /longer_pathname_so_that_rpms_can_support_packaging_the_debug_info_for_all_os_profiles/src/out/rhel-8.8/8.8/build/rccl/hipify/src/misc/alt_rsmi.cc:675 NCCL WARN Could not read node # 11

nid007901:36711:37215 [0] /longer_pathname_so_that_rpms_can_support_packaging_the_debug_info_for_all_os_profiles/src/out/rhel-8.8/8.8/build/rccl/hipify/src/misc/alt_rsmi.cc:675 NCCL WARN Could not read node # 11

nid007901:36711:37215 [0] /longer_pathname_so_that_rpms_can_support_packaging_the_debug_info_for_all_os_profiles/src/out/rhel-8.8/8.8/build/rccl/hipify/src/misc/alt_rsmi.cc:675 NCCL WARN Could not read node # 11

nid007901:36711:37215 [0] /longer_pathname_so_that_rpms_can_support_packaging_the_debug_info_for_all_os_profiles/src/out/rhel-8.8/8.8/build/rccl/hipify/src/misc/alt_rsmi.cc:716 NCCL WARN Could not read node # 6

nid007901:36711:37215 [0] /longer_pathname_so_that_rpms_can_support_packaging_the_debug_info_for_all_os_profiles/src/out/rhel-8.8/8.8/build/rccl/hipify/src/misc/alt_rsmi.cc:675 NCCL WARN Could not read node # 6

nid007901:36711:37215 [0] /longer_pathname_so_that_rpms_can_support_packaging_the_debug_info_for_all_os_profiles/src/out/rhel-8.8/8.8/build/rccl/hipify/src/misc/alt_rsmi.cc:675 NCCL WARN Could not read node # 6

nid007901:36711:37215 [0] /longer_pathname_so_that_rpms_can_support_packaging_the_debug_info_for_all_os_profiles/src/out/rhel-8.8/8.8/build/rccl/hipify/src/misc/alt_rsmi.cc:675 NCCL WARN Could not read node # 6

nid007901:36711:37215 [0] /longer_pathname_so_that_rpms_can_support_packaging_the_debug_info_for_all_os_profiles/src/out/rhel-8.8/8.8/build/rccl/hipify/src/misc/alt_rsmi.cc:675 NCCL WARN Could not read node # 6

nid007901:36711:37215 [0] /longer_pathname_so_that_rpms_can_support_packaging_the_debug_info_for_all_os_profiles/src/out/rhel-8.8/8.8/build/rccl/hipify/src/misc/alt_rsmi.cc:716 NCCL WARN Could not read node # 4

nid007901:36711:37215 [0] /longer_pathname_so_that_rpms_can_support_packaging_the_debug_info_for_all_os_profiles/src/out/rhel-8.8/8.8/build/rccl/hipify/src/misc/alt_rsmi.cc:675 NCCL WARN Could not read node # 4

nid007901:36711:37215 [0] /longer_pathname_so_that_rpms_can_support_packaging_the_debug_info_for_all_os_profiles/src/out/rhel-8.8/8.8/build/rccl/hipify/src/misc/alt_rsmi.cc:675 NCCL WARN Could not read node # 4

nid007901:36711:37215 [0] /longer_pathname_so_that_rpms_can_support_packaging_the_debug_info_for_all_os_profiles/src/out/rhel-8.8/8.8/build/rccl/hipify/src/misc/alt_rsmi.cc:675 NCCL WARN Could not read node # 4

nid007901:36711:37215 [0] /longer_pathname_so_that_rpms_can_support_packaging_the_debug_info_for_all_os_profiles/src/out/rhel-8.8/8.8/build/rccl/hipify/src/misc/alt_rsmi.cc:675 NCCL WARN Could not read node # 4

nid007901:36711:37215 [0] /longer_pathname_so_that_rpms_can_support_packaging_the_debug_info_for_all_os_profiles/src/out/rhel-8.8/8.8/build/rccl/hipify/src/misc/alt_rsmi.cc:716 NCCL WARN Could not read node # 10

nid007901:36711:37215 [0] /longer_pathname_so_that_rpms_can_support_packaging_the_debug_info_for_all_os_profiles/src/out/rhel-8.8/8.8/build/rccl/hipify/src/misc/alt_rsmi.cc:675 NCCL WARN Could not read node # 10

nid007901:36711:37215 [0] /longer_pathname_so_that_rpms_can_support_packaging_the_debug_info_for_all_os_profiles/src/out/rhel-8.8/8.8/build/rccl/hipify/src/misc/alt_rsmi.cc:675 NCCL WARN Could not read node # 10

nid007901:36711:37215 [0] /longer_pathname_so_that_rpms_can_support_packaging_the_debug_info_for_all_os_profiles/src/out/rhel-8.8/8.8/build/rccl/hipify/src/misc/alt_rsmi.cc:675 NCCL WARN Could not read node # 10

nid007901:36711:37215 [0] /longer_pathname_so_that_rpms_can_support_packaging_the_debug_info_for_all_os_profiles/src/out/rhel-8.8/8.8/build/rccl/hipify/src/misc/alt_rsmi.cc:675 NCCL WARN Could not read node # 10

nid007901:36711:37215 [0] /longer_pathname_so_that_rpms_can_support_packaging_the_debug_info_for_all_os_profiles/src/out/rhel-8.8/8.8/build/rccl/hipify/src/misc/alt_rsmi.cc:716 NCCL WARN Could not read node # 9

nid007901:36711:37215 [0] /longer_pathname_so_that_rpms_can_support_packaging_the_debug_info_for_all_os_profiles/src/out/rhel-8.8/8.8/build/rccl/hipify/src/misc/alt_rsmi.cc:675 NCCL WARN Could not read node # 9

nid007901:36711:37215 [0] /longer_pathname_so_that_rpms_can_support_packaging_the_debug_info_for_all_os_profiles/src/out/rhel-8.8/8.8/build/rccl/hipify/src/misc/alt_rsmi.cc:675 NCCL WARN Could not read node # 9

nid007901:36711:37215 [0] /longer_pathname_so_that_rpms_can_support_packaging_the_debug_info_for_all_os_profiles/src/out/rhel-8.8/8.8/build/rccl/hipify/src/misc/alt_rsmi.cc:675 NCCL WARN Could not read node # 9

nid007901:36711:37215 [0] /longer_pathname_so_that_rpms_can_support_packaging_the_debug_info_for_all_os_profiles/src/out/rhel-8.8/8.8/build/rccl/hipify/src/misc/alt_rsmi.cc:675 NCCL WARN Could not read node # 9
nid007901:36711:37215 [0] NCCL INFO [node_id = 8; gpu_id = 13395; unique_id = 11431325537339659343; location_id = 53504; bdf = 53504; domain = 0; partition = 0], 
nid007901:36711:37215 [0] NCCL INFO initialized internal alternative rsmi functionality
nid007901:36711:37215 [0] NCCL INFO bootstrapSplit: comm 0x4a85d1a0 parent 0x4a7a1940 rank 0 nranks 1 color 59908776 key 0 prev 0 next 0 - DONE
nid007901:36711:37215 [0] NCCL INFO ncclCommSplit comm 0x4a85d1a0 rank 0 nranks 1 cudaDev 0 nvmlDev 0 busId d1000 parent 0x4a7a1940 color 59908776 key 0 commId 0x285b8359fd6eeddb - Init START
nid007901:36711:37215 [0] NCCL INFO initialized internal alternative rsmi functionality
nid007901:36711:37215 [0] NCCL INFO Setting affinity for GPU 0 to 02fe
nid007901:36711:37215 [0] NCCL INFO comm 0x4a85d1a0 rank 0 nRanks 1 nNodes 1 localRanks 1 localRank 0 MNNVL 0
nid007901:36711:37215 [0] NCCL INFO Channel 00/32 :    0
nid007901:36711:37215 [0] NCCL INFO Channel 01/32 :    0
nid007901:36711:37215 [0] NCCL INFO Channel 02/32 :    0
nid007901:36711:37215 [0] NCCL INFO Channel 03/32 :    0
nid007901:36711:37215 [0] NCCL INFO Channel 04/32 :    0
nid007901:36711:37215 [0] NCCL INFO Channel 05/32 :    0
nid007901:36711:37215 [0] NCCL INFO Channel 06/32 :    0
nid007901:36711:37215 [0] NCCL INFO Channel 07/32 :    0
nid007901:36711:37215 [0] NCCL INFO Channel 08/32 :    0
nid007901:36711:37215 [0] NCCL INFO Channel 09/32 :    0
nid007901:36711:37215 [0] NCCL INFO Channel 10/32 :    0
nid007901:36711:37215 [0] NCCL INFO Channel 11/32 :    0
nid007901:36711:37215 [0] NCCL INFO Channel 12/32 :    0
nid007901:36711:37215 [0] NCCL INFO Channel 13/32 :    0
nid007901:36711:37215 [0] NCCL INFO Channel 14/32 :    0
nid007901:36711:37215 [0] NCCL INFO Channel 15/32 :    0
nid007901:36711:37215 [0] NCCL INFO Channel 16/32 :    0
nid007901:36711:37215 [0] NCCL INFO Channel 17/32 :    0
nid007901:36711:37215 [0] NCCL INFO Channel 18/32 :    0
nid007901:36711:37215 [0] NCCL INFO Channel 19/32 :    0
nid007901:36711:37215 [0] NCCL INFO Channel 20/32 :    0
nid007901:36711:37215 [0] NCCL INFO Channel 21/32 :    0
nid007901:36711:37215 [0] NCCL INFO Channel 22/32 :    0
nid007901:36711:37215 [0] NCCL INFO Channel 23/32 :    0
nid007901:36711:37215 [0] NCCL INFO Channel 24/32 :    0
nid007901:36711:37215 [0] NCCL INFO Channel 25/32 :    0
nid007901:36711:37215 [0] NCCL INFO Channel 26/32 :    0
nid007901:36711:37215 [0] NCCL INFO Channel 27/32 :    0
nid007901:36711:37215 [0] NCCL INFO Channel 28/32 :    0
nid007901:36711:37215 [0] NCCL INFO Channel 29/32 :    0
nid007901:36711:37215 [0] NCCL INFO Channel 30/32 :    0
nid007901:36711:37215 [0] NCCL INFO Channel 31/32 :    0
nid007901:36711:37215 [0] NCCL INFO Trees [0] -1/-1/-1->0->-1 [1] -1/-1/-1->0->-1 [2] -1/-1/-1->0->-1 [3] -1/-1/-1->0->-1 [4] -1/-1/-1->0->-1 [5] -1/-1/-1->0->-1 [6] -1/-1/-1->0->-1 [7] -1/-1/-1->0->-1 [8] -1/-1/-1->0->-1 [9] -1/-1/-1->0->-1 [10] -1/-1/-1->0->-1 [11] -1/-1/-1->0->-1 [12] -1/-1/-1->0->-1 [13] -1/-1/-1->0->-1 [14] -1/-1/-1->0->-1 [15] -1/-1/-1->0->-1 [16] -1/-1/-1->0->-1 [17] -1/-1/-1->0->-1 [18] -1/-1/-1->0->-1 [19] -1/-1/-1->0->-1 [20] -1/-1/-1->0->-1 [21] -1/-1/-1->0->-1 [22] -1/-1/-1->0->-1 [23] -1/-1/-1->0->-1 [24] -1/-1/-1->0->-1 [25] -1/-1/-1->0->-1 [26] -1/-1/-1->0->-1 [27] -1/-1/-1->0->-1 [28] -1/-1/-1->0->-1 [29] -1/-1/-1->0->-1 [30] -1/-1/-1->0->-1 [31] -1/-1/-1->0->-1 comm 0x4a85d1a0 nRanks 01 busId d1000
nid007901:36711:37215 [0] NCCL INFO P2P Chunksize set to 131072
nid007901:36711:37215 [0] NCCL INFO 32 coll channels, 32 collnet channels, 0 nvls channels, 32 p2p channels, 32 p2p channels per peer
nid007901:36711:37215 [0] NCCL INFO CC Off, Multi-GPU CC Off, workFifoBytes 1048576
nid007901:36711:37215 [0] NCCL INFO ncclCommSplit comm 0x4a85d1a0 rank 0 nranks 1 cudaDev 0 nvmlDev 0 busId d1000 parent 0x4a7a1940 color 59908776 key 0 commId 0x285b8359fd6eeddb localSize 272 used 202539968 bytes on core 9 - Init COMPLETE
nid007901:36711:37215 [0] NCCL INFO Init timings: rank 0 nranks 1 total 0.11 (kernels 0.00, bootstrap 0.01, allgathers 0.00, topo 0.08, graphs 0.00, connections 0.01, rest 0.00)
nid007901:36711:36711 [0] NCCL INFO Comm config Blocking set to 1
nid007901:36711:37221 [0] NCCL INFO Using network Socket

nid007901:36711:37221 [0] /longer_pathname_so_that_rpms_can_support_packaging_the_debug_info_for_all_os_profiles/src/out/rhel-8.8/8.8/build/rccl/hipify/src/misc/alt_rsmi.cc:716 NCCL WARN Could not read node # 7

nid007901:36711:37221 [0] /longer_pathname_so_that_rpms_can_support_packaging_the_debug_info_for_all_os_profiles/src/out/rhel-8.8/8.8/build/rccl/hipify/src/misc/alt_rsmi.cc:675 NCCL WARN Could not read node # 7

nid007901:36711:37221 [0] /longer_pathname_so_that_rpms_can_support_packaging_the_debug_info_for_all_os_profiles/src/out/rhel-8.8/8.8/build/rccl/hipify/src/misc/alt_rsmi.cc:675 NCCL WARN Could not read node # 7

nid007901:36711:37221 [0] /longer_pathname_so_that_rpms_can_support_packaging_the_debug_info_for_all_os_profiles/src/out/rhel-8.8/8.8/build/rccl/hipify/src/misc/alt_rsmi.cc:675 NCCL WARN Could not read node # 7

nid007901:36711:37221 [0] /longer_pathname_so_that_rpms_can_support_packaging_the_debug_info_for_all_os_profiles/src/out/rhel-8.8/8.8/build/rccl/hipify/src/misc/alt_rsmi.cc:675 NCCL WARN Could not read node # 7

nid007901:36711:37221 [0] /longer_pathname_so_that_rpms_can_support_packaging_the_debug_info_for_all_os_profiles/src/out/rhel-8.8/8.8/build/rccl/hipify/src/misc/alt_rsmi.cc:716 NCCL WARN Could not read node # 5

nid007901:36711:37221 [0] /longer_pathname_so_that_rpms_can_support_packaging_the_debug_info_for_all_os_profiles/src/out/rhel-8.8/8.8/build/rccl/hipify/src/misc/alt_rsmi.cc:675 NCCL WARN Could not read node # 5

nid007901:36711:37221 [0] /longer_pathname_so_that_rpms_can_support_packaging_the_debug_info_for_all_os_profiles/src/out/rhel-8.8/8.8/build/rccl/hipify/src/misc/alt_rsmi.cc:675 NCCL WARN Could not read node # 5

nid007901:36711:37221 [0] /longer_pathname_so_that_rpms_can_support_packaging_the_debug_info_for_all_os_profiles/src/out/rhel-8.8/8.8/build/rccl/hipify/src/misc/alt_rsmi.cc:675 NCCL WARN Could not read node # 5

nid007901:36711:37221 [0] /longer_pathname_so_that_rpms_can_support_packaging_the_debug_info_for_all_os_profiles/src/out/rhel-8.8/8.8/build/rccl/hipify/src/misc/alt_rsmi.cc:675 NCCL WARN Could not read node # 5

nid007901:36711:37221 [0] /longer_pathname_so_that_rpms_can_support_packaging_the_debug_info_for_all_os_profiles/src/out/rhel-8.8/8.8/build/rccl/hipify/src/misc/alt_rsmi.cc:716 NCCL WARN Could not read node # 11

nid007901:36711:37221 [0] /longer_pathname_so_that_rpms_can_support_packaging_the_debug_info_for_all_os_profiles/src/out/rhel-8.8/8.8/build/rccl/hipify/src/misc/alt_rsmi.cc:675 NCCL WARN Could not read node # 11

nid007901:36711:37221 [0] /longer_pathname_so_that_rpms_can_support_packaging_the_debug_info_for_all_os_profiles/src/out/rhel-8.8/8.8/build/rccl/hipify/src/misc/alt_rsmi.cc:675 NCCL WARN Could not read node # 11

nid007901:36711:37221 [0] /longer_pathname_so_that_rpms_can_support_packaging_the_debug_info_for_all_os_profiles/src/out/rhel-8.8/8.8/build/rccl/hipify/src/misc/alt_rsmi.cc:675 NCCL WARN Could not read node # 11

nid007901:36711:37221 [0] /longer_pathname_so_that_rpms_can_support_packaging_the_debug_info_for_all_os_profiles/src/out/rhel-8.8/8.8/build/rccl/hipify/src/misc/alt_rsmi.cc:675 NCCL WARN Could not read node # 11

nid007901:36711:37221 [0] /longer_pathname_so_that_rpms_can_support_packaging_the_debug_info_for_all_os_profiles/src/out/rhel-8.8/8.8/build/rccl/hipify/src/misc/alt_rsmi.cc:716 NCCL WARN Could not read node # 6

nid007901:36711:37221 [0] /longer_pathname_so_that_rpms_can_support_packaging_the_debug_info_for_all_os_profiles/src/out/rhel-8.8/8.8/build/rccl/hipify/src/misc/alt_rsmi.cc:675 NCCL WARN Could not read node # 6

nid007901:36711:37221 [0] /longer_pathname_so_that_rpms_can_support_packaging_the_debug_info_for_all_os_profiles/src/out/rhel-8.8/8.8/build/rccl/hipify/src/misc/alt_rsmi.cc:675 NCCL WARN Could not read node # 6

nid007901:36711:37221 [0] /longer_pathname_so_that_rpms_can_support_packaging_the_debug_info_for_all_os_profiles/src/out/rhel-8.8/8.8/build/rccl/hipify/src/misc/alt_rsmi.cc:675 NCCL WARN Could not read node # 6

nid007901:36711:37221 [0] /longer_pathname_so_that_rpms_can_support_packaging_the_debug_info_for_all_os_profiles/src/out/rhel-8.8/8.8/build/rccl/hipify/src/misc/alt_rsmi.cc:675 NCCL WARN Could not read node # 6

nid007901:36711:37221 [0] /longer_pathname_so_that_rpms_can_support_packaging_the_debug_info_for_all_os_profiles/src/out/rhel-8.8/8.8/build/rccl/hipify/src/misc/alt_rsmi.cc:716 NCCL WARN Could not read node # 4

nid007901:36711:37221 [0] /longer_pathname_so_that_rpms_can_support_packaging_the_debug_info_for_all_os_profiles/src/out/rhel-8.8/8.8/build/rccl/hipify/src/misc/alt_rsmi.cc:675 NCCL WARN Could not read node # 4

nid007901:36711:37221 [0] /longer_pathname_so_that_rpms_can_support_packaging_the_debug_info_for_all_os_profiles/src/out/rhel-8.8/8.8/build/rccl/hipify/src/misc/alt_rsmi.cc:675 NCCL WARN Could not read node # 4

nid007901:36711:37221 [0] /longer_pathname_so_that_rpms_can_support_packaging_the_debug_info_for_all_os_profiles/src/out/rhel-8.8/8.8/build/rccl/hipify/src/misc/alt_rsmi.cc:675 NCCL WARN Could not read node # 4

nid007901:36711:37221 [0] /longer_pathname_so_that_rpms_can_support_packaging_the_debug_info_for_all_os_profiles/src/out/rhel-8.8/8.8/build/rccl/hipify/src/misc/alt_rsmi.cc:675 NCCL WARN Could not read node # 4

nid007901:36711:37221 [0] /longer_pathname_so_that_rpms_can_support_packaging_the_debug_info_for_all_os_profiles/src/out/rhel-8.8/8.8/build/rccl/hipify/src/misc/alt_rsmi.cc:716 NCCL WARN Could not read node # 10

nid007901:36711:37221 [0] /longer_pathname_so_that_rpms_can_support_packaging_the_debug_info_for_all_os_profiles/src/out/rhel-8.8/8.8/build/rccl/hipify/src/misc/alt_rsmi.cc:675 NCCL WARN Could not read node # 10

nid007901:36711:37221 [0] /longer_pathname_so_that_rpms_can_support_packaging_the_debug_info_for_all_os_profiles/src/out/rhel-8.8/8.8/build/rccl/hipify/src/misc/alt_rsmi.cc:675 NCCL WARN Could not read node # 10

nid007901:36711:37221 [0] /longer_pathname_so_that_rpms_can_support_packaging_the_debug_info_for_all_os_profiles/src/out/rhel-8.8/8.8/build/rccl/hipify/src/misc/alt_rsmi.cc:675 NCCL WARN Could not read node # 10

nid007901:36711:37221 [0] /longer_pathname_so_that_rpms_can_support_packaging_the_debug_info_for_all_os_profiles/src/out/rhel-8.8/8.8/build/rccl/hipify/src/misc/alt_rsmi.cc:675 NCCL WARN Could not read node # 10

nid007901:36711:37221 [0] /longer_pathname_so_that_rpms_can_support_packaging_the_debug_info_for_all_os_profiles/src/out/rhel-8.8/8.8/build/rccl/hipify/src/misc/alt_rsmi.cc:716 NCCL WARN Could not read node # 9

nid007901:36711:37221 [0] /longer_pathname_so_that_rpms_can_support_packaging_the_debug_info_for_all_os_profiles/src/out/rhel-8.8/8.8/build/rccl/hipify/src/misc/alt_rsmi.cc:675 NCCL WARN Could not read node # 9

nid007901:36711:37221 [0] /longer_pathname_so_that_rpms_can_support_packaging_the_debug_info_for_all_os_profiles/src/out/rhel-8.8/8.8/build/rccl/hipify/src/misc/alt_rsmi.cc:675 NCCL WARN Could not read node # 9

nid007901:36711:37221 [0] /longer_pathname_so_that_rpms_can_support_packaging_the_debug_info_for_all_os_profiles/src/out/rhel-8.8/8.8/build/rccl/hipify/src/misc/alt_rsmi.cc:675 NCCL WARN Could not read node # 9

nid007901:36711:37221 [0] /longer_pathname_so_that_rpms_can_support_packaging_the_debug_info_for_all_os_profiles/src/out/rhel-8.8/8.8/build/rccl/hipify/src/misc/alt_rsmi.cc:675 NCCL WARN Could not read node # 9
nid007901:36711:37221 [0] NCCL INFO [node_id = 8; gpu_id = 13395; unique_id = 11431325537339659343; location_id = 53504; bdf = 53504; domain = 0; partition = 0], 
nid007901:36711:37221 [0] NCCL INFO initialized internal alternative rsmi functionality
nid007901:36711:37221 [0] NCCL INFO bootstrapSplit: comm 0x4a918a00 parent 0x4a7a1940 rank 0 nranks 1 color 59908776 key 0 prev 0 next 0 - DONE
nid007901:36711:37221 [0] NCCL INFO ncclCommSplit comm 0x4a918a00 rank 0 nranks 1 cudaDev 0 nvmlDev 0 busId d1000 parent 0x4a7a1940 color 59908776 key 0 commId 0x285b8359fd6eeddb - Init START
nid007901:36711:37221 [0] NCCL INFO initialized internal alternative rsmi functionality
nid007901:36711:37221 [0] NCCL INFO Setting affinity for GPU 0 to 02fe
nid007901:36711:37221 [0] NCCL INFO comm 0x4a918a00 rank 0 nRanks 1 nNodes 1 localRanks 1 localRank 0 MNNVL 0
nid007901:36711:37221 [0] NCCL INFO Channel 00/32 :    0
nid007901:36711:37221 [0] NCCL INFO Channel 01/32 :    0
nid007901:36711:37221 [0] NCCL INFO Channel 02/32 :    0
nid007901:36711:37221 [0] NCCL INFO Channel 03/32 :    0
nid007901:36711:37221 [0] NCCL INFO Channel 04/32 :    0
nid007901:36711:37221 [0] NCCL INFO Channel 05/32 :    0
nid007901:36711:37221 [0] NCCL INFO Channel 06/32 :    0
nid007901:36711:37221 [0] NCCL INFO Channel 07/32 :    0
nid007901:36711:37221 [0] NCCL INFO Channel 08/32 :    0
nid007901:36711:37221 [0] NCCL INFO Channel 09/32 :    0
nid007901:36711:37221 [0] NCCL INFO Channel 10/32 :    0
nid007901:36711:37221 [0] NCCL INFO Channel 11/32 :    0
nid007901:36711:37221 [0] NCCL INFO Channel 12/32 :    0
nid007901:36711:37221 [0] NCCL INFO Channel 13/32 :    0
nid007901:36711:37221 [0] NCCL INFO Channel 14/32 :    0
nid007901:36711:37221 [0] NCCL INFO Channel 15/32 :    0
nid007901:36711:37221 [0] NCCL INFO Channel 16/32 :    0
nid007901:36711:37221 [0] NCCL INFO Channel 17/32 :    0
nid007901:36711:37221 [0] NCCL INFO Channel 18/32 :    0
nid007901:36711:37221 [0] NCCL INFO Channel 19/32 :    0
nid007901:36711:37221 [0] NCCL INFO Channel 20/32 :    0
nid007901:36711:37221 [0] NCCL INFO Channel 21/32 :    0
nid007901:36711:37221 [0] NCCL INFO Channel 22/32 :    0
nid007901:36711:37221 [0] NCCL INFO Channel 23/32 :    0
nid007901:36711:37221 [0] NCCL INFO Channel 24/32 :    0
nid007901:36711:37221 [0] NCCL INFO Channel 25/32 :    0
nid007901:36711:37221 [0] NCCL INFO Channel 26/32 :    0
nid007901:36711:37221 [0] NCCL INFO Channel 27/32 :    0
nid007901:36711:37221 [0] NCCL INFO Channel 28/32 :    0
nid007901:36711:37221 [0] NCCL INFO Channel 29/32 :    0
nid007901:36711:37221 [0] NCCL INFO Channel 30/32 :    0
nid007901:36711:37221 [0] NCCL INFO Channel 31/32 :    0
nid007901:36711:37221 [0] NCCL INFO Trees [0] -1/-1/-1->0->-1 [1] -1/-1/-1->0->-1 [2] -1/-1/-1->0->-1 [3] -1/-1/-1->0->-1 [4] -1/-1/-1->0->-1 [5] -1/-1/-1->0->-1 [6] -1/-1/-1->0->-1 [7] -1/-1/-1->0->-1 [8] -1/-1/-1->0->-1 [9] -1/-1/-1->0->-1 [10] -1/-1/-1->0->-1 [11] -1/-1/-1->0->-1 [12] -1/-1/-1->0->-1 [13] -1/-1/-1->0->-1 [14] -1/-1/-1->0->-1 [15] -1/-1/-1->0->-1 [16] -1/-1/-1->0->-1 [17] -1/-1/-1->0->-1 [18] -1/-1/-1->0->-1 [19] -1/-1/-1->0->-1 [20] -1/-1/-1->0->-1 [21] -1/-1/-1->0->-1 [22] -1/-1/-1->0->-1 [23] -1/-1/-1->0->-1 [24] -1/-1/-1->0->-1 [25] -1/-1/-1->0->-1 [26] -1/-1/-1->0->-1 [27] -1/-1/-1->0->-1 [28] -1/-1/-1->0->-1 [29] -1/-1/-1->0->-1 [30] -1/-1/-1->0->-1 [31] -1/-1/-1->0->-1 comm 0x4a918a00 nRanks 01 busId d1000
nid007901:36711:37221 [0] NCCL INFO P2P Chunksize set to 131072
nid007901:36711:37221 [0] NCCL INFO 32 coll channels, 32 collnet channels, 0 nvls channels, 32 p2p channels, 32 p2p channels per peer
nid007901:36711:37221 [0] NCCL INFO CC Off, Multi-GPU CC Off, workFifoBytes 1048576
nid007901:36711:37221 [0] NCCL INFO ncclCommSplit comm 0x4a918a00 rank 0 nranks 1 cudaDev 0 nvmlDev 0 busId d1000 parent 0x4a7a1940 color 59908776 key 0 commId 0x285b8359fd6eeddb localSize 272 used 303809952 bytes on core 9 - Init COMPLETE
nid007901:36711:37221 [0] NCCL INFO Init timings: rank 0 nranks 1 total 0.11 (kernels 0.00, bootstrap 0.01, allgathers 0.00, topo 0.09, graphs 0.00, connections 0.01, rest 0.00)
nid007901:36711:36711 [0] NCCL INFO Comm config Blocking set to 1
nid007901:36711:37227 [0] NCCL INFO Using network Socket

nid007901:36711:37227 [0] /longer_pathname_so_that_rpms_can_support_packaging_the_debug_info_for_all_os_profiles/src/out/rhel-8.8/8.8/build/rccl/hipify/src/misc/alt_rsmi.cc:716 NCCL WARN Could not read node # 7

nid007901:36711:37227 [0] /longer_pathname_so_that_rpms_can_support_packaging_the_debug_info_for_all_os_profiles/src/out/rhel-8.8/8.8/build/rccl/hipify/src/misc/alt_rsmi.cc:675 NCCL WARN Could not read node # 7

nid007901:36711:37227 [0] /longer_pathname_so_that_rpms_can_support_packaging_the_debug_info_for_all_os_profiles/src/out/rhel-8.8/8.8/build/rccl/hipify/src/misc/alt_rsmi.cc:675 NCCL WARN Could not read node # 7

nid007901:36711:37227 [0] /longer_pathname_so_that_rpms_can_support_packaging_the_debug_info_for_all_os_profiles/src/out/rhel-8.8/8.8/build/rccl/hipify/src/misc/alt_rsmi.cc:675 NCCL WARN Could not read node # 7

nid007901:36711:37227 [0] /longer_pathname_so_that_rpms_can_support_packaging_the_debug_info_for_all_os_profiles/src/out/rhel-8.8/8.8/build/rccl/hipify/src/misc/alt_rsmi.cc:675 NCCL WARN Could not read node # 7

nid007901:36711:37227 [0] /longer_pathname_so_that_rpms_can_support_packaging_the_debug_info_for_all_os_profiles/src/out/rhel-8.8/8.8/build/rccl/hipify/src/misc/alt_rsmi.cc:716 NCCL WARN Could not read node # 5

nid007901:36711:37227 [0] /longer_pathname_so_that_rpms_can_support_packaging_the_debug_info_for_all_os_profiles/src/out/rhel-8.8/8.8/build/rccl/hipify/src/misc/alt_rsmi.cc:675 NCCL WARN Could not read node # 5

nid007901:36711:37227 [0] /longer_pathname_so_that_rpms_can_support_packaging_the_debug_info_for_all_os_profiles/src/out/rhel-8.8/8.8/build/rccl/hipify/src/misc/alt_rsmi.cc:675 NCCL WARN Could not read node # 5

nid007901:36711:37227 [0] /longer_pathname_so_that_rpms_can_support_packaging_the_debug_info_for_all_os_profiles/src/out/rhel-8.8/8.8/build/rccl/hipify/src/misc/alt_rsmi.cc:675 NCCL WARN Could not read node # 5

nid007901:36711:37227 [0] /longer_pathname_so_that_rpms_can_support_packaging_the_debug_info_for_all_os_profiles/src/out/rhel-8.8/8.8/build/rccl/hipify/src/misc/alt_rsmi.cc:675 NCCL WARN Could not read node # 5

nid007901:36711:37227 [0] /longer_pathname_so_that_rpms_can_support_packaging_the_debug_info_for_all_os_profiles/src/out/rhel-8.8/8.8/build/rccl/hipify/src/misc/alt_rsmi.cc:716 NCCL WARN Could not read node # 11

nid007901:36711:37227 [0] /longer_pathname_so_that_rpms_can_support_packaging_the_debug_info_for_all_os_profiles/src/out/rhel-8.8/8.8/build/rccl/hipify/src/misc/alt_rsmi.cc:675 NCCL WARN Could not read node # 11

nid007901:36711:37227 [0] /longer_pathname_so_that_rpms_can_support_packaging_the_debug_info_for_all_os_profiles/src/out/rhel-8.8/8.8/build/rccl/hipify/src/misc/alt_rsmi.cc:675 NCCL WARN Could not read node # 11

nid007901:36711:37227 [0] /longer_pathname_so_that_rpms_can_support_packaging_the_debug_info_for_all_os_profiles/src/out/rhel-8.8/8.8/build/rccl/hipify/src/misc/alt_rsmi.cc:675 NCCL WARN Could not read node # 11

nid007901:36711:37227 [0] /longer_pathname_so_that_rpms_can_support_packaging_the_debug_info_for_all_os_profiles/src/out/rhel-8.8/8.8/build/rccl/hipify/src/misc/alt_rsmi.cc:675 NCCL WARN Could not read node # 11

nid007901:36711:37227 [0] /longer_pathname_so_that_rpms_can_support_packaging_the_debug_info_for_all_os_profiles/src/out/rhel-8.8/8.8/build/rccl/hipify/src/misc/alt_rsmi.cc:716 NCCL WARN Could not read node # 6

nid007901:36711:37227 [0] /longer_pathname_so_that_rpms_can_support_packaging_the_debug_info_for_all_os_profiles/src/out/rhel-8.8/8.8/build/rccl/hipify/src/misc/alt_rsmi.cc:675 NCCL WARN Could not read node # 6

nid007901:36711:37227 [0] /longer_pathname_so_that_rpms_can_support_packaging_the_debug_info_for_all_os_profiles/src/out/rhel-8.8/8.8/build/rccl/hipify/src/misc/alt_rsmi.cc:675 NCCL WARN Could not read node # 6

nid007901:36711:37227 [0] /longer_pathname_so_that_rpms_can_support_packaging_the_debug_info_for_all_os_profiles/src/out/rhel-8.8/8.8/build/rccl/hipify/src/misc/alt_rsmi.cc:675 NCCL WARN Could not read node # 6

nid007901:36711:37227 [0] /longer_pathname_so_that_rpms_can_support_packaging_the_debug_info_for_all_os_profiles/src/out/rhel-8.8/8.8/build/rccl/hipify/src/misc/alt_rsmi.cc:675 NCCL WARN Could not read node # 6

nid007901:36711:37227 [0] /longer_pathname_so_that_rpms_can_support_packaging_the_debug_info_for_all_os_profiles/src/out/rhel-8.8/8.8/build/rccl/hipify/src/misc/alt_rsmi.cc:716 NCCL WARN Could not read node # 4

nid007901:36711:37227 [0] /longer_pathname_so_that_rpms_can_support_packaging_the_debug_info_for_all_os_profiles/src/out/rhel-8.8/8.8/build/rccl/hipify/src/misc/alt_rsmi.cc:675 NCCL WARN Could not read node # 4

nid007901:36711:37227 [0] /longer_pathname_so_that_rpms_can_support_packaging_the_debug_info_for_all_os_profiles/src/out/rhel-8.8/8.8/build/rccl/hipify/src/misc/alt_rsmi.cc:675 NCCL WARN Could not read node # 4

nid007901:36711:37227 [0] /longer_pathname_so_that_rpms_can_support_packaging_the_debug_info_for_all_os_profiles/src/out/rhel-8.8/8.8/build/rccl/hipify/src/misc/alt_rsmi.cc:675 NCCL WARN Could not read node # 4

nid007901:36711:37227 [0] /longer_pathname_so_that_rpms_can_support_packaging_the_debug_info_for_all_os_profiles/src/out/rhel-8.8/8.8/build/rccl/hipify/src/misc/alt_rsmi.cc:675 NCCL WARN Could not read node # 4

nid007901:36711:37227 [0] /longer_pathname_so_that_rpms_can_support_packaging_the_debug_info_for_all_os_profiles/src/out/rhel-8.8/8.8/build/rccl/hipify/src/misc/alt_rsmi.cc:716 NCCL WARN Could not read node # 10

nid007901:36711:37227 [0] /longer_pathname_so_that_rpms_can_support_packaging_the_debug_info_for_all_os_profiles/src/out/rhel-8.8/8.8/build/rccl/hipify/src/misc/alt_rsmi.cc:675 NCCL WARN Could not read node # 10

nid007901:36711:37227 [0] /longer_pathname_so_that_rpms_can_support_packaging_the_debug_info_for_all_os_profiles/src/out/rhel-8.8/8.8/build/rccl/hipify/src/misc/alt_rsmi.cc:675 NCCL WARN Could not read node # 10

nid007901:36711:37227 [0] /longer_pathname_so_that_rpms_can_support_packaging_the_debug_info_for_all_os_profiles/src/out/rhel-8.8/8.8/build/rccl/hipify/src/misc/alt_rsmi.cc:675 NCCL WARN Could not read node # 10

nid007901:36711:37227 [0] /longer_pathname_so_that_rpms_can_support_packaging_the_debug_info_for_all_os_profiles/src/out/rhel-8.8/8.8/build/rccl/hipify/src/misc/alt_rsmi.cc:675 NCCL WARN Could not read node # 10

nid007901:36711:37227 [0] /longer_pathname_so_that_rpms_can_support_packaging_the_debug_info_for_all_os_profiles/src/out/rhel-8.8/8.8/build/rccl/hipify/src/misc/alt_rsmi.cc:716 NCCL WARN Could not read node # 9

nid007901:36711:37227 [0] /longer_pathname_so_that_rpms_can_support_packaging_the_debug_info_for_all_os_profiles/src/out/rhel-8.8/8.8/build/rccl/hipify/src/misc/alt_rsmi.cc:675 NCCL WARN Could not read node # 9

nid007901:36711:37227 [0] /longer_pathname_so_that_rpms_can_support_packaging_the_debug_info_for_all_os_profiles/src/out/rhel-8.8/8.8/build/rccl/hipify/src/misc/alt_rsmi.cc:675 NCCL WARN Could not read node # 9

nid007901:36711:37227 [0] /longer_pathname_so_that_rpms_can_support_packaging_the_debug_info_for_all_os_profiles/src/out/rhel-8.8/8.8/build/rccl/hipify/src/misc/alt_rsmi.cc:675 NCCL WARN Could not read node # 9

nid007901:36711:37227 [0] /longer_pathname_so_that_rpms_can_support_packaging_the_debug_info_for_all_os_profiles/src/out/rhel-8.8/8.8/build/rccl/hipify/src/misc/alt_rsmi.cc:675 NCCL WARN Could not read node # 9
nid007901:36711:37227 [0] NCCL INFO [node_id = 8; gpu_id = 13395; unique_id = 11431325537339659343; location_id = 53504; bdf = 53504; domain = 0; partition = 0], 
nid007901:36711:37227 [0] NCCL INFO initialized internal alternative rsmi functionality
nid007901:36711:37227 [0] NCCL INFO bootstrapSplit: comm 0x4a9d4260 parent 0x4a7a1940 rank 0 nranks 1 color 59908776 key 0 prev 0 next 0 - DONE
nid007901:36711:37227 [0] NCCL INFO ncclCommSplit comm 0x4a9d4260 rank 0 nranks 1 cudaDev 0 nvmlDev 0 busId d1000 parent 0x4a7a1940 color 59908776 key 0 commId 0x285b8359fd6eeddb - Init START
nid007901:36711:37227 [0] NCCL INFO initialized internal alternative rsmi functionality
nid007901:36711:37227 [0] NCCL INFO Setting affinity for GPU 0 to 02fe
nid007901:36711:37227 [0] NCCL INFO comm 0x4a9d4260 rank 0 nRanks 1 nNodes 1 localRanks 1 localRank 0 MNNVL 0
nid007901:36711:37227 [0] NCCL INFO Channel 00/32 :    0
nid007901:36711:37227 [0] NCCL INFO Channel 01/32 :    0
nid007901:36711:37227 [0] NCCL INFO Channel 02/32 :    0
nid007901:36711:37227 [0] NCCL INFO Channel 03/32 :    0
nid007901:36711:37227 [0] NCCL INFO Channel 04/32 :    0
nid007901:36711:37227 [0] NCCL INFO Channel 05/32 :    0
nid007901:36711:37227 [0] NCCL INFO Channel 06/32 :    0
nid007901:36711:37227 [0] NCCL INFO Channel 07/32 :    0
nid007901:36711:37227 [0] NCCL INFO Channel 08/32 :    0
nid007901:36711:37227 [0] NCCL INFO Channel 09/32 :    0
nid007901:36711:37227 [0] NCCL INFO Channel 10/32 :    0
nid007901:36711:37227 [0] NCCL INFO Channel 11/32 :    0
nid007901:36711:37227 [0] NCCL INFO Channel 12/32 :    0
nid007901:36711:37227 [0] NCCL INFO Channel 13/32 :    0
nid007901:36711:37227 [0] NCCL INFO Channel 14/32 :    0
nid007901:36711:37227 [0] NCCL INFO Channel 15/32 :    0
nid007901:36711:37227 [0] NCCL INFO Channel 16/32 :    0
nid007901:36711:37227 [0] NCCL INFO Channel 17/32 :    0
nid007901:36711:37227 [0] NCCL INFO Channel 18/32 :    0
nid007901:36711:37227 [0] NCCL INFO Channel 19/32 :    0
nid007901:36711:37227 [0] NCCL INFO Channel 20/32 :    0
nid007901:36711:37227 [0] NCCL INFO Channel 21/32 :    0
nid007901:36711:37227 [0] NCCL INFO Channel 22/32 :    0
nid007901:36711:37227 [0] NCCL INFO Channel 23/32 :    0
nid007901:36711:37227 [0] NCCL INFO Channel 24/32 :    0
nid007901:36711:37227 [0] NCCL INFO Channel 25/32 :    0
nid007901:36711:37227 [0] NCCL INFO Channel 26/32 :    0
nid007901:36711:37227 [0] NCCL INFO Channel 27/32 :    0
nid007901:36711:37227 [0] NCCL INFO Channel 28/32 :    0
nid007901:36711:37227 [0] NCCL INFO Channel 29/32 :    0
nid007901:36711:37227 [0] NCCL INFO Channel 30/32 :    0
nid007901:36711:37227 [0] NCCL INFO Channel 31/32 :    0
nid007901:36711:37227 [0] NCCL INFO Trees [0] -1/-1/-1->0->-1 [1] -1/-1/-1->0->-1 [2] -1/-1/-1->0->-1 [3] -1/-1/-1->0->-1 [4] -1/-1/-1->0->-1 [5] -1/-1/-1->0->-1 [6] -1/-1/-1->0->-1 [7] -1/-1/-1->0->-1 [8] -1/-1/-1->0->-1 [9] -1/-1/-1->0->-1 [10] -1/-1/-1->0->-1 [11] -1/-1/-1->0->-1 [12] -1/-1/-1->0->-1 [13] -1/-1/-1->0->-1 [14] -1/-1/-1->0->-1 [15] -1/-1/-1->0->-1 [16] -1/-1/-1->0->-1 [17] -1/-1/-1->0->-1 [18] -1/-1/-1->0->-1 [19] -1/-1/-1->0->-1 [20] -1/-1/-1->0->-1 [21] -1/-1/-1->0->-1 [22] -1/-1/-1->0->-1 [23] -1/-1/-1->0->-1 [24] -1/-1/-1->0->-1 [25] -1/-1/-1->0->-1 [26] -1/-1/-1->0->-1 [27] -1/-1/-1->0->-1 [28] -1/-1/-1->0->-1 [29] -1/-1/-1->0->-1 [30] -1/-1/-1->0->-1 [31] -1/-1/-1->0->-1 comm 0x4a9d4260 nRanks 01 busId d1000
nid007901:36711:37227 [0] NCCL INFO P2P Chunksize set to 131072
nid007901:36711:37227 [0] NCCL INFO 32 coll channels, 32 collnet channels, 0 nvls channels, 32 p2p channels, 32 p2p channels per peer
nid007901:36711:37227 [0] NCCL INFO CC Off, Multi-GPU CC Off, workFifoBytes 1048576
nid007901:36711:37227 [0] NCCL INFO ncclCommSplit comm 0x4a9d4260 rank 0 nranks 1 cudaDev 0 nvmlDev 0 busId d1000 parent 0x4a7a1940 color 59908776 key 0 commId 0x285b8359fd6eeddb localSize 272 used 405079936 bytes on core 9 - Init COMPLETE
nid007901:36711:37227 [0] NCCL INFO Init timings: rank 0 nranks 1 total 0.12 (kernels 0.00, bootstrap 0.01, allgathers 0.00, topo 0.08, graphs 0.00, connections 0.02, rest 0.00)
Running with DeepSpeed MoE backend
[Rank 0] time (ms) | fwd_microstep: 1826.66 | bwd_microstep: 788.16 | bwd_inner_microstep: 786.22 | bwd_allreduce_microstep: 1.81 | step_microstep: 51.12
[Rank 0] time (ms) | fwd: 1826.64 | bwd: 788.18 | bwd_inner: 786.28 | bwd_allreduce: 1.80 | step: 51.11
[Rank 0] time (ms) | fwd_microstep: 9.60 | bwd_microstep: 9.28 | bwd_inner_microstep: 8.45 | bwd_allreduce_microstep: 0.80 | step_microstep: 16.45
[Rank 0] time (ms) | fwd: 9.59 | bwd: 9.28 | bwd_inner: 8.45 | bwd_allreduce: 0.80 | step: 16.44
[Rank 0] time (ms) | fwd_microstep: 9.31 | bwd_microstep: 9.26 | bwd_inner_microstep: 8.43 | bwd_allreduce_microstep: 0.80 | step_microstep: 16.51
[Rank 0] time (ms) | fwd: 9.30 | bwd: 9.26 | bwd_inner: 8.43 | bwd_allreduce: 0.80 | step: 16.51
[Rank 0] time (ms) | fwd_microstep: 9.32 | bwd_microstep: 9.23 | bwd_inner_microstep: 8.41 | bwd_allreduce_microstep: 0.80 | step_microstep: 16.53
[Rank 0] time (ms) | fwd: 9.32 | bwd: 9.23 | bwd_inner: 8.41 | bwd_allreduce: 0.80 | step: 16.53
[Rank 0] time (ms) | fwd_microstep: 9.35 | bwd_microstep: 9.25 | bwd_inner_microstep: 8.42 | bwd_allreduce_microstep: 0.80 | step_microstep: 16.50
[Rank 0] time (ms) | fwd: 9.34 | bwd: 9.25 | bwd_inner: 8.42 | bwd_allreduce: 0.80 | step: 16.49
[Rank 0] time (ms) | fwd_microstep: 9.40 | bwd_microstep: 9.27 | bwd_inner_microstep: 8.45 | bwd_allreduce_microstep: 0.79 | step_microstep: 16.47
[Rank 0] time (ms) | fwd: 9.40 | bwd: 9.27 | bwd_inner: 8.45 | bwd_allreduce: 0.79 | step: 16.47
[Rank 0] time (ms) | fwd_microstep: 9.36 | bwd_microstep: 9.24 | bwd_inner_microstep: 8.41 | bwd_allreduce_microstep: 0.80 | step_microstep: 16.55
[Rank 0] time (ms) | fwd: 9.36 | bwd: 9.24 | bwd_inner: 8.41 | bwd_allreduce: 0.80 | step: 16.55
[Rank 0] time (ms) | fwd_microstep: 9.45 | bwd_microstep: 9.27 | bwd_inner_microstep: 8.44 | bwd_allreduce_microstep: 0.80 | step_microstep: 16.45
[Rank 0] time (ms) | fwd: 9.44 | bwd: 9.27 | bwd_inner: 8.44 | bwd_allreduce: 0.80 | step: 16.45
[Rank 0] time (ms) | fwd_microstep: 9.53 | bwd_microstep: 9.25 | bwd_inner_microstep: 8.41 | bwd_allreduce_microstep: 0.80 | step_microstep: 16.59
[Rank 0] time (ms) | fwd: 9.52 | bwd: 9.25 | bwd_inner: 8.41 | bwd_allreduce: 0.80 | step: 16.60
[Rank 0] time (ms) | fwd_microstep: 9.46 | bwd_microstep: 9.25 | bwd_inner_microstep: 8.42 | bwd_allreduce_microstep: 0.80 | step_microstep: 16.87
[Rank 0] time (ms) | fwd: 9.45 | bwd: 9.25 | bwd_inner: 8.42 | bwd_allreduce: 0.80 | step: 16.87
step=10 step_time=0.0383s tok/s=106813.64 mem_alloc=2466733056
[Rank 0] time (ms) | fwd_microstep: 9.44 | bwd_microstep: 9.26 | bwd_inner_microstep: 8.44 | bwd_allreduce_microstep: 0.80 | step_microstep: 16.53
[Rank 0] time (ms) | fwd: 9.43 | bwd: 9.26 | bwd_inner: 8.44 | bwd_allreduce: 0.80 | step: 16.53
[Rank 0] time (ms) | fwd_microstep: 9.44 | bwd_microstep: 9.25 | bwd_inner_microstep: 8.42 | bwd_allreduce_microstep: 0.80 | step_microstep: 16.45
[Rank 0] time (ms) | fwd: 9.43 | bwd: 9.25 | bwd_inner: 8.42 | bwd_allreduce: 0.80 | step: 16.44
[Rank 0] time (ms) | fwd_microstep: 9.51 | bwd_microstep: 9.24 | bwd_inner_microstep: 8.41 | bwd_allreduce_microstep: 0.80 | step_microstep: 16.42
[Rank 0] time (ms) | fwd: 9.51 | bwd: 9.24 | bwd_inner: 8.41 | bwd_allreduce: 0.80 | step: 16.44
[Rank 0] time (ms) | fwd_microstep: 9.59 | bwd_microstep: 9.23 | bwd_inner_microstep: 8.40 | bwd_allreduce_microstep: 0.79 | step_microstep: 16.45
[Rank 0] time (ms) | fwd: 9.58 | bwd: 9.23 | bwd_inner: 8.40 | bwd_allreduce: 0.79 | step: 16.45
[Rank 0] time (ms) | fwd_microstep: 9.68 | bwd_microstep: 9.25 | bwd_inner_microstep: 8.42 | bwd_allreduce_microstep: 0.80 | step_microstep: 16.76
[Rank 0] time (ms) | fwd: 9.68 | bwd: 9.25 | bwd_inner: 8.42 | bwd_allreduce: 0.80 | step: 16.76
[Rank 0] time (ms) | fwd_microstep: 9.45 | bwd_microstep: 9.24 | bwd_inner_microstep: 8.42 | bwd_allreduce_microstep: 0.80 | step_microstep: 16.46
[Rank 0] time (ms) | fwd: 9.45 | bwd: 9.24 | bwd_inner: 8.42 | bwd_allreduce: 0.80 | step: 16.46
[Rank 0] time (ms) | fwd_microstep: 9.54 | bwd_microstep: 9.24 | bwd_inner_microstep: 8.42 | bwd_allreduce_microstep: 0.79 | step_microstep: 16.50
[Rank 0] time (ms) | fwd: 9.54 | bwd: 9.24 | bwd_inner: 8.42 | bwd_allreduce: 0.79 | step: 16.51
[Rank 0] time (ms) | fwd_microstep: 9.59 | bwd_microstep: 9.26 | bwd_inner_microstep: 8.43 | bwd_allreduce_microstep: 0.80 | step_microstep: 16.65
[Rank 0] time (ms) | fwd: 9.59 | bwd: 9.26 | bwd_inner: 8.44 | bwd_allreduce: 0.80 | step: 16.65
[Rank 0] time (ms) | fwd_microstep: 9.63 | bwd_microstep: 9.25 | bwd_inner_microstep: 8.42 | bwd_allreduce_microstep: 0.80 | step_microstep: 16.67
[Rank 0] time (ms) | fwd: 9.63 | bwd: 9.25 | bwd_inner: 8.42 | bwd_allreduce: 0.80 | step: 16.67
[Rank 0] time (ms) | fwd_microstep: 9.80 | bwd_microstep: 9.26 | bwd_inner_microstep: 8.43 | bwd_allreduce_microstep: 0.80 | step_microstep: 17.14
[Rank 0] time (ms) | fwd: 9.79 | bwd: 9.26 | bwd_inner: 8.43 | bwd_allreduce: 0.80 | step: 17.14
step=20 step_time=0.0390s tok/s=104903.53 mem_alloc=2466733056
[Rank 0] time (ms) | fwd_microstep: 9.70 | bwd_microstep: 9.26 | bwd_inner_microstep: 8.43 | bwd_allreduce_microstep: 0.80 | step_microstep: 16.52
[Rank 0] time (ms) | fwd: 9.70 | bwd: 9.26 | bwd_inner: 8.43 | bwd_allreduce: 0.80 | step: 16.52
[Rank 0] time (ms) | fwd_microstep: 9.82 | bwd_microstep: 9.25 | bwd_inner_microstep: 8.43 | bwd_allreduce_microstep: 0.80 | step_microstep: 16.79
[Rank 0] time (ms) | fwd: 9.82 | bwd: 9.25 | bwd_inner: 8.43 | bwd_allreduce: 0.80 | step: 16.80
[Rank 0] time (ms) | fwd_microstep: 9.93 | bwd_microstep: 9.24 | bwd_inner_microstep: 8.41 | bwd_allreduce_microstep: 0.80 | step_microstep: 16.62
[Rank 0] time (ms) | fwd: 9.93 | bwd: 9.24 | bwd_inner: 8.41 | bwd_allreduce: 0.80 | step: 16.62
[Rank 0] time (ms) | fwd_microstep: 9.60 | bwd_microstep: 9.26 | bwd_inner_microstep: 8.43 | bwd_allreduce_microstep: 0.80 | step_microstep: 16.51
[Rank 0] time (ms) | fwd: 9.60 | bwd: 9.26 | bwd_inner: 8.43 | bwd_allreduce: 0.80 | step: 16.51
[Rank 0] time (ms) | fwd_microstep: 10.34 | bwd_microstep: 9.26 | bwd_inner_microstep: 8.43 | bwd_allreduce_microstep: 0.80 | step_microstep: 16.68
[Rank 0] time (ms) | fwd: 10.34 | bwd: 9.26 | bwd_inner: 8.43 | bwd_allreduce: 0.80 | step: 16.68
[Rank 0] time (ms) | fwd_microstep: 10.12 | bwd_microstep: 9.26 | bwd_inner_microstep: 8.43 | bwd_allreduce_microstep: 0.80 | step_microstep: 16.77
[Rank 0] time (ms) | fwd: 10.11 | bwd: 9.26 | bwd_inner: 8.43 | bwd_allreduce: 0.80 | step: 16.74
[Rank 0] time (ms) | fwd_microstep: 9.82 | bwd_microstep: 9.25 | bwd_inner_microstep: 8.42 | bwd_allreduce_microstep: 0.81 | step_microstep: 16.63
[Rank 0] time (ms) | fwd: 9.81 | bwd: 9.26 | bwd_inner: 8.42 | bwd_allreduce: 0.81 | step: 16.63
[Rank 0] time (ms) | fwd_microstep: 9.80 | bwd_microstep: 9.27 | bwd_inner_microstep: 8.45 | bwd_allreduce_microstep: 0.80 | step_microstep: 16.45
[Rank 0] time (ms) | fwd: 9.79 | bwd: 9.27 | bwd_inner: 8.45 | bwd_allreduce: 0.80 | step: 16.45
[Rank 0] time (ms) | fwd_microstep: 9.84 | bwd_microstep: 9.26 | bwd_inner_microstep: 8.44 | bwd_allreduce_microstep: 0.80 | step_microstep: 16.58
[Rank 0] time (ms) | fwd: 9.83 | bwd: 9.26 | bwd_inner: 8.44 | bwd_allreduce: 0.80 | step: 16.58
[Rank 0] time (ms) | fwd_microstep: 9.80 | bwd_microstep: 9.25 | bwd_inner_microstep: 8.43 | bwd_allreduce_microstep: 0.80 | step_microstep: 16.79
[Rank 0] time (ms) | fwd: 9.79 | bwd: 9.25 | bwd_inner: 8.43 | bwd_allreduce: 0.80 | step: 16.79
step=30 step_time=0.0386s tok/s=106040.08 mem_alloc=2466733056
[Rank 0] time (ms) | fwd_microstep: 9.87 | bwd_microstep: 9.26 | bwd_inner_microstep: 8.43 | bwd_allreduce_microstep: 0.80 | step_microstep: 16.42
[Rank 0] time (ms) | fwd: 9.86 | bwd: 9.26 | bwd_inner: 8.43 | bwd_allreduce: 0.80 | step: 16.43
[Rank 0] time (ms) | fwd_microstep: 9.85 | bwd_microstep: 9.26 | bwd_inner_microstep: 8.43 | bwd_allreduce_microstep: 0.80 | step_microstep: 16.61
[Rank 0] time (ms) | fwd: 9.85 | bwd: 9.26 | bwd_inner: 8.43 | bwd_allreduce: 0.80 | step: 16.61
[Rank 0] time (ms) | fwd_microstep: 9.92 | bwd_microstep: 9.26 | bwd_inner_microstep: 8.42 | bwd_allreduce_microstep: 0.80 | step_microstep: 16.49
[Rank 0] time (ms) | fwd: 9.91 | bwd: 9.26 | bwd_inner: 8.42 | bwd_allreduce: 0.80 | step: 16.49
[Rank 0] time (ms) | fwd_microstep: 9.96 | bwd_microstep: 9.26 | bwd_inner_microstep: 8.43 | bwd_allreduce_microstep: 0.80 | step_microstep: 16.52
[Rank 0] time (ms) | fwd: 9.96 | bwd: 9.26 | bwd_inner: 8.43 | bwd_allreduce: 0.80 | step: 16.52
[Rank 0] time (ms) | fwd_microstep: 9.94 | bwd_microstep: 9.27 | bwd_inner_microstep: 8.44 | bwd_allreduce_microstep: 0.80 | step_microstep: 16.47
[Rank 0] time (ms) | fwd: 9.94 | bwd: 9.27 | bwd_inner: 8.44 | bwd_allreduce: 0.80 | step: 16.48
[Rank 0] time (ms) | fwd_microstep: 10.01 | bwd_microstep: 9.25 | bwd_inner_microstep: 8.42 | bwd_allreduce_microstep: 0.80 | step_microstep: 16.52
[Rank 0] time (ms) | fwd: 10.01 | bwd: 9.25 | bwd_inner: 8.42 | bwd_allreduce: 0.80 | step: 16.52
[Rank 0] time (ms) | fwd_microstep: 10.10 | bwd_microstep: 9.26 | bwd_inner_microstep: 8.43 | bwd_allreduce_microstep: 0.80 | step_microstep: 16.65
[Rank 0] time (ms) | fwd: 10.09 | bwd: 9.26 | bwd_inner: 8.43 | bwd_allreduce: 0.80 | step: 16.66
[Rank 0] time (ms) | fwd_microstep: 10.62 | bwd_microstep: 9.24 | bwd_inner_microstep: 8.41 | bwd_allreduce_microstep: 0.80 | step_microstep: 16.72
[Rank 0] time (ms) | fwd: 10.61 | bwd: 9.24 | bwd_inner: 8.41 | bwd_allreduce: 0.80 | step: 16.72
[Rank 0] time (ms) | fwd_microstep: 10.31 | bwd_microstep: 9.25 | bwd_inner_microstep: 8.42 | bwd_allreduce_microstep: 0.80 | step_microstep: 16.59
[Rank 0] time (ms) | fwd: 10.30 | bwd: 9.25 | bwd_inner: 8.42 | bwd_allreduce: 0.80 | step: 16.59
[Rank 0] time (ms) | fwd_microstep: 10.49 | bwd_microstep: 9.26 | bwd_inner_microstep: 8.44 | bwd_allreduce_microstep: 0.80 | step_microstep: 17.08
[Rank 0] time (ms) | fwd: 10.48 | bwd: 9.26 | bwd_inner: 8.44 | bwd_allreduce: 0.80 | step: 17.08
step=40 step_time=0.0397s tok/s=103075.08 mem_alloc=2466733056
[Rank 0] time (ms) | fwd_microstep: 10.60 | bwd_microstep: 9.26 | bwd_inner_microstep: 8.44 | bwd_allreduce_microstep: 0.80 | step_microstep: 16.78
[Rank 0] time (ms) | fwd: 10.59 | bwd: 9.26 | bwd_inner: 8.44 | bwd_allreduce: 0.80 | step: 16.77
[Rank 0] time (ms) | fwd_microstep: 10.31 | bwd_microstep: 9.27 | bwd_inner_microstep: 8.45 | bwd_allreduce_microstep: 0.79 | step_microstep: 16.54
[Rank 0] time (ms) | fwd: 10.31 | bwd: 9.27 | bwd_inner: 8.45 | bwd_allreduce: 0.79 | step: 16.54
[Rank 0] time (ms) | fwd_microstep: 10.36 | bwd_microstep: 9.27 | bwd_inner_microstep: 8.44 | bwd_allreduce_microstep: 0.80 | step_microstep: 16.53
[Rank 0] time (ms) | fwd: 10.36 | bwd: 9.27 | bwd_inner: 8.44 | bwd_allreduce: 0.80 | step: 16.53
[Rank 0] time (ms) | fwd_microstep: 10.34 | bwd_microstep: 9.24 | bwd_inner_microstep: 8.42 | bwd_allreduce_microstep: 0.79 | step_microstep: 16.53
[Rank 0] time (ms) | fwd: 10.33 | bwd: 9.24 | bwd_inner: 8.42 | bwd_allreduce: 0.79 | step: 16.53
[Rank 0] time (ms) | fwd_microstep: 10.40 | bwd_microstep: 9.27 | bwd_inner_microstep: 8.43 | bwd_allreduce_microstep: 0.80 | step_microstep: 16.54
[Rank 0] time (ms) | fwd: 10.40 | bwd: 9.27 | bwd_inner: 8.43 | bwd_allreduce: 0.80 | step: 16.54
[Rank 0] time (ms) | fwd_microstep: 10.41 | bwd_microstep: 9.27 | bwd_inner_microstep: 8.45 | bwd_allreduce_microstep: 0.79 | step_microstep: 16.61
[Rank 0] time (ms) | fwd: 10.40 | bwd: 9.27 | bwd_inner: 8.45 | bwd_allreduce: 0.79 | step: 16.61
[Rank 0] time (ms) | fwd_microstep: 10.43 | bwd_microstep: 9.26 | bwd_inner_microstep: 8.43 | bwd_allreduce_microstep: 0.80 | step_microstep: 16.47
[Rank 0] time (ms) | fwd: 10.42 | bwd: 9.26 | bwd_inner: 8.43 | bwd_allreduce: 0.80 | step: 16.47
[Rank 0] time (ms) | fwd_microstep: 10.51 | bwd_microstep: 9.26 | bwd_inner_microstep: 8.44 | bwd_allreduce_microstep: 0.79 | step_microstep: 16.44
[Rank 0] time (ms) | fwd: 10.51 | bwd: 9.26 | bwd_inner: 8.44 | bwd_allreduce: 0.79 | step: 16.44
[Rank 0] time (ms) | fwd_microstep: 10.53 | bwd_microstep: 9.26 | bwd_inner_microstep: 8.43 | bwd_allreduce_microstep: 0.79 | step_microstep: 16.52
[Rank 0] time (ms) | fwd: 10.52 | bwd: 9.26 | bwd_inner: 8.43 | bwd_allreduce: 0.79 | step: 16.52
[Rank 0] time (ms) | fwd_microstep: 10.57 | bwd_microstep: 9.25 | bwd_inner_microstep: 8.43 | bwd_allreduce_microstep: 0.79 | step_microstep: 16.87
[Rank 0] time (ms) | fwd: 10.57 | bwd: 9.25 | bwd_inner: 8.43 | bwd_allreduce: 0.79 | step: 16.87
step=50 step_time=0.0395s tok/s=103712.91 mem_alloc=2466733056
[Rank 0] time (ms) | fwd_microstep: 10.59 | bwd_microstep: 9.26 | bwd_inner_microstep: 8.43 | bwd_allreduce_microstep: 0.80 | step_microstep: 16.42
[Rank 0] time (ms) | fwd: 10.59 | bwd: 9.26 | bwd_inner: 8.43 | bwd_allreduce: 0.80 | step: 16.42
[Rank 0] time (ms) | fwd_microstep: 10.67 | bwd_microstep: 9.25 | bwd_inner_microstep: 8.43 | bwd_allreduce_microstep: 0.79 | step_microstep: 16.50
[Rank 0] time (ms) | fwd: 10.67 | bwd: 9.25 | bwd_inner: 8.43 | bwd_allreduce: 0.79 | step: 16.50
[Rank 0] time (ms) | fwd_microstep: 10.79 | bwd_microstep: 9.26 | bwd_inner_microstep: 8.43 | bwd_allreduce_microstep: 0.80 | step_microstep: 16.50
[Rank 0] time (ms) | fwd: 10.79 | bwd: 9.26 | bwd_inner: 8.43 | bwd_allreduce: 0.80 | step: 16.51
[Rank 0] time (ms) | fwd_microstep: 10.73 | bwd_microstep: 9.26 | bwd_inner_microstep: 8.44 | bwd_allreduce_microstep: 0.79 | step_microstep: 16.58
[Rank 0] time (ms) | fwd: 10.73 | bwd: 9.26 | bwd_inner: 8.44 | bwd_allreduce: 0.79 | step: 16.58
[Rank 0] time (ms) | fwd_microstep: 10.78 | bwd_microstep: 9.25 | bwd_inner_microstep: 8.42 | bwd_allreduce_microstep: 0.80 | step_microstep: 16.54
[Rank 0] time (ms) | fwd: 10.78 | bwd: 9.25 | bwd_inner: 8.42 | bwd_allreduce: 0.80 | step: 16.54
[Rank 0] time (ms) | fwd_microstep: 10.98 | bwd_microstep: 9.26 | bwd_inner_microstep: 8.43 | bwd_allreduce_microstep: 0.80 | step_microstep: 16.56
[Rank 0] time (ms) | fwd: 10.98 | bwd: 9.26 | bwd_inner: 8.43 | bwd_allreduce: 0.80 | step: 16.56
[Rank 0] time (ms) | fwd_microstep: 10.85 | bwd_microstep: 9.27 | bwd_inner_microstep: 8.44 | bwd_allreduce_microstep: 0.81 | step_microstep: 16.38
[Rank 0] time (ms) | fwd: 10.84 | bwd: 9.27 | bwd_inner: 8.44 | bwd_allreduce: 0.80 | step: 16.39
[Rank 0] time (ms) | fwd_microstep: 10.89 | bwd_microstep: 9.26 | bwd_inner_microstep: 8.43 | bwd_allreduce_microstep: 0.80 | step_microstep: 16.54
[Rank 0] time (ms) | fwd: 10.88 | bwd: 9.26 | bwd_inner: 8.43 | bwd_allreduce: 0.80 | step: 16.56
[Rank 0] time (ms) | fwd_microstep: 10.88 | bwd_microstep: 9.27 | bwd_inner_microstep: 8.45 | bwd_allreduce_microstep: 0.79 | step_microstep: 16.60
[Rank 0] time (ms) | fwd: 10.87 | bwd: 9.27 | bwd_inner: 8.45 | bwd_allreduce: 0.79 | step: 16.61
[Rank 0] time (ms) | fwd_microstep: 10.97 | bwd_microstep: 9.28 | bwd_inner_microstep: 8.45 | bwd_allreduce_microstep: 0.80 | step_microstep: 16.93
[Rank 0] time (ms) | fwd: 10.96 | bwd: 9.28 | bwd_inner: 8.45 | bwd_allreduce: 0.80 | step: 16.93
step=60 step_time=0.0399s tok/s=102697.59 mem_alloc=2466733056
[Rank 0] time (ms) | fwd_microstep: 11.11 | bwd_microstep: 9.26 | bwd_inner_microstep: 8.43 | bwd_allreduce_microstep: 0.80 | step_microstep: 16.45
[Rank 0] time (ms) | fwd: 11.10 | bwd: 9.26 | bwd_inner: 8.43 | bwd_allreduce: 0.80 | step: 16.46
[Rank 0] time (ms) | fwd_microstep: 11.07 | bwd_microstep: 9.25 | bwd_inner_microstep: 8.42 | bwd_allreduce_microstep: 0.80 | step_microstep: 16.57
[Rank 0] time (ms) | fwd: 11.06 | bwd: 9.25 | bwd_inner: 8.42 | bwd_allreduce: 0.80 | step: 16.57
[Rank 0] time (ms) | fwd_microstep: 11.29 | bwd_microstep: 9.26 | bwd_inner_microstep: 8.44 | bwd_allreduce_microstep: 0.80 | step_microstep: 16.49
[Rank 0] time (ms) | fwd: 11.29 | bwd: 9.26 | bwd_inner: 8.44 | bwd_allreduce: 0.80 | step: 16.50
[Rank 0] time (ms) | fwd_microstep: 11.22 | bwd_microstep: 9.23 | bwd_inner_microstep: 8.41 | bwd_allreduce_microstep: 0.79 | step_microstep: 16.54
[Rank 0] time (ms) | fwd: 11.21 | bwd: 9.24 | bwd_inner: 8.41 | bwd_allreduce: 0.79 | step: 16.54
[Rank 0] time (ms) | fwd_microstep: 11.16 | bwd_microstep: 9.25 | bwd_inner_microstep: 8.43 | bwd_allreduce_microstep: 0.79 | step_microstep: 16.55
[Rank 0] time (ms) | fwd: 11.15 | bwd: 9.25 | bwd_inner: 8.43 | bwd_allreduce: 0.79 | step: 16.56
[Rank 0] time (ms) | fwd_microstep: 11.22 | bwd_microstep: 9.26 | bwd_inner_microstep: 8.44 | bwd_allreduce_microstep: 0.79 | step_microstep: 16.49
[Rank 0] time (ms) | fwd: 11.22 | bwd: 9.26 | bwd_inner: 8.44 | bwd_allreduce: 0.79 | step: 16.50
[Rank 0] time (ms) | fwd_microstep: 11.38 | bwd_microstep: 9.24 | bwd_inner_microstep: 8.41 | bwd_allreduce_microstep: 0.79 | step_microstep: 16.60
[Rank 0] time (ms) | fwd: 11.38 | bwd: 9.23 | bwd_inner: 8.41 | bwd_allreduce: 0.79 | step: 16.60
[Rank 0] time (ms) | fwd_microstep: 11.25 | bwd_microstep: 9.26 | bwd_inner_microstep: 8.44 | bwd_allreduce_microstep: 0.80 | step_microstep: 16.56
[Rank 0] time (ms) | fwd: 11.25 | bwd: 9.27 | bwd_inner: 8.44 | bwd_allreduce: 0.80 | step: 16.55
[Rank 0] time (ms) | fwd_microstep: 11.33 | bwd_microstep: 9.25 | bwd_inner_microstep: 8.42 | bwd_allreduce_microstep: 0.80 | step_microstep: 16.56
[Rank 0] time (ms) | fwd: 11.33 | bwd: 9.25 | bwd_inner: 8.42 | bwd_allreduce: 0.80 | step: 16.57
[Rank 0] time (ms) | fwd_microstep: 11.28 | bwd_microstep: 9.26 | bwd_inner_microstep: 8.43 | bwd_allreduce_microstep: 0.80 | step_microstep: 16.81
[Rank 0] time (ms) | fwd: 11.27 | bwd: 9.26 | bwd_inner: 8.43 | bwd_allreduce: 0.80 | step: 16.81
step=70 step_time=0.0401s tok/s=102165.88 mem_alloc=2466733056
[Rank 0] time (ms) | fwd_microstep: 11.50 | bwd_microstep: 9.26 | bwd_inner_microstep: 8.43 | bwd_allreduce_microstep: 0.80 | step_microstep: 16.58
[Rank 0] time (ms) | fwd: 11.49 | bwd: 9.26 | bwd_inner: 8.43 | bwd_allreduce: 0.80 | step: 16.58
[Rank 0] time (ms) | fwd_microstep: 11.46 | bwd_microstep: 9.26 | bwd_inner_microstep: 8.44 | bwd_allreduce_microstep: 0.80 | step_microstep: 16.44
[Rank 0] time (ms) | fwd: 11.46 | bwd: 9.26 | bwd_inner: 8.44 | bwd_allreduce: 0.80 | step: 16.44
[Rank 0] time (ms) | fwd_microstep: 11.51 | bwd_microstep: 9.25 | bwd_inner_microstep: 8.43 | bwd_allreduce_microstep: 0.79 | step_microstep: 16.47
[Rank 0] time (ms) | fwd: 11.51 | bwd: 9.25 | bwd_inner: 8.43 | bwd_allreduce: 0.79 | step: 16.47
[Rank 0] time (ms) | fwd_microstep: 11.49 | bwd_microstep: 9.26 | bwd_inner_microstep: 8.44 | bwd_allreduce_microstep: 0.80 | step_microstep: 16.57
[Rank 0] time (ms) | fwd: 11.49 | bwd: 9.26 | bwd_inner: 8.44 | bwd_allreduce: 0.80 | step: 16.58
[Rank 0] time (ms) | fwd_microstep: 11.49 | bwd_microstep: 9.26 | bwd_inner_microstep: 8.43 | bwd_allreduce_microstep: 0.81 | step_microstep: 16.49
[Rank 0] time (ms) | fwd: 11.49 | bwd: 9.26 | bwd_inner: 8.43 | bwd_allreduce: 0.81 | step: 16.50
[Rank 0] time (ms) | fwd_microstep: 11.50 | bwd_microstep: 9.26 | bwd_inner_microstep: 8.44 | bwd_allreduce_microstep: 0.79 | step_microstep: 16.52
[Rank 0] time (ms) | fwd: 11.49 | bwd: 9.27 | bwd_inner: 8.44 | bwd_allreduce: 0.79 | step: 16.52
[Rank 0] time (ms) | fwd_microstep: 11.58 | bwd_microstep: 9.25 | bwd_inner_microstep: 8.42 | bwd_allreduce_microstep: 0.79 | step_microstep: 16.40
[Rank 0] time (ms) | fwd: 11.58 | bwd: 9.25 | bwd_inner: 8.42 | bwd_allreduce: 0.79 | step: 16.40
[Rank 0] time (ms) | fwd_microstep: 11.64 | bwd_microstep: 9.27 | bwd_inner_microstep: 8.45 | bwd_allreduce_microstep: 0.79 | step_microstep: 16.50
[Rank 0] time (ms) | fwd: 11.64 | bwd: 9.27 | bwd_inner: 8.45 | bwd_allreduce: 0.79 | step: 16.50
[Rank 0] time (ms) | fwd_microstep: 11.66 | bwd_microstep: 9.26 | bwd_inner_microstep: 8.44 | bwd_allreduce_microstep: 0.79 | step_microstep: 16.50
[Rank 0] time (ms) | fwd: 11.65 | bwd: 9.26 | bwd_inner: 8.44 | bwd_allreduce: 0.79 | step: 16.52
[Rank 0] time (ms) | fwd_microstep: 11.70 | bwd_microstep: 9.25 | bwd_inner_microstep: 8.42 | bwd_allreduce_microstep: 0.80 | step_microstep: 16.86
[Rank 0] time (ms) | fwd: 11.70 | bwd: 9.25 | bwd_inner: 8.42 | bwd_allreduce: 0.80 | step: 16.87
step=80 step_time=0.0406s tok/s=100862.83 mem_alloc=2466733056
[Rank 0] time (ms) | fwd_microstep: 11.83 | bwd_microstep: 9.25 | bwd_inner_microstep: 8.42 | bwd_allreduce_microstep: 0.80 | step_microstep: 16.56
[Rank 0] time (ms) | fwd: 11.83 | bwd: 9.25 | bwd_inner: 8.42 | bwd_allreduce: 0.80 | step: 16.56
[Rank 0] time (ms) | fwd_microstep: 11.77 | bwd_microstep: 9.25 | bwd_inner_microstep: 8.43 | bwd_allreduce_microstep: 0.80 | step_microstep: 16.52
[Rank 0] time (ms) | fwd: 11.77 | bwd: 9.25 | bwd_inner: 8.43 | bwd_allreduce: 0.80 | step: 16.53
[Rank 0] time (ms) | fwd_microstep: 11.76 | bwd_microstep: 9.25 | bwd_inner_microstep: 8.42 | bwd_allreduce_microstep: 0.80 | step_microstep: 16.47
[Rank 0] time (ms) | fwd: 11.76 | bwd: 9.25 | bwd_inner: 8.42 | bwd_allreduce: 0.80 | step: 16.47
[Rank 0] time (ms) | fwd_microstep: 11.76 | bwd_microstep: 9.26 | bwd_inner_microstep: 8.43 | bwd_allreduce_microstep: 0.80 | step_microstep: 16.51
[Rank 0] time (ms) | fwd: 11.75 | bwd: 9.26 | bwd_inner: 8.43 | bwd_allreduce: 0.80 | step: 16.52
[Rank 0] time (ms) | fwd_microstep: 11.95 | bwd_microstep: 9.25 | bwd_inner_microstep: 8.43 | bwd_allreduce_microstep: 0.80 | step_microstep: 16.51
[Rank 0] time (ms) | fwd: 11.95 | bwd: 9.25 | bwd_inner: 8.43 | bwd_allreduce: 0.80 | step: 16.51
[Rank 0] time (ms) | fwd_microstep: 11.96 | bwd_microstep: 9.25 | bwd_inner_microstep: 8.43 | bwd_allreduce_microstep: 0.79 | step_microstep: 16.53
[Rank 0] time (ms) | fwd: 11.95 | bwd: 9.25 | bwd_inner: 8.43 | bwd_allreduce: 0.79 | step: 16.54
[Rank 0] time (ms) | fwd_microstep: 11.93 | bwd_microstep: 9.27 | bwd_inner_microstep: 8.44 | bwd_allreduce_microstep: 0.81 | step_microstep: 16.49
[Rank 0] time (ms) | fwd: 11.92 | bwd: 9.27 | bwd_inner: 8.44 | bwd_allreduce: 0.81 | step: 16.49
[Rank 0] time (ms) | fwd_microstep: 12.05 | bwd_microstep: 9.26 | bwd_inner_microstep: 8.44 | bwd_allreduce_microstep: 0.79 | step_microstep: 16.81
[Rank 0] time (ms) | fwd: 12.04 | bwd: 9.26 | bwd_inner: 8.44 | bwd_allreduce: 0.79 | step: 16.81
[Rank 0] time (ms) | fwd_microstep: 12.00 | bwd_microstep: 9.27 | bwd_inner_microstep: 8.44 | bwd_allreduce_microstep: 0.80 | step_microstep: 16.46
[Rank 0] time (ms) | fwd: 11.99 | bwd: 9.27 | bwd_inner: 8.44 | bwd_allreduce: 0.80 | step: 16.45
[Rank 0] time (ms) | fwd_microstep: 13.17 | bwd_microstep: 9.25 | bwd_inner_microstep: 8.43 | bwd_allreduce_microstep: 0.80 | step_microstep: 17.13
[Rank 0] time (ms) | fwd: 13.17 | bwd: 9.25 | bwd_inner: 8.43 | bwd_allreduce: 0.80 | step: 17.13
step=90 step_time=0.0424s tok/s=96623.57 mem_alloc=2466733056
[Rank 0] time (ms) | fwd_microstep: 12.14 | bwd_microstep: 9.26 | bwd_inner_microstep: 8.44 | bwd_allreduce_microstep: 0.79 | step_microstep: 16.67
[Rank 0] time (ms) | fwd: 12.14 | bwd: 9.26 | bwd_inner: 8.44 | bwd_allreduce: 0.79 | step: 16.68
[Rank 0] time (ms) | fwd_microstep: 12.51 | bwd_microstep: 9.25 | bwd_inner_microstep: 8.42 | bwd_allreduce_microstep: 0.80 | step_microstep: 16.76
[Rank 0] time (ms) | fwd: 12.51 | bwd: 9.25 | bwd_inner: 8.42 | bwd_allreduce: 0.80 | step: 16.76
[Rank 0] time (ms) | fwd_microstep: 12.20 | bwd_microstep: 9.27 | bwd_inner_microstep: 8.44 | bwd_allreduce_microstep: 0.81 | step_microstep: 16.64
[Rank 0] time (ms) | fwd: 12.20 | bwd: 9.27 | bwd_inner: 8.44 | bwd_allreduce: 0.81 | step: 16.64
[Rank 0] time (ms) | fwd_microstep: 12.17 | bwd_microstep: 9.27 | bwd_inner_microstep: 8.44 | bwd_allreduce_microstep: 0.80 | step_microstep: 16.52
[Rank 0] time (ms) | fwd: 12.17 | bwd: 9.27 | bwd_inner: 8.44 | bwd_allreduce: 0.80 | step: 16.52
[Rank 0] time (ms) | fwd_microstep: 12.32 | bwd_microstep: 9.25 | bwd_inner_microstep: 8.43 | bwd_allreduce_microstep: 0.79 | step_microstep: 16.59
[Rank 0] time (ms) | fwd: 12.31 | bwd: 9.25 | bwd_inner: 8.43 | bwd_allreduce: 0.79 | step: 16.59
[Rank 0] time (ms) | fwd_microstep: 12.34 | bwd_microstep: 9.26 | bwd_inner_microstep: 8.44 | bwd_allreduce_microstep: 0.80 | step_microstep: 16.59
[Rank 0] time (ms) | fwd: 12.33 | bwd: 9.26 | bwd_inner: 8.44 | bwd_allreduce: 0.80 | step: 16.59
[Rank 0] time (ms) | fwd_microstep: 12.33 | bwd_microstep: 9.26 | bwd_inner_microstep: 8.44 | bwd_allreduce_microstep: 0.80 | step_microstep: 16.56
[Rank 0] time (ms) | fwd: 12.32 | bwd: 9.26 | bwd_inner: 8.44 | bwd_allreduce: 0.80 | step: 16.56
[Rank 0] time (ms) | fwd_microstep: 12.38 | bwd_microstep: 9.24 | bwd_inner_microstep: 8.42 | bwd_allreduce_microstep: 0.79 | step_microstep: 16.53
[Rank 0] time (ms) | fwd: 12.38 | bwd: 9.24 | bwd_inner: 8.42 | bwd_allreduce: 0.79 | step: 16.55
[Rank 0] time (ms) | fwd_microstep: 12.37 | bwd_microstep: 9.26 | bwd_inner_microstep: 8.43 | bwd_allreduce_microstep: 0.80 | step_microstep: 16.52
[Rank 0] time (ms) | fwd: 12.36 | bwd: 9.26 | bwd_inner: 8.43 | bwd_allreduce: 0.80 | step: 16.53
[Rank 0] time (ms) | fwd_microstep: 12.49 | bwd_microstep: 9.25 | bwd_inner_microstep: 8.42 | bwd_allreduce_microstep: 0.80 | step_microstep: 16.82
[Rank 0] time (ms) | fwd: 12.49 | bwd: 9.25 | bwd_inner: 8.42 | bwd_allreduce: 0.80 | step: 16.83
step=100 step_time=0.0413s tok/s=99112.79 mem_alloc=2466733056
[Rank 0] time (ms) | fwd_microstep: 12.91 | bwd_microstep: 9.28 | bwd_inner_microstep: 8.45 | bwd_allreduce_microstep: 0.80 | step_microstep: 16.72
[Rank 0] time (ms) | fwd: 12.91 | bwd: 9.28 | bwd_inner: 8.45 | bwd_allreduce: 0.80 | step: 16.72
[Rank 0] time (ms) | fwd_microstep: 12.63 | bwd_microstep: 9.25 | bwd_inner_microstep: 8.43 | bwd_allreduce_microstep: 0.79 | step_microstep: 16.63
[Rank 0] time (ms) | fwd: 12.62 | bwd: 9.25 | bwd_inner: 8.43 | bwd_allreduce: 0.79 | step: 16.63
[Rank 0] time (ms) | fwd_microstep: 13.01 | bwd_microstep: 9.25 | bwd_inner_microstep: 8.43 | bwd_allreduce_microstep: 0.80 | step_microstep: 16.68
[Rank 0] time (ms) | fwd: 13.01 | bwd: 9.25 | bwd_inner: 8.43 | bwd_allreduce: 0.80 | step: 16.70
[Rank 0] time (ms) | fwd_microstep: 12.60 | bwd_microstep: 9.24 | bwd_inner_microstep: 8.42 | bwd_allreduce_microstep: 0.79 | step_microstep: 16.54
[Rank 0] time (ms) | fwd: 12.59 | bwd: 9.24 | bwd_inner: 8.42 | bwd_allreduce: 0.79 | step: 16.54
[Rank 0] time (ms) | fwd_microstep: 12.67 | bwd_microstep: 9.26 | bwd_inner_microstep: 8.43 | bwd_allreduce_microstep: 0.80 | step_microstep: 16.51
[Rank 0] time (ms) | fwd: 12.66 | bwd: 9.26 | bwd_inner: 8.43 | bwd_allreduce: 0.80 | step: 16.51
[Rank 0] time (ms) | fwd_microstep: 12.74 | bwd_microstep: 9.27 | bwd_inner_microstep: 8.45 | bwd_allreduce_microstep: 0.80 | step_microstep: 16.50
[Rank 0] time (ms) | fwd: 12.74 | bwd: 9.27 | bwd_inner: 8.45 | bwd_allreduce: 0.80 | step: 16.51
[Rank 0] time (ms) | fwd_microstep: 12.68 | bwd_microstep: 9.25 | bwd_inner_microstep: 8.43 | bwd_allreduce_microstep: 0.80 | step_microstep: 16.59
[Rank 0] time (ms) | fwd: 12.68 | bwd: 9.25 | bwd_inner: 8.43 | bwd_allreduce: 0.80 | step: 16.59
[Rank 0] time (ms) | fwd_microstep: 12.76 | bwd_microstep: 9.26 | bwd_inner_microstep: 8.43 | bwd_allreduce_microstep: 0.80 | step_microstep: 16.50
[Rank 0] time (ms) | fwd: 12.76 | bwd: 9.26 | bwd_inner: 8.43 | bwd_allreduce: 0.80 | step: 16.50
[Rank 0] time (ms) | fwd_microstep: 12.79 | bwd_microstep: 9.26 | bwd_inner_microstep: 8.43 | bwd_allreduce_microstep: 0.80 | step_microstep: 16.48
[Rank 0] time (ms) | fwd: 12.79 | bwd: 9.26 | bwd_inner: 8.43 | bwd_allreduce: 0.80 | step: 16.48
[Rank 0] time (ms) | fwd_microstep: 12.85 | bwd_microstep: 9.26 | bwd_inner_microstep: 8.42 | bwd_allreduce_microstep: 0.80 | step_microstep: 16.90
[Rank 0] time (ms) | fwd: 12.84 | bwd: 9.26 | bwd_inner: 8.42 | bwd_allreduce: 0.80 | step: 16.90
step=110 step_time=0.0418s tok/s=98105.56 mem_alloc=2466733056
[Rank 0] time (ms) | fwd_microstep: 12.96 | bwd_microstep: 9.26 | bwd_inner_microstep: 8.43 | bwd_allreduce_microstep: 0.80 | step_microstep: 16.51
[Rank 0] time (ms) | fwd: 12.95 | bwd: 9.26 | bwd_inner: 8.43 | bwd_allreduce: 0.80 | step: 16.52
[Rank 0] time (ms) | fwd_microstep: 12.95 | bwd_microstep: 9.26 | bwd_inner_microstep: 8.43 | bwd_allreduce_microstep: 0.80 | step_microstep: 16.38
[Rank 0] time (ms) | fwd: 12.95 | bwd: 9.26 | bwd_inner: 8.43 | bwd_allreduce: 0.80 | step: 16.38
[Rank 0] time (ms) | fwd_microstep: 12.92 | bwd_microstep: 9.25 | bwd_inner_microstep: 8.42 | bwd_allreduce_microstep: 0.80 | step_microstep: 16.52
[Rank 0] time (ms) | fwd: 12.92 | bwd: 9.25 | bwd_inner: 8.42 | bwd_allreduce: 0.80 | step: 16.52
[Rank 0] time (ms) | fwd_microstep: 12.99 | bwd_microstep: 9.27 | bwd_inner_microstep: 8.44 | bwd_allreduce_microstep: 0.80 | step_microstep: 16.48
[Rank 0] time (ms) | fwd: 12.99 | bwd: 9.27 | bwd_inner: 8.44 | bwd_allreduce: 0.80 | step: 16.48
[Rank 0] time (ms) | fwd_microstep: 12.99 | bwd_microstep: 9.25 | bwd_inner_microstep: 8.43 | bwd_allreduce_microstep: 0.79 | step_microstep: 16.57
[Rank 0] time (ms) | fwd: 12.99 | bwd: 9.25 | bwd_inner: 8.43 | bwd_allreduce: 0.79 | step: 16.57
[Rank 0] time (ms) | fwd_microstep: 13.38 | bwd_microstep: 9.25 | bwd_inner_microstep: 8.43 | bwd_allreduce_microstep: 0.80 | step_microstep: 16.55
[Rank 0] time (ms) | fwd: 13.38 | bwd: 9.25 | bwd_inner: 8.43 | bwd_allreduce: 0.80 | step: 16.55
[Rank 0] time (ms) | fwd_microstep: 13.07 | bwd_microstep: 9.26 | bwd_inner_microstep: 8.42 | bwd_allreduce_microstep: 0.81 | step_microstep: 16.48
[Rank 0] time (ms) | fwd: 13.06 | bwd: 9.26 | bwd_inner: 8.42 | bwd_allreduce: 0.81 | step: 16.48
[Rank 0] time (ms) | fwd_microstep: 13.11 | bwd_microstep: 9.24 | bwd_inner_microstep: 8.42 | bwd_allreduce_microstep: 0.80 | step_microstep: 16.40
[Rank 0] time (ms) | fwd: 13.11 | bwd: 9.24 | bwd_inner: 8.42 | bwd_allreduce: 0.80 | step: 16.41
[Rank 0] time (ms) | fwd_microstep: 13.22 | bwd_microstep: 9.24 | bwd_inner_microstep: 8.42 | bwd_allreduce_microstep: 0.79 | step_microstep: 16.59
[Rank 0] time (ms) | fwd: 13.22 | bwd: 9.24 | bwd_inner: 8.42 | bwd_allreduce: 0.79 | step: 16.61
[Rank 0] time (ms) | fwd_microstep: 13.21 | bwd_microstep: 9.25 | bwd_inner_microstep: 8.43 | bwd_allreduce_microstep: 0.80 | step_microstep: 16.82
[Rank 0] time (ms) | fwd: 13.21 | bwd: 9.25 | bwd_inner: 8.43 | bwd_allreduce: 0.80 | step: 16.82
step=120 step_time=0.0421s tok/s=97334.91 mem_alloc=2466733056
[Rank 0] time (ms) | fwd_microstep: 13.38 | bwd_microstep: 9.24 | bwd_inner_microstep: 8.42 | bwd_allreduce_microstep: 0.79 | step_microstep: 16.64
[Rank 0] time (ms) | fwd: 13.37 | bwd: 9.24 | bwd_inner: 8.42 | bwd_allreduce: 0.79 | step: 16.64
[Rank 0] time (ms) | fwd_microstep: 13.39 | bwd_microstep: 9.24 | bwd_inner_microstep: 8.41 | bwd_allreduce_microstep: 0.80 | step_microstep: 16.56
[Rank 0] time (ms) | fwd: 13.38 | bwd: 9.24 | bwd_inner: 8.41 | bwd_allreduce: 0.80 | step: 16.57
[Rank 0] time (ms) | fwd_microstep: 13.36 | bwd_microstep: 9.26 | bwd_inner_microstep: 8.42 | bwd_allreduce_microstep: 0.81 | step_microstep: 16.44
[Rank 0] time (ms) | fwd: 13.36 | bwd: 9.26 | bwd_inner: 8.42 | bwd_allreduce: 0.81 | step: 16.44
[Rank 0] time (ms) | fwd_microstep: 13.36 | bwd_microstep: 9.27 | bwd_inner_microstep: 8.45 | bwd_allreduce_microstep: 0.80 | step_microstep: 16.52
[Rank 0] time (ms) | fwd: 13.36 | bwd: 9.27 | bwd_inner: 8.45 | bwd_allreduce: 0.80 | step: 16.52
[Rank 0] time (ms) | fwd_microstep: 13.42 | bwd_microstep: 9.27 | bwd_inner_microstep: 8.45 | bwd_allreduce_microstep: 0.80 | step_microstep: 16.48
[Rank 0] time (ms) | fwd: 13.42 | bwd: 9.27 | bwd_inner: 8.45 | bwd_allreduce: 0.80 | step: 16.48
[Rank 0] time (ms) | fwd_microstep: 13.53 | bwd_microstep: 9.25 | bwd_inner_microstep: 8.43 | bwd_allreduce_microstep: 0.80 | step_microstep: 16.57
[Rank 0] time (ms) | fwd: 13.53 | bwd: 9.25 | bwd_inner: 8.43 | bwd_allreduce: 0.80 | step: 16.57
[Rank 0] time (ms) | fwd_microstep: 13.51 | bwd_microstep: 9.27 | bwd_inner_microstep: 8.45 | bwd_allreduce_microstep: 0.80 | step_microstep: 16.53
[Rank 0] time (ms) | fwd: 13.51 | bwd: 9.27 | bwd_inner: 8.45 | bwd_allreduce: 0.80 | step: 16.53
[Rank 0] time (ms) | fwd_microstep: 13.59 | bwd_microstep: 9.26 | bwd_inner_microstep: 8.44 | bwd_allreduce_microstep: 0.79 | step_microstep: 16.49
[Rank 0] time (ms) | fwd: 13.58 | bwd: 9.26 | bwd_inner: 8.44 | bwd_allreduce: 0.79 | step: 16.50
[Rank 0] time (ms) | fwd_microstep: 13.69 | bwd_microstep: 9.27 | bwd_inner_microstep: 8.44 | bwd_allreduce_microstep: 0.81 | step_microstep: 16.50
[Rank 0] time (ms) | fwd: 13.68 | bwd: 9.27 | bwd_inner: 8.44 | bwd_allreduce: 0.81 | step: 16.51
[Rank 0] time (ms) | fwd_microstep: 13.58 | bwd_microstep: 9.26 | bwd_inner_microstep: 8.44 | bwd_allreduce_microstep: 0.80 | step_microstep: 16.78
[Rank 0] time (ms) | fwd: 13.57 | bwd: 9.26 | bwd_inner: 8.44 | bwd_allreduce: 0.80 | step: 16.78
step=130 step_time=0.0424s tok/s=96546.16 mem_alloc=2466733056
[Rank 0] time (ms) | fwd_microstep: 13.70 | bwd_microstep: 9.24 | bwd_inner_microstep: 8.42 | bwd_allreduce_microstep: 0.79 | step_microstep: 16.50
[Rank 0] time (ms) | fwd: 13.69 | bwd: 9.24 | bwd_inner: 8.43 | bwd_allreduce: 0.79 | step: 16.51
[Rank 0] time (ms) | fwd_microstep: 13.75 | bwd_microstep: 9.27 | bwd_inner_microstep: 8.45 | bwd_allreduce_microstep: 0.79 | step_microstep: 16.52
[Rank 0] time (ms) | fwd: 13.75 | bwd: 9.27 | bwd_inner: 8.45 | bwd_allreduce: 0.79 | step: 16.52
[Rank 0] time (ms) | fwd_microstep: 13.70 | bwd_microstep: 9.26 | bwd_inner_microstep: 8.43 | bwd_allreduce_microstep: 0.80 | step_microstep: 16.54
[Rank 0] time (ms) | fwd: 13.69 | bwd: 9.26 | bwd_inner: 8.43 | bwd_allreduce: 0.80 | step: 16.55
[Rank 0] time (ms) | fwd_microstep: 13.76 | bwd_microstep: 9.26 | bwd_inner_microstep: 8.44 | bwd_allreduce_microstep: 0.79 | step_microstep: 16.56
[Rank 0] time (ms) | fwd: 13.75 | bwd: 9.26 | bwd_inner: 8.44 | bwd_allreduce: 0.80 | step: 16.57
[Rank 0] time (ms) | fwd_microstep: 13.75 | bwd_microstep: 9.26 | bwd_inner_microstep: 8.43 | bwd_allreduce_microstep: 0.81 | step_microstep: 16.58
[Rank 0] time (ms) | fwd: 13.75 | bwd: 9.26 | bwd_inner: 8.43 | bwd_allreduce: 0.81 | step: 16.59
[Rank 0] time (ms) | fwd_microstep: 14.13 | bwd_microstep: 9.26 | bwd_inner_microstep: 8.43 | bwd_allreduce_microstep: 0.79 | step_microstep: 16.55
[Rank 0] time (ms) | fwd: 14.12 | bwd: 9.26 | bwd_inner: 8.43 | bwd_allreduce: 0.79 | step: 16.54
[Rank 0] time (ms) | fwd_microstep: 13.83 | bwd_microstep: 9.24 | bwd_inner_microstep: 8.43 | bwd_allreduce_microstep: 0.79 | step_microstep: 16.46
[Rank 0] time (ms) | fwd: 13.82 | bwd: 9.25 | bwd_inner: 8.42 | bwd_allreduce: 0.79 | step: 16.46
[Rank 0] time (ms) | fwd_microstep: 13.89 | bwd_microstep: 9.26 | bwd_inner_microstep: 8.44 | bwd_allreduce_microstep: 0.80 | step_microstep: 16.61
[Rank 0] time (ms) | fwd: 13.89 | bwd: 9.26 | bwd_inner: 8.44 | bwd_allreduce: 0.80 | step: 16.63
[Rank 0] time (ms) | fwd_microstep: 13.99 | bwd_microstep: 9.26 | bwd_inner_microstep: 8.43 | bwd_allreduce_microstep: 0.80 | step_microstep: 16.64
[Rank 0] time (ms) | fwd: 13.98 | bwd: 9.26 | bwd_inner: 8.43 | bwd_allreduce: 0.80 | step: 16.66
[Rank 0] time (ms) | fwd_microstep: 14.64 | bwd_microstep: 9.26 | bwd_inner_microstep: 8.43 | bwd_allreduce_microstep: 0.80 | step_microstep: 16.80
[Rank 0] time (ms) | fwd: 14.64 | bwd: 9.26 | bwd_inner: 8.43 | bwd_allreduce: 0.80 | step: 16.80
step=140 step_time=0.0435s tok/s=94159.69 mem_alloc=2466733056
[Rank 0] time (ms) | fwd_microstep: 14.06 | bwd_microstep: 9.27 | bwd_inner_microstep: 8.44 | bwd_allreduce_microstep: 0.80 | step_microstep: 16.74
[Rank 0] time (ms) | fwd: 14.05 | bwd: 9.27 | bwd_inner: 8.44 | bwd_allreduce: 0.80 | step: 16.74
[Rank 0] time (ms) | fwd_microstep: 14.11 | bwd_microstep: 9.26 | bwd_inner_microstep: 8.44 | bwd_allreduce_microstep: 0.80 | step_microstep: 16.50
[Rank 0] time (ms) | fwd: 14.11 | bwd: 9.26 | bwd_inner: 8.44 | bwd_allreduce: 0.80 | step: 16.50
[Rank 0] time (ms) | fwd_microstep: 14.03 | bwd_microstep: 9.27 | bwd_inner_microstep: 8.44 | bwd_allreduce_microstep: 0.80 | step_microstep: 16.46
[Rank 0] time (ms) | fwd: 14.03 | bwd: 9.27 | bwd_inner: 8.44 | bwd_allreduce: 0.80 | step: 16.47
[Rank 0] time (ms) | fwd_microstep: 14.12 | bwd_microstep: 9.26 | bwd_inner_microstep: 8.44 | bwd_allreduce_microstep: 0.80 | step_microstep: 16.52
[Rank 0] time (ms) | fwd: 14.12 | bwd: 9.26 | bwd_inner: 8.44 | bwd_allreduce: 0.80 | step: 16.52
[Rank 0] time (ms) | fwd_microstep: 14.20 | bwd_microstep: 9.25 | bwd_inner_microstep: 8.43 | bwd_allreduce_microstep: 0.80 | step_microstep: 16.42
[Rank 0] time (ms) | fwd: 14.19 | bwd: 9.25 | bwd_inner: 8.42 | bwd_allreduce: 0.80 | step: 16.43
[Rank 0] time (ms) | fwd_microstep: 14.22 | bwd_microstep: 9.26 | bwd_inner_microstep: 8.44 | bwd_allreduce_microstep: 0.80 | step_microstep: 16.56
[Rank 0] time (ms) | fwd: 14.22 | bwd: 9.26 | bwd_inner: 8.44 | bwd_allreduce: 0.80 | step: 16.57
[Rank 0] time (ms) | fwd_microstep: 14.19 | bwd_microstep: 9.26 | bwd_inner_microstep: 8.43 | bwd_allreduce_microstep: 0.80 | step_microstep: 16.46
[Rank 0] time (ms) | fwd: 14.19 | bwd: 9.26 | bwd_inner: 8.43 | bwd_allreduce: 0.80 | step: 16.47
[Rank 0] time (ms) | fwd_microstep: 14.27 | bwd_microstep: 9.24 | bwd_inner_microstep: 8.42 | bwd_allreduce_microstep: 0.79 | step_microstep: 16.54
[Rank 0] time (ms) | fwd: 14.26 | bwd: 9.24 | bwd_inner: 8.42 | bwd_allreduce: 0.79 | step: 16.54
[Rank 0] time (ms) | fwd_microstep: 14.33 | bwd_microstep: 9.26 | bwd_inner_microstep: 8.43 | bwd_allreduce_microstep: 0.80 | step_microstep: 16.42
[Rank 0] time (ms) | fwd: 14.32 | bwd: 9.26 | bwd_inner: 8.43 | bwd_allreduce: 0.80 | step: 16.43
[Rank 0] time (ms) | fwd_microstep: 14.34 | bwd_microstep: 9.28 | bwd_inner_microstep: 8.45 | bwd_allreduce_microstep: 0.80 | step_microstep: 17.01
[Rank 0] time (ms) | fwd: 14.33 | bwd: 9.28 | bwd_inner: 8.45 | bwd_allreduce: 0.80 | step: 17.01
step=150 step_time=0.0434s tok/s=94439.33 mem_alloc=2466733056
[Rank 0] time (ms) | fwd_microstep: 14.41 | bwd_microstep: 9.25 | bwd_inner_microstep: 8.43 | bwd_allreduce_microstep: 0.80 | step_microstep: 16.66
[Rank 0] time (ms) | fwd: 14.41 | bwd: 9.25 | bwd_inner: 8.43 | bwd_allreduce: 0.80 | step: 16.66
[Rank 0] time (ms) | fwd_microstep: 15.09 | bwd_microstep: 9.26 | bwd_inner_microstep: 8.44 | bwd_allreduce_microstep: 0.80 | step_microstep: 16.56
[Rank 0] time (ms) | fwd: 15.09 | bwd: 9.26 | bwd_inner: 8.44 | bwd_allreduce: 0.80 | step: 16.56
[Rank 0] time (ms) | fwd_microstep: 14.43 | bwd_microstep: 9.25 | bwd_inner_microstep: 8.43 | bwd_allreduce_microstep: 0.80 | step_microstep: 16.59
[Rank 0] time (ms) | fwd: 14.42 | bwd: 9.26 | bwd_inner: 8.43 | bwd_allreduce: 0.80 | step: 16.59
[Rank 0] time (ms) | fwd_microstep: 15.03 | bwd_microstep: 9.25 | bwd_inner_microstep: 8.42 | bwd_allreduce_microstep: 0.80 | step_microstep: 16.74
[Rank 0] time (ms) | fwd: 15.03 | bwd: 9.25 | bwd_inner: 8.42 | bwd_allreduce: 0.80 | step: 16.75
[Rank 0] time (ms) | fwd_microstep: 15.10 | bwd_microstep: 9.24 | bwd_inner_microstep: 8.41 | bwd_allreduce_microstep: 0.80 | step_microstep: 16.63
[Rank 0] time (ms) | fwd: 15.10 | bwd: 9.24 | bwd_inner: 8.41 | bwd_allreduce: 0.80 | step: 16.64
[Rank 0] time (ms) | fwd_microstep: 14.73 | bwd_microstep: 9.27 | bwd_inner_microstep: 8.44 | bwd_allreduce_microstep: 0.79 | step_microstep: 16.49
[Rank 0] time (ms) | fwd: 14.72 | bwd: 9.27 | bwd_inner: 8.44 | bwd_allreduce: 0.79 | step: 16.51
[Rank 0] time (ms) | fwd_microstep: 15.41 | bwd_microstep: 9.25 | bwd_inner_microstep: 8.43 | bwd_allreduce_microstep: 0.80 | step_microstep: 16.71
[Rank 0] time (ms) | fwd: 15.40 | bwd: 9.25 | bwd_inner: 8.43 | bwd_allreduce: 0.80 | step: 16.70
[Rank 0] time (ms) | fwd_microstep: 15.19 | bwd_microstep: 9.28 | bwd_inner_microstep: 8.45 | bwd_allreduce_microstep: 0.80 | step_microstep: 17.06
[Rank 0] time (ms) | fwd: 15.19 | bwd: 9.28 | bwd_inner: 8.45 | bwd_allreduce: 0.80 | step: 17.07
[Rank 0] time (ms) | fwd_microstep: 14.93 | bwd_microstep: 9.26 | bwd_inner_microstep: 8.43 | bwd_allreduce_microstep: 0.80 | step_microstep: 16.53
[Rank 0] time (ms) | fwd: 14.92 | bwd: 9.26 | bwd_inner: 8.43 | bwd_allreduce: 0.80 | step: 16.53
[Rank 0] time (ms) | fwd_microstep: 14.74 | bwd_microstep: 9.26 | bwd_inner_microstep: 8.43 | bwd_allreduce_microstep: 0.80 | step_microstep: 16.76
[Rank 0] time (ms) | fwd: 14.74 | bwd: 9.26 | bwd_inner: 8.43 | bwd_allreduce: 0.80 | step: 16.76
step=160 step_time=0.0435s tok/s=94211.55 mem_alloc=2466733056
[Rank 0] time (ms) | fwd_microstep: 14.74 | bwd_microstep: 9.25 | bwd_inner_microstep: 8.43 | bwd_allreduce_microstep: 0.80 | step_microstep: 16.59
[Rank 0] time (ms) | fwd: 14.73 | bwd: 9.25 | bwd_inner: 8.43 | bwd_allreduce: 0.80 | step: 16.59
[Rank 0] time (ms) | fwd_microstep: 14.72 | bwd_microstep: 9.28 | bwd_inner_microstep: 8.45 | bwd_allreduce_microstep: 0.80 | step_microstep: 16.59
[Rank 0] time (ms) | fwd: 14.72 | bwd: 9.28 | bwd_inner: 8.45 | bwd_allreduce: 0.80 | step: 16.59
[Rank 0] time (ms) | fwd_microstep: 14.96 | bwd_microstep: 9.25 | bwd_inner_microstep: 8.42 | bwd_allreduce_microstep: 0.79 | step_microstep: 16.52
[Rank 0] time (ms) | fwd: 14.95 | bwd: 9.25 | bwd_inner: 8.42 | bwd_allreduce: 0.79 | step: 16.53
[Rank 0] time (ms) | fwd_microstep: 14.84 | bwd_microstep: 9.25 | bwd_inner_microstep: 8.42 | bwd_allreduce_microstep: 0.80 | step_microstep: 16.44
[Rank 0] time (ms) | fwd: 14.83 | bwd: 9.25 | bwd_inner: 8.42 | bwd_allreduce: 0.80 | step: 16.44
[Rank 0] time (ms) | fwd_microstep: 14.74 | bwd_microstep: 9.25 | bwd_inner_microstep: 8.42 | bwd_allreduce_microstep: 0.80 | step_microstep: 16.48
[Rank 0] time (ms) | fwd: 14.74 | bwd: 9.25 | bwd_inner: 8.42 | bwd_allreduce: 0.80 | step: 16.49
[Rank 0] time (ms) | fwd_microstep: 14.87 | bwd_microstep: 9.28 | bwd_inner_microstep: 8.45 | bwd_allreduce_microstep: 0.80 | step_microstep: 16.49
[Rank 0] time (ms) | fwd: 14.86 | bwd: 9.28 | bwd_inner: 8.45 | bwd_allreduce: 0.80 | step: 16.49
[Rank 0] time (ms) | fwd_microstep: 14.89 | bwd_microstep: 9.27 | bwd_inner_microstep: 8.45 | bwd_allreduce_microstep: 0.80 | step_microstep: 16.51
[Rank 0] time (ms) | fwd: 14.89 | bwd: 9.27 | bwd_inner: 8.45 | bwd_allreduce: 0.80 | step: 16.52
[Rank 0] time (ms) | fwd_microstep: 14.91 | bwd_microstep: 9.26 | bwd_inner_microstep: 8.44 | bwd_allreduce_microstep: 0.80 | step_microstep: 16.50
[Rank 0] time (ms) | fwd: 14.90 | bwd: 9.26 | bwd_inner: 8.44 | bwd_allreduce: 0.80 | step: 16.50
[Rank 0] time (ms) | fwd_microstep: 15.04 | bwd_microstep: 9.24 | bwd_inner_microstep: 8.42 | bwd_allreduce_microstep: 0.80 | step_microstep: 16.49
[Rank 0] time (ms) | fwd: 15.04 | bwd: 9.24 | bwd_inner: 8.42 | bwd_allreduce: 0.80 | step: 16.51
[Rank 0] time (ms) | fwd_microstep: 14.95 | bwd_microstep: 9.26 | bwd_inner_microstep: 8.44 | bwd_allreduce_microstep: 0.79 | step_microstep: 16.87
[Rank 0] time (ms) | fwd: 14.94 | bwd: 9.26 | bwd_inner: 8.44 | bwd_allreduce: 0.79 | step: 16.87
step=170 step_time=0.0438s tok/s=93452.93 mem_alloc=2466733056
[Rank 0] time (ms) | fwd_microstep: 15.10 | bwd_microstep: 9.27 | bwd_inner_microstep: 8.44 | bwd_allreduce_microstep: 0.81 | step_microstep: 16.46
[Rank 0] time (ms) | fwd: 15.10 | bwd: 9.27 | bwd_inner: 8.44 | bwd_allreduce: 0.81 | step: 16.46
[Rank 0] time (ms) | fwd_microstep: 15.07 | bwd_microstep: 9.25 | bwd_inner_microstep: 8.42 | bwd_allreduce_microstep: 0.79 | step_microstep: 16.41
[Rank 0] time (ms) | fwd: 15.07 | bwd: 9.25 | bwd_inner: 8.42 | bwd_allreduce: 0.79 | step: 16.41
[Rank 0] time (ms) | fwd_microstep: 15.18 | bwd_microstep: 9.25 | bwd_inner_microstep: 8.43 | bwd_allreduce_microstep: 0.79 | step_microstep: 16.54
[Rank 0] time (ms) | fwd: 15.17 | bwd: 9.25 | bwd_inner: 8.43 | bwd_allreduce: 0.79 | step: 16.55
[Rank 0] time (ms) | fwd_microstep: 15.39 | bwd_microstep: 9.27 | bwd_inner_microstep: 8.45 | bwd_allreduce_microstep: 0.79 | step_microstep: 16.48
[Rank 0] time (ms) | fwd: 15.38 | bwd: 9.27 | bwd_inner: 8.45 | bwd_allreduce: 0.79 | step: 16.50
[Rank 0] time (ms) | fwd_microstep: 15.25 | bwd_microstep: 9.27 | bwd_inner_microstep: 8.44 | bwd_allreduce_microstep: 0.80 | step_microstep: 16.54
[Rank 0] time (ms) | fwd: 15.24 | bwd: 9.27 | bwd_inner: 8.44 | bwd_allreduce: 0.80 | step: 16.55
[Rank 0] time (ms) | fwd_microstep: 15.20 | bwd_microstep: 9.26 | bwd_inner_microstep: 8.44 | bwd_allreduce_microstep: 0.80 | step_microstep: 16.58
[Rank 0] time (ms) | fwd: 15.20 | bwd: 9.26 | bwd_inner: 8.44 | bwd_allreduce: 0.80 | step: 16.59
[Rank 0] time (ms) | fwd_microstep: 15.19 | bwd_microstep: 9.27 | bwd_inner_microstep: 8.44 | bwd_allreduce_microstep: 0.81 | step_microstep: 16.55
[Rank 0] time (ms) | fwd: 15.19 | bwd: 9.27 | bwd_inner: 8.44 | bwd_allreduce: 0.81 | step: 16.55
[Rank 0] time (ms) | fwd_microstep: 15.38 | bwd_microstep: 9.24 | bwd_inner_microstep: 8.42 | bwd_allreduce_microstep: 0.79 | step_microstep: 16.44
[Rank 0] time (ms) | fwd: 15.38 | bwd: 9.24 | bwd_inner: 8.42 | bwd_allreduce: 0.79 | step: 16.45
[Rank 0] time (ms) | fwd_microstep: 17.97 | bwd_microstep: 9.25 | bwd_inner_microstep: 8.42 | bwd_allreduce_microstep: 0.80 | step_microstep: 16.79
[Rank 0] time (ms) | fwd: 17.97 | bwd: 9.25 | bwd_inner: 8.42 | bwd_allreduce: 0.80 | step: 16.80
[Rank 0] time (ms) | fwd_microstep: 15.41 | bwd_microstep: 9.26 | bwd_inner_microstep: 8.43 | bwd_allreduce_microstep: 0.80 | step_microstep: 16.78
[Rank 0] time (ms) | fwd: 15.41 | bwd: 9.26 | bwd_inner: 8.43 | bwd_allreduce: 0.80 | step: 16.78
step=180 step_time=0.0442s tok/s=92672.01 mem_alloc=2466733056
[Rank 0] time (ms) | fwd_microstep: 15.59 | bwd_microstep: 9.26 | bwd_inner_microstep: 8.43 | bwd_allreduce_microstep: 0.80 | step_microstep: 16.51
[Rank 0] time (ms) | fwd: 15.58 | bwd: 9.26 | bwd_inner: 8.43 | bwd_allreduce: 0.80 | step: 16.51
[Rank 0] time (ms) | fwd_microstep: 15.77 | bwd_microstep: 9.26 | bwd_inner_microstep: 8.43 | bwd_allreduce_microstep: 0.79 | step_microstep: 16.66
[Rank 0] time (ms) | fwd: 15.77 | bwd: 9.26 | bwd_inner: 8.43 | bwd_allreduce: 0.79 | step: 16.67
[Rank 0] time (ms) | fwd_microstep: 15.52 | bwd_microstep: 9.25 | bwd_inner_microstep: 8.43 | bwd_allreduce_microstep: 0.80 | step_microstep: 16.67
[Rank 0] time (ms) | fwd: 15.52 | bwd: 9.25 | bwd_inner: 8.43 | bwd_allreduce: 0.80 | step: 16.68
[Rank 0] time (ms) | fwd_microstep: 15.56 | bwd_microstep: 9.26 | bwd_inner_microstep: 8.44 | bwd_allreduce_microstep: 0.80 | step_microstep: 16.38
[Rank 0] time (ms) | fwd: 15.56 | bwd: 9.26 | bwd_inner: 8.44 | bwd_allreduce: 0.80 | step: 16.40
[Rank 0] time (ms) | fwd_microstep: 15.59 | bwd_microstep: 9.26 | bwd_inner_microstep: 8.43 | bwd_allreduce_microstep: 0.80 | step_microstep: 16.42
[Rank 0] time (ms) | fwd: 15.58 | bwd: 9.26 | bwd_inner: 8.43 | bwd_allreduce: 0.80 | step: 16.43
[Rank 0] time (ms) | fwd_microstep: 15.75 | bwd_microstep: 9.26 | bwd_inner_microstep: 8.44 | bwd_allreduce_microstep: 0.80 | step_microstep: 16.52
[Rank 0] time (ms) | fwd: 15.74 | bwd: 9.26 | bwd_inner: 8.44 | bwd_allreduce: 0.80 | step: 16.53
[Rank 0] time (ms) | fwd_microstep: 16.79 | bwd_microstep: 9.26 | bwd_inner_microstep: 8.43 | bwd_allreduce_microstep: 0.80 | step_microstep: 16.50
[Rank 0] time (ms) | fwd: 16.78 | bwd: 9.26 | bwd_inner: 8.43 | bwd_allreduce: 0.80 | step: 16.50
[Rank 0] time (ms) | fwd_microstep: 15.74 | bwd_microstep: 9.25 | bwd_inner_microstep: 8.43 | bwd_allreduce_microstep: 0.80 | step_microstep: 16.49
[Rank 0] time (ms) | fwd: 15.73 | bwd: 9.25 | bwd_inner: 8.43 | bwd_allreduce: 0.80 | step: 16.49
[Rank 0] time (ms) | fwd_microstep: 17.01 | bwd_microstep: 9.27 | bwd_inner_microstep: 8.43 | bwd_allreduce_microstep: 0.81 | step_microstep: 16.78
[Rank 0] time (ms) | fwd: 17.00 | bwd: 9.27 | bwd_inner: 8.43 | bwd_allreduce: 0.81 | step: 16.78
[Rank 0] time (ms) | fwd_microstep: 16.99 | bwd_microstep: 9.26 | bwd_inner_microstep: 8.44 | bwd_allreduce_microstep: 0.79 | step_microstep: 16.92
[Rank 0] time (ms) | fwd: 16.99 | bwd: 9.26 | bwd_inner: 8.44 | bwd_allreduce: 0.79 | step: 16.92
step=190 step_time=0.0459s tok/s=89169.67 mem_alloc=2466733056
[Rank 0] time (ms) | fwd_microstep: 15.91 | bwd_microstep: 9.25 | bwd_inner_microstep: 8.43 | bwd_allreduce_microstep: 0.80 | step_microstep: 16.49
[Rank 0] time (ms) | fwd: 15.90 | bwd: 9.25 | bwd_inner: 8.43 | bwd_allreduce: 0.80 | step: 16.50
[Rank 0] time (ms) | fwd_microstep: 16.01 | bwd_microstep: 9.28 | bwd_inner_microstep: 8.45 | bwd_allreduce_microstep: 0.80 | step_microstep: 16.61
[Rank 0] time (ms) | fwd: 16.01 | bwd: 9.28 | bwd_inner: 8.45 | bwd_allreduce: 0.80 | step: 16.61
[Rank 0] time (ms) | fwd_microstep: 16.02 | bwd_microstep: 9.27 | bwd_inner_microstep: 8.45 | bwd_allreduce_microstep: 0.79 | step_microstep: 16.43
[Rank 0] time (ms) | fwd: 16.01 | bwd: 9.27 | bwd_inner: 8.45 | bwd_allreduce: 0.79 | step: 16.44
[Rank 0] time (ms) | fwd_microstep: 16.07 | bwd_microstep: 9.26 | bwd_inner_microstep: 8.44 | bwd_allreduce_microstep: 0.79 | step_microstep: 16.48
[Rank 0] time (ms) | fwd: 16.07 | bwd: 9.26 | bwd_inner: 8.44 | bwd_allreduce: 0.79 | step: 16.48
[Rank 0] time (ms) | fwd_microstep: 16.12 | bwd_microstep: 9.25 | bwd_inner_microstep: 8.42 | bwd_allreduce_microstep: 0.81 | step_microstep: 16.40
[Rank 0] time (ms) | fwd: 16.11 | bwd: 9.25 | bwd_inner: 8.42 | bwd_allreduce: 0.81 | step: 16.41
[Rank 0] time (ms) | fwd_microstep: 16.20 | bwd_microstep: 9.25 | bwd_inner_microstep: 8.43 | bwd_allreduce_microstep: 0.80 | step_microstep: 16.42
[Rank 0] time (ms) | fwd: 16.20 | bwd: 9.25 | bwd_inner: 8.43 | bwd_allreduce: 0.80 | step: 16.43
[Rank 0] time (ms) | fwd_microstep: 16.32 | bwd_microstep: 9.27 | bwd_inner_microstep: 8.44 | bwd_allreduce_microstep: 0.80 | step_microstep: 16.57
[Rank 0] time (ms) | fwd: 16.32 | bwd: 9.27 | bwd_inner: 8.44 | bwd_allreduce: 0.80 | step: 16.58
[Rank 0] time (ms) | fwd_microstep: 16.26 | bwd_microstep: 9.26 | bwd_inner_microstep: 8.44 | bwd_allreduce_microstep: 0.79 | step_microstep: 16.51
[Rank 0] time (ms) | fwd: 16.25 | bwd: 9.26 | bwd_inner: 8.44 | bwd_allreduce: 0.79 | step: 16.52
[Rank 0] time (ms) | fwd_microstep: 16.58 | bwd_microstep: 9.26 | bwd_inner_microstep: 8.43 | bwd_allreduce_microstep: 0.80 | step_microstep: 16.48
[Rank 0] time (ms) | fwd: 16.57 | bwd: 9.26 | bwd_inner: 8.43 | bwd_allreduce: 0.80 | step: 16.50
[Rank 0] time (ms) | fwd_microstep: 16.30 | bwd_microstep: 9.26 | bwd_inner_microstep: 8.44 | bwd_allreduce_microstep: 0.80 | step_microstep: 16.84
[Rank 0] time (ms) | fwd: 16.29 | bwd: 9.26 | bwd_inner: 8.44 | bwd_allreduce: 0.80 | step: 16.83
step=200 step_time=0.0451s tok/s=90811.02 mem_alloc=2466733056
Saved run summary to results/phase1_1gpu_summary.json
nid007901:36711:36711 [0] NCCL INFO comm 0x4a9d4260 rank 0 nranks 1 cudaDev 0 busId d1000 - Destroy COMPLETE
nid007901:36711:36711 [0] NCCL INFO comm 0x4a918a00 rank 0 nranks 1 cudaDev 0 busId d1000 - Destroy COMPLETE
nid007901:36711:36711 [0] NCCL INFO comm 0x4a85d1a0 rank 0 nranks 1 cudaDev 0 busId d1000 - Destroy COMPLETE
nid007901:36711:36711 [0] NCCL INFO comm 0x4a7a1940 rank 0 nranks 1 cudaDev 0 busId d1000 - Destroy COMPLETE
