PROJECT_ROOT=/pfs/lustrep4/scratch/project_462001047/jafaria/moe-phase1
VENV_PATH=/pfs/lustrep4/scratch/project_462001047/jafaria/moe-phase1/.venv
HOST=nid005043
SLURM_JOB_ID=16355045
cuda_available: True
device_count: 1
AMD Instinct MI250X
{
  "run_name": "phase1_1gpu",
  "metadata": {
    "seed": 42,
    "command": "src/train.py --config configs/base.json --deepspeed --ds_config configs/ds_config_moe.json --run_name phase1_1gpu --out_dir results",
    "git_commit": "unknown",
    "config_path": "configs/base.json",
    "config_copy_path": "results/phase1_1gpu_config_used.json",
    "env": {
      "python_version": "3.12.3 (main, Jan 22 2026, 20:57:42) [GCC 13.3.0]",
      "torch_version": "2.9.1+rocm6.4",
      "cuda_available": "True",
      "cuda_version": "None",
      "cudnn_version": "3004000",
      "deepspeed_version": "0.18.6"
    },
    "deepspeed_requested": true,
    "nccl_debug": "INFO"
  }
}
nid005043:7616:7616 [0] NCCL INFO Kernel version: 6.4.0-150600.23.73_15.0.14-cray_shasta_c
nid005043:7616:7616 [0] NCCL INFO Bootstrap : Using nmn0:10.120.24.24<0>
nid005043:7616:7616 [0] NCCL INFO ROCr version 1.15
nid005043:7616:7616 [0] NCCL INFO Dmabuf feature disabled without NCCL_DMABUF_ENABLE=1
nid005043:7616:7616 [0] NCCL INFO Kernel version: 6.4.0-150600.23.73_15.0.14-cray_shasta_c
nid005043:7616:7616 [0] NCCL INFO RCCL version : 2.22.3-HEAD:7d8d67c
HIP version  : 6.4.43484-123eb5128
ROCm version : 6.4.2.0-120-e7d83f5
Hostname     : nid005043
Librccl path : /opt/venv/lib/python3.12/site-packages/torch/lib/librccl.so
nid005043:7616:7616 [0] NCCL INFO Comm config Blocking set to 1
nid005043:7616:8189 [0] NCCL INFO NET/Plugin: /lib/x86_64-linux-gnu/libfabric.so.1: version `FABRIC_1.8' not found (required by /lib/librccl-net.so)
nid005043:7616:8189 [0] NCCL INFO NET/Plugin: Using internal network plugin.
nid005043:7616:8189 [0] NCCL INFO NET/IB : No device found.
nid005043:7616:8189 [0] NCCL INFO NET/Socket : Using [0]nmn0:10.120.24.24<0> [1]hsn0:10.253.49.169<0> [2]hsn1:10.253.49.170<0> [3]hsn2:10.253.41.202<0> [4]hsn3:10.253.41.201<0>
nid005043:7616:8189 [0] NCCL INFO Using network Socket

nid005043:7616:8189 [0] /longer_pathname_so_that_rpms_can_support_packaging_the_debug_info_for_all_os_profiles/src/out/rhel-8.8/8.8/build/rccl/hipify/src/misc/alt_rsmi.cc:716 NCCL WARN Could not read node # 7

nid005043:7616:8189 [0] /longer_pathname_so_that_rpms_can_support_packaging_the_debug_info_for_all_os_profiles/src/out/rhel-8.8/8.8/build/rccl/hipify/src/misc/alt_rsmi.cc:675 NCCL WARN Could not read node # 7

nid005043:7616:8189 [0] /longer_pathname_so_that_rpms_can_support_packaging_the_debug_info_for_all_os_profiles/src/out/rhel-8.8/8.8/build/rccl/hipify/src/misc/alt_rsmi.cc:675 NCCL WARN Could not read node # 7

nid005043:7616:8189 [0] /longer_pathname_so_that_rpms_can_support_packaging_the_debug_info_for_all_os_profiles/src/out/rhel-8.8/8.8/build/rccl/hipify/src/misc/alt_rsmi.cc:675 NCCL WARN Could not read node # 7

nid005043:7616:8189 [0] /longer_pathname_so_that_rpms_can_support_packaging_the_debug_info_for_all_os_profiles/src/out/rhel-8.8/8.8/build/rccl/hipify/src/misc/alt_rsmi.cc:675 NCCL WARN Could not read node # 7

nid005043:7616:8189 [0] /longer_pathname_so_that_rpms_can_support_packaging_the_debug_info_for_all_os_profiles/src/out/rhel-8.8/8.8/build/rccl/hipify/src/misc/alt_rsmi.cc:716 NCCL WARN Could not read node # 5

nid005043:7616:8189 [0] /longer_pathname_so_that_rpms_can_support_packaging_the_debug_info_for_all_os_profiles/src/out/rhel-8.8/8.8/build/rccl/hipify/src/misc/alt_rsmi.cc:675 NCCL WARN Could not read node # 5

nid005043:7616:8189 [0] /longer_pathname_so_that_rpms_can_support_packaging_the_debug_info_for_all_os_profiles/src/out/rhel-8.8/8.8/build/rccl/hipify/src/misc/alt_rsmi.cc:675 NCCL WARN Could not read node # 5

nid005043:7616:8189 [0] /longer_pathname_so_that_rpms_can_support_packaging_the_debug_info_for_all_os_profiles/src/out/rhel-8.8/8.8/build/rccl/hipify/src/misc/alt_rsmi.cc:675 NCCL WARN Could not read node # 5

nid005043:7616:8189 [0] /longer_pathname_so_that_rpms_can_support_packaging_the_debug_info_for_all_os_profiles/src/out/rhel-8.8/8.8/build/rccl/hipify/src/misc/alt_rsmi.cc:675 NCCL WARN Could not read node # 5

nid005043:7616:8189 [0] /longer_pathname_so_that_rpms_can_support_packaging_the_debug_info_for_all_os_profiles/src/out/rhel-8.8/8.8/build/rccl/hipify/src/misc/alt_rsmi.cc:716 NCCL WARN Could not read node # 8

nid005043:7616:8189 [0] /longer_pathname_so_that_rpms_can_support_packaging_the_debug_info_for_all_os_profiles/src/out/rhel-8.8/8.8/build/rccl/hipify/src/misc/alt_rsmi.cc:675 NCCL WARN Could not read node # 8

nid005043:7616:8189 [0] /longer_pathname_so_that_rpms_can_support_packaging_the_debug_info_for_all_os_profiles/src/out/rhel-8.8/8.8/build/rccl/hipify/src/misc/alt_rsmi.cc:675 NCCL WARN Could not read node # 8

nid005043:7616:8189 [0] /longer_pathname_so_that_rpms_can_support_packaging_the_debug_info_for_all_os_profiles/src/out/rhel-8.8/8.8/build/rccl/hipify/src/misc/alt_rsmi.cc:675 NCCL WARN Could not read node # 8

nid005043:7616:8189 [0] /longer_pathname_so_that_rpms_can_support_packaging_the_debug_info_for_all_os_profiles/src/out/rhel-8.8/8.8/build/rccl/hipify/src/misc/alt_rsmi.cc:675 NCCL WARN Could not read node # 8

nid005043:7616:8189 [0] /longer_pathname_so_that_rpms_can_support_packaging_the_debug_info_for_all_os_profiles/src/out/rhel-8.8/8.8/build/rccl/hipify/src/misc/alt_rsmi.cc:716 NCCL WARN Could not read node # 6

nid005043:7616:8189 [0] /longer_pathname_so_that_rpms_can_support_packaging_the_debug_info_for_all_os_profiles/src/out/rhel-8.8/8.8/build/rccl/hipify/src/misc/alt_rsmi.cc:675 NCCL WARN Could not read node # 6

nid005043:7616:8189 [0] /longer_pathname_so_that_rpms_can_support_packaging_the_debug_info_for_all_os_profiles/src/out/rhel-8.8/8.8/build/rccl/hipify/src/misc/alt_rsmi.cc:675 NCCL WARN Could not read node # 6

nid005043:7616:8189 [0] /longer_pathname_so_that_rpms_can_support_packaging_the_debug_info_for_all_os_profiles/src/out/rhel-8.8/8.8/build/rccl/hipify/src/misc/alt_rsmi.cc:675 NCCL WARN Could not read node # 6

nid005043:7616:8189 [0] /longer_pathname_so_that_rpms_can_support_packaging_the_debug_info_for_all_os_profiles/src/out/rhel-8.8/8.8/build/rccl/hipify/src/misc/alt_rsmi.cc:675 NCCL WARN Could not read node # 6

nid005043:7616:8189 [0] /longer_pathname_so_that_rpms_can_support_packaging_the_debug_info_for_all_os_profiles/src/out/rhel-8.8/8.8/build/rccl/hipify/src/misc/alt_rsmi.cc:716 NCCL WARN Could not read node # 4

nid005043:7616:8189 [0] /longer_pathname_so_that_rpms_can_support_packaging_the_debug_info_for_all_os_profiles/src/out/rhel-8.8/8.8/build/rccl/hipify/src/misc/alt_rsmi.cc:675 NCCL WARN Could not read node # 4

nid005043:7616:8189 [0] /longer_pathname_so_that_rpms_can_support_packaging_the_debug_info_for_all_os_profiles/src/out/rhel-8.8/8.8/build/rccl/hipify/src/misc/alt_rsmi.cc:675 NCCL WARN Could not read node # 4

nid005043:7616:8189 [0] /longer_pathname_so_that_rpms_can_support_packaging_the_debug_info_for_all_os_profiles/src/out/rhel-8.8/8.8/build/rccl/hipify/src/misc/alt_rsmi.cc:675 NCCL WARN Could not read node # 4

nid005043:7616:8189 [0] /longer_pathname_so_that_rpms_can_support_packaging_the_debug_info_for_all_os_profiles/src/out/rhel-8.8/8.8/build/rccl/hipify/src/misc/alt_rsmi.cc:675 NCCL WARN Could not read node # 4

nid005043:7616:8189 [0] /longer_pathname_so_that_rpms_can_support_packaging_the_debug_info_for_all_os_profiles/src/out/rhel-8.8/8.8/build/rccl/hipify/src/misc/alt_rsmi.cc:716 NCCL WARN Could not read node # 10

nid005043:7616:8189 [0] /longer_pathname_so_that_rpms_can_support_packaging_the_debug_info_for_all_os_profiles/src/out/rhel-8.8/8.8/build/rccl/hipify/src/misc/alt_rsmi.cc:675 NCCL WARN Could not read node # 10

nid005043:7616:8189 [0] /longer_pathname_so_that_rpms_can_support_packaging_the_debug_info_for_all_os_profiles/src/out/rhel-8.8/8.8/build/rccl/hipify/src/misc/alt_rsmi.cc:675 NCCL WARN Could not read node # 10

nid005043:7616:8189 [0] /longer_pathname_so_that_rpms_can_support_packaging_the_debug_info_for_all_os_profiles/src/out/rhel-8.8/8.8/build/rccl/hipify/src/misc/alt_rsmi.cc:675 NCCL WARN Could not read node # 10

nid005043:7616:8189 [0] /longer_pathname_so_that_rpms_can_support_packaging_the_debug_info_for_all_os_profiles/src/out/rhel-8.8/8.8/build/rccl/hipify/src/misc/alt_rsmi.cc:675 NCCL WARN Could not read node # 10

nid005043:7616:8189 [0] /longer_pathname_so_that_rpms_can_support_packaging_the_debug_info_for_all_os_profiles/src/out/rhel-8.8/8.8/build/rccl/hipify/src/misc/alt_rsmi.cc:716 NCCL WARN Could not read node # 9

nid005043:7616:8189 [0] /longer_pathname_so_that_rpms_can_support_packaging_the_debug_info_for_all_os_profiles/src/out/rhel-8.8/8.8/build/rccl/hipify/src/misc/alt_rsmi.cc:675 NCCL WARN Could not read node # 9

nid005043:7616:8189 [0] /longer_pathname_so_that_rpms_can_support_packaging_the_debug_info_for_all_os_profiles/src/out/rhel-8.8/8.8/build/rccl/hipify/src/misc/alt_rsmi.cc:675 NCCL WARN Could not read node # 9

nid005043:7616:8189 [0] /longer_pathname_so_that_rpms_can_support_packaging_the_debug_info_for_all_os_profiles/src/out/rhel-8.8/8.8/build/rccl/hipify/src/misc/alt_rsmi.cc:675 NCCL WARN Could not read node # 9

nid005043:7616:8189 [0] /longer_pathname_so_that_rpms_can_support_packaging_the_debug_info_for_all_os_profiles/src/out/rhel-8.8/8.8/build/rccl/hipify/src/misc/alt_rsmi.cc:675 NCCL WARN Could not read node # 9
nid005043:7616:8189 [0] NCCL INFO [node_id = 11; gpu_id = 49174; unique_id = 12710216133888688627; location_id = 56832; bdf = 56832; domain = 0; partition = 0], 
nid005043:7616:8189 [0] NCCL INFO initialized internal alternative rsmi functionality
nid005043:7616:8189 [0] NCCL INFO ncclCommInitRank comm 0x4a7a1300 rank 0 nranks 1 cudaDev 0 nvmlDev 0 busId de000 commId 0x58cf6544cf2da21b - Init START
nid005043:7616:8189 [0] NCCL INFO initialized internal alternative rsmi functionality
nid005043:7616:8189 [0] NCCL INFO Setting affinity for GPU 0 to e000,00000000
nid005043:7616:8189 [0] NCCL INFO comm 0x4a7a1300 rank 0 nRanks 1 nNodes 1 localRanks 1 localRank 0 MNNVL 0
nid005043:7616:8189 [0] NCCL INFO Channel 00/32 :    0
nid005043:7616:8189 [0] NCCL INFO Channel 01/32 :    0
nid005043:7616:8189 [0] NCCL INFO Channel 02/32 :    0
nid005043:7616:8189 [0] NCCL INFO Channel 03/32 :    0
nid005043:7616:8189 [0] NCCL INFO Channel 04/32 :    0
nid005043:7616:8189 [0] NCCL INFO Channel 05/32 :    0
nid005043:7616:8189 [0] NCCL INFO Channel 06/32 :    0
nid005043:7616:8189 [0] NCCL INFO Channel 07/32 :    0
nid005043:7616:8189 [0] NCCL INFO Channel 08/32 :    0
nid005043:7616:8189 [0] NCCL INFO Channel 09/32 :    0
nid005043:7616:8189 [0] NCCL INFO Channel 10/32 :    0
nid005043:7616:8189 [0] NCCL INFO Channel 11/32 :    0
nid005043:7616:8189 [0] NCCL INFO Channel 12/32 :    0
nid005043:7616:8189 [0] NCCL INFO Channel 13/32 :    0
nid005043:7616:8189 [0] NCCL INFO Channel 14/32 :    0
nid005043:7616:8189 [0] NCCL INFO Channel 15/32 :    0
nid005043:7616:8189 [0] NCCL INFO Channel 16/32 :    0
nid005043:7616:8189 [0] NCCL INFO Channel 17/32 :    0
nid005043:7616:8189 [0] NCCL INFO Channel 18/32 :    0
nid005043:7616:8189 [0] NCCL INFO Channel 19/32 :    0
nid005043:7616:8189 [0] NCCL INFO Channel 20/32 :    0
nid005043:7616:8189 [0] NCCL INFO Channel 21/32 :    0
nid005043:7616:8189 [0] NCCL INFO Channel 22/32 :    0
nid005043:7616:8189 [0] NCCL INFO Channel 23/32 :    0
nid005043:7616:8189 [0] NCCL INFO Channel 24/32 :    0
nid005043:7616:8189 [0] NCCL INFO Channel 25/32 :    0
nid005043:7616:8189 [0] NCCL INFO Channel 26/32 :    0
nid005043:7616:8189 [0] NCCL INFO Channel 27/32 :    0
nid005043:7616:8189 [0] NCCL INFO Channel 28/32 :    0
nid005043:7616:8189 [0] NCCL INFO Channel 29/32 :    0
nid005043:7616:8189 [0] NCCL INFO Channel 30/32 :    0
nid005043:7616:8189 [0] NCCL INFO Channel 31/32 :    0
nid005043:7616:8189 [0] NCCL INFO Trees [0] -1/-1/-1->0->-1 [1] -1/-1/-1->0->-1 [2] -1/-1/-1->0->-1 [3] -1/-1/-1->0->-1 [4] -1/-1/-1->0->-1 [5] -1/-1/-1->0->-1 [6] -1/-1/-1->0->-1 [7] -1/-1/-1->0->-1 [8] -1/-1/-1->0->-1 [9] -1/-1/-1->0->-1 [10] -1/-1/-1->0->-1 [11] -1/-1/-1->0->-1 [12] -1/-1/-1->0->-1 [13] -1/-1/-1->0->-1 [14] -1/-1/-1->0->-1 [15] -1/-1/-1->0->-1 [16] -1/-1/-1->0->-1 [17] -1/-1/-1->0->-1 [18] -1/-1/-1->0->-1 [19] -1/-1/-1->0->-1 [20] -1/-1/-1->0->-1 [21] -1/-1/-1->0->-1 [22] -1/-1/-1->0->-1 [23] -1/-1/-1->0->-1 [24] -1/-1/-1->0->-1 [25] -1/-1/-1->0->-1 [26] -1/-1/-1->0->-1 [27] -1/-1/-1->0->-1 [28] -1/-1/-1->0->-1 [29] -1/-1/-1->0->-1 [30] -1/-1/-1->0->-1 [31] -1/-1/-1->0->-1 comm 0x4a7a1300 nRanks 01 busId de000
nid005043:7616:8189 [0] NCCL INFO P2P Chunksize set to 131072
nid005043:7616:8189 [0] NCCL INFO 32 coll channels, 32 collnet channels, 0 nvls channels, 32 p2p channels, 32 p2p channels per peer
nid005043:7616:8189 [0] NCCL INFO CC Off, Multi-GPU CC Off, workFifoBytes 1048576
nid005043:7616:8189 [0] NCCL INFO TUNER/Plugin: /lib/x86_64-linux-gnu/libfabric.so.1: version `FABRIC_1.8' not found (required by /lib/librccl-net.so)
nid005043:7616:8189 [0] NCCL INFO TUNER/Plugin: Could not find: librccl-tuner.so. Using internal tuner plugin.
nid005043:7616:8189 [0] NCCL INFO ncclCommInitRank comm 0x4a7a1300 rank 0 nranks 1 cudaDev 0 nvmlDev 0 busId de000 commId 0x58cf6544cf2da21b localSize 272 used 101269984 bytes on core 45 - Init COMPLETE
nid005043:7616:8189 [0] NCCL INFO Init timings: rank 0 nranks 1 total 2.18 (kernels 2.01, bootstrap 0.06, allgathers 0.00, topo 0.10, graphs 0.00, connections 0.01, rest 0.00)
No existing process group found, creating a new group named: ep_size_1
nid005043:7616:7616 [0] NCCL INFO Comm config Blocking set to 1
nid005043:7616:8225 [0] NCCL INFO Using network Socket

nid005043:7616:8225 [0] /longer_pathname_so_that_rpms_can_support_packaging_the_debug_info_for_all_os_profiles/src/out/rhel-8.8/8.8/build/rccl/hipify/src/misc/alt_rsmi.cc:716 NCCL WARN Could not read node # 7

nid005043:7616:8225 [0] /longer_pathname_so_that_rpms_can_support_packaging_the_debug_info_for_all_os_profiles/src/out/rhel-8.8/8.8/build/rccl/hipify/src/misc/alt_rsmi.cc:675 NCCL WARN Could not read node # 7

nid005043:7616:8225 [0] /longer_pathname_so_that_rpms_can_support_packaging_the_debug_info_for_all_os_profiles/src/out/rhel-8.8/8.8/build/rccl/hipify/src/misc/alt_rsmi.cc:675 NCCL WARN Could not read node # 7

nid005043:7616:8225 [0] /longer_pathname_so_that_rpms_can_support_packaging_the_debug_info_for_all_os_profiles/src/out/rhel-8.8/8.8/build/rccl/hipify/src/misc/alt_rsmi.cc:675 NCCL WARN Could not read node # 7

nid005043:7616:8225 [0] /longer_pathname_so_that_rpms_can_support_packaging_the_debug_info_for_all_os_profiles/src/out/rhel-8.8/8.8/build/rccl/hipify/src/misc/alt_rsmi.cc:675 NCCL WARN Could not read node # 7

nid005043:7616:8225 [0] /longer_pathname_so_that_rpms_can_support_packaging_the_debug_info_for_all_os_profiles/src/out/rhel-8.8/8.8/build/rccl/hipify/src/misc/alt_rsmi.cc:716 NCCL WARN Could not read node # 5

nid005043:7616:8225 [0] /longer_pathname_so_that_rpms_can_support_packaging_the_debug_info_for_all_os_profiles/src/out/rhel-8.8/8.8/build/rccl/hipify/src/misc/alt_rsmi.cc:675 NCCL WARN Could not read node # 5

nid005043:7616:8225 [0] /longer_pathname_so_that_rpms_can_support_packaging_the_debug_info_for_all_os_profiles/src/out/rhel-8.8/8.8/build/rccl/hipify/src/misc/alt_rsmi.cc:675 NCCL WARN Could not read node # 5

nid005043:7616:8225 [0] /longer_pathname_so_that_rpms_can_support_packaging_the_debug_info_for_all_os_profiles/src/out/rhel-8.8/8.8/build/rccl/hipify/src/misc/alt_rsmi.cc:675 NCCL WARN Could not read node # 5

nid005043:7616:8225 [0] /longer_pathname_so_that_rpms_can_support_packaging_the_debug_info_for_all_os_profiles/src/out/rhel-8.8/8.8/build/rccl/hipify/src/misc/alt_rsmi.cc:675 NCCL WARN Could not read node # 5

nid005043:7616:8225 [0] /longer_pathname_so_that_rpms_can_support_packaging_the_debug_info_for_all_os_profiles/src/out/rhel-8.8/8.8/build/rccl/hipify/src/misc/alt_rsmi.cc:716 NCCL WARN Could not read node # 8

nid005043:7616:8225 [0] /longer_pathname_so_that_rpms_can_support_packaging_the_debug_info_for_all_os_profiles/src/out/rhel-8.8/8.8/build/rccl/hipify/src/misc/alt_rsmi.cc:675 NCCL WARN Could not read node # 8

nid005043:7616:8225 [0] /longer_pathname_so_that_rpms_can_support_packaging_the_debug_info_for_all_os_profiles/src/out/rhel-8.8/8.8/build/rccl/hipify/src/misc/alt_rsmi.cc:675 NCCL WARN Could not read node # 8

nid005043:7616:8225 [0] /longer_pathname_so_that_rpms_can_support_packaging_the_debug_info_for_all_os_profiles/src/out/rhel-8.8/8.8/build/rccl/hipify/src/misc/alt_rsmi.cc:675 NCCL WARN Could not read node # 8

nid005043:7616:8225 [0] /longer_pathname_so_that_rpms_can_support_packaging_the_debug_info_for_all_os_profiles/src/out/rhel-8.8/8.8/build/rccl/hipify/src/misc/alt_rsmi.cc:675 NCCL WARN Could not read node # 8

nid005043:7616:8225 [0] /longer_pathname_so_that_rpms_can_support_packaging_the_debug_info_for_all_os_profiles/src/out/rhel-8.8/8.8/build/rccl/hipify/src/misc/alt_rsmi.cc:716 NCCL WARN Could not read node # 6

nid005043:7616:8225 [0] /longer_pathname_so_that_rpms_can_support_packaging_the_debug_info_for_all_os_profiles/src/out/rhel-8.8/8.8/build/rccl/hipify/src/misc/alt_rsmi.cc:675 NCCL WARN Could not read node # 6

nid005043:7616:8225 [0] /longer_pathname_so_that_rpms_can_support_packaging_the_debug_info_for_all_os_profiles/src/out/rhel-8.8/8.8/build/rccl/hipify/src/misc/alt_rsmi.cc:675 NCCL WARN Could not read node # 6

nid005043:7616:8225 [0] /longer_pathname_so_that_rpms_can_support_packaging_the_debug_info_for_all_os_profiles/src/out/rhel-8.8/8.8/build/rccl/hipify/src/misc/alt_rsmi.cc:675 NCCL WARN Could not read node # 6

nid005043:7616:8225 [0] /longer_pathname_so_that_rpms_can_support_packaging_the_debug_info_for_all_os_profiles/src/out/rhel-8.8/8.8/build/rccl/hipify/src/misc/alt_rsmi.cc:675 NCCL WARN Could not read node # 6

nid005043:7616:8225 [0] /longer_pathname_so_that_rpms_can_support_packaging_the_debug_info_for_all_os_profiles/src/out/rhel-8.8/8.8/build/rccl/hipify/src/misc/alt_rsmi.cc:716 NCCL WARN Could not read node # 4

nid005043:7616:8225 [0] /longer_pathname_so_that_rpms_can_support_packaging_the_debug_info_for_all_os_profiles/src/out/rhel-8.8/8.8/build/rccl/hipify/src/misc/alt_rsmi.cc:675 NCCL WARN Could not read node # 4

nid005043:7616:8225 [0] /longer_pathname_so_that_rpms_can_support_packaging_the_debug_info_for_all_os_profiles/src/out/rhel-8.8/8.8/build/rccl/hipify/src/misc/alt_rsmi.cc:675 NCCL WARN Could not read node # 4

nid005043:7616:8225 [0] /longer_pathname_so_that_rpms_can_support_packaging_the_debug_info_for_all_os_profiles/src/out/rhel-8.8/8.8/build/rccl/hipify/src/misc/alt_rsmi.cc:675 NCCL WARN Could not read node # 4

nid005043:7616:8225 [0] /longer_pathname_so_that_rpms_can_support_packaging_the_debug_info_for_all_os_profiles/src/out/rhel-8.8/8.8/build/rccl/hipify/src/misc/alt_rsmi.cc:675 NCCL WARN Could not read node # 4

nid005043:7616:8225 [0] /longer_pathname_so_that_rpms_can_support_packaging_the_debug_info_for_all_os_profiles/src/out/rhel-8.8/8.8/build/rccl/hipify/src/misc/alt_rsmi.cc:716 NCCL WARN Could not read node # 10

nid005043:7616:8225 [0] /longer_pathname_so_that_rpms_can_support_packaging_the_debug_info_for_all_os_profiles/src/out/rhel-8.8/8.8/build/rccl/hipify/src/misc/alt_rsmi.cc:675 NCCL WARN Could not read node # 10

nid005043:7616:8225 [0] /longer_pathname_so_that_rpms_can_support_packaging_the_debug_info_for_all_os_profiles/src/out/rhel-8.8/8.8/build/rccl/hipify/src/misc/alt_rsmi.cc:675 NCCL WARN Could not read node # 10

nid005043:7616:8225 [0] /longer_pathname_so_that_rpms_can_support_packaging_the_debug_info_for_all_os_profiles/src/out/rhel-8.8/8.8/build/rccl/hipify/src/misc/alt_rsmi.cc:675 NCCL WARN Could not read node # 10

nid005043:7616:8225 [0] /longer_pathname_so_that_rpms_can_support_packaging_the_debug_info_for_all_os_profiles/src/out/rhel-8.8/8.8/build/rccl/hipify/src/misc/alt_rsmi.cc:675 NCCL WARN Could not read node # 10

nid005043:7616:8225 [0] /longer_pathname_so_that_rpms_can_support_packaging_the_debug_info_for_all_os_profiles/src/out/rhel-8.8/8.8/build/rccl/hipify/src/misc/alt_rsmi.cc:716 NCCL WARN Could not read node # 9

nid005043:7616:8225 [0] /longer_pathname_so_that_rpms_can_support_packaging_the_debug_info_for_all_os_profiles/src/out/rhel-8.8/8.8/build/rccl/hipify/src/misc/alt_rsmi.cc:675 NCCL WARN Could not read node # 9

nid005043:7616:8225 [0] /longer_pathname_so_that_rpms_can_support_packaging_the_debug_info_for_all_os_profiles/src/out/rhel-8.8/8.8/build/rccl/hipify/src/misc/alt_rsmi.cc:675 NCCL WARN Could not read node # 9

nid005043:7616:8225 [0] /longer_pathname_so_that_rpms_can_support_packaging_the_debug_info_for_all_os_profiles/src/out/rhel-8.8/8.8/build/rccl/hipify/src/misc/alt_rsmi.cc:675 NCCL WARN Could not read node # 9

nid005043:7616:8225 [0] /longer_pathname_so_that_rpms_can_support_packaging_the_debug_info_for_all_os_profiles/src/out/rhel-8.8/8.8/build/rccl/hipify/src/misc/alt_rsmi.cc:675 NCCL WARN Could not read node # 9
nid005043:7616:8225 [0] NCCL INFO [node_id = 11; gpu_id = 49174; unique_id = 12710216133888688627; location_id = 56832; bdf = 56832; domain = 0; partition = 0], 
nid005043:7616:8225 [0] NCCL INFO initialized internal alternative rsmi functionality
nid005043:7616:8225 [0] NCCL INFO bootstrapSplit: comm 0x4a85cb60 parent 0x4a7a1300 rank 0 nranks 1 color 59908776 key 0 prev 0 next 0 - DONE
nid005043:7616:8225 [0] NCCL INFO ncclCommSplit comm 0x4a85cb60 rank 0 nranks 1 cudaDev 0 nvmlDev 0 busId de000 parent 0x4a7a1300 color 59908776 key 0 commId 0xce15108eef4ee3cc - Init START
nid005043:7616:8225 [0] NCCL INFO initialized internal alternative rsmi functionality
nid005043:7616:8225 [0] NCCL INFO Setting affinity for GPU 0 to e000,00000000
nid005043:7616:8225 [0] NCCL INFO comm 0x4a85cb60 rank 0 nRanks 1 nNodes 1 localRanks 1 localRank 0 MNNVL 0
nid005043:7616:8225 [0] NCCL INFO Channel 00/32 :    0
nid005043:7616:8225 [0] NCCL INFO Channel 01/32 :    0
nid005043:7616:8225 [0] NCCL INFO Channel 02/32 :    0
nid005043:7616:8225 [0] NCCL INFO Channel 03/32 :    0
nid005043:7616:8225 [0] NCCL INFO Channel 04/32 :    0
nid005043:7616:8225 [0] NCCL INFO Channel 05/32 :    0
nid005043:7616:8225 [0] NCCL INFO Channel 06/32 :    0
nid005043:7616:8225 [0] NCCL INFO Channel 07/32 :    0
nid005043:7616:8225 [0] NCCL INFO Channel 08/32 :    0
nid005043:7616:8225 [0] NCCL INFO Channel 09/32 :    0
nid005043:7616:8225 [0] NCCL INFO Channel 10/32 :    0
nid005043:7616:8225 [0] NCCL INFO Channel 11/32 :    0
nid005043:7616:8225 [0] NCCL INFO Channel 12/32 :    0
nid005043:7616:8225 [0] NCCL INFO Channel 13/32 :    0
nid005043:7616:8225 [0] NCCL INFO Channel 14/32 :    0
nid005043:7616:8225 [0] NCCL INFO Channel 15/32 :    0
nid005043:7616:8225 [0] NCCL INFO Channel 16/32 :    0
nid005043:7616:8225 [0] NCCL INFO Channel 17/32 :    0
nid005043:7616:8225 [0] NCCL INFO Channel 18/32 :    0
nid005043:7616:8225 [0] NCCL INFO Channel 19/32 :    0
nid005043:7616:8225 [0] NCCL INFO Channel 20/32 :    0
nid005043:7616:8225 [0] NCCL INFO Channel 21/32 :    0
nid005043:7616:8225 [0] NCCL INFO Channel 22/32 :    0
nid005043:7616:8225 [0] NCCL INFO Channel 23/32 :    0
nid005043:7616:8225 [0] NCCL INFO Channel 24/32 :    0
nid005043:7616:8225 [0] NCCL INFO Channel 25/32 :    0
nid005043:7616:8225 [0] NCCL INFO Channel 26/32 :    0
nid005043:7616:8225 [0] NCCL INFO Channel 27/32 :    0
nid005043:7616:8225 [0] NCCL INFO Channel 28/32 :    0
nid005043:7616:8225 [0] NCCL INFO Channel 29/32 :    0
nid005043:7616:8225 [0] NCCL INFO Channel 30/32 :    0
nid005043:7616:8225 [0] NCCL INFO Channel 31/32 :    0
nid005043:7616:8225 [0] NCCL INFO Trees [0] -1/-1/-1->0->-1 [1] -1/-1/-1->0->-1 [2] -1/-1/-1->0->-1 [3] -1/-1/-1->0->-1 [4] -1/-1/-1->0->-1 [5] -1/-1/-1->0->-1 [6] -1/-1/-1->0->-1 [7] -1/-1/-1->0->-1 [8] -1/-1/-1->0->-1 [9] -1/-1/-1->0->-1 [10] -1/-1/-1->0->-1 [11] -1/-1/-1->0->-1 [12] -1/-1/-1->0->-1 [13] -1/-1/-1->0->-1 [14] -1/-1/-1->0->-1 [15] -1/-1/-1->0->-1 [16] -1/-1/-1->0->-1 [17] -1/-1/-1->0->-1 [18] -1/-1/-1->0->-1 [19] -1/-1/-1->0->-1 [20] -1/-1/-1->0->-1 [21] -1/-1/-1->0->-1 [22] -1/-1/-1->0->-1 [23] -1/-1/-1->0->-1 [24] -1/-1/-1->0->-1 [25] -1/-1/-1->0->-1 [26] -1/-1/-1->0->-1 [27] -1/-1/-1->0->-1 [28] -1/-1/-1->0->-1 [29] -1/-1/-1->0->-1 [30] -1/-1/-1->0->-1 [31] -1/-1/-1->0->-1 comm 0x4a85cb60 nRanks 01 busId de000
nid005043:7616:8225 [0] NCCL INFO P2P Chunksize set to 131072
nid005043:7616:8225 [0] NCCL INFO 32 coll channels, 32 collnet channels, 0 nvls channels, 32 p2p channels, 32 p2p channels per peer
nid005043:7616:8225 [0] NCCL INFO CC Off, Multi-GPU CC Off, workFifoBytes 1048576
nid005043:7616:8225 [0] NCCL INFO ncclCommSplit comm 0x4a85cb60 rank 0 nranks 1 cudaDev 0 nvmlDev 0 busId de000 parent 0x4a7a1300 color 59908776 key 0 commId 0xce15108eef4ee3cc localSize 272 used 202539968 bytes on core 45 - Init COMPLETE
nid005043:7616:8225 [0] NCCL INFO Init timings: rank 0 nranks 1 total 0.12 (kernels 0.00, bootstrap 0.01, allgathers 0.00, topo 0.10, graphs 0.00, connections 0.01, rest 0.00)
nid005043:7616:7616 [0] NCCL INFO Comm config Blocking set to 1
nid005043:7616:8231 [0] NCCL INFO Using network Socket

nid005043:7616:8231 [0] /longer_pathname_so_that_rpms_can_support_packaging_the_debug_info_for_all_os_profiles/src/out/rhel-8.8/8.8/build/rccl/hipify/src/misc/alt_rsmi.cc:716 NCCL WARN Could not read node # 7

nid005043:7616:8231 [0] /longer_pathname_so_that_rpms_can_support_packaging_the_debug_info_for_all_os_profiles/src/out/rhel-8.8/8.8/build/rccl/hipify/src/misc/alt_rsmi.cc:675 NCCL WARN Could not read node # 7

nid005043:7616:8231 [0] /longer_pathname_so_that_rpms_can_support_packaging_the_debug_info_for_all_os_profiles/src/out/rhel-8.8/8.8/build/rccl/hipify/src/misc/alt_rsmi.cc:675 NCCL WARN Could not read node # 7

nid005043:7616:8231 [0] /longer_pathname_so_that_rpms_can_support_packaging_the_debug_info_for_all_os_profiles/src/out/rhel-8.8/8.8/build/rccl/hipify/src/misc/alt_rsmi.cc:675 NCCL WARN Could not read node # 7

nid005043:7616:8231 [0] /longer_pathname_so_that_rpms_can_support_packaging_the_debug_info_for_all_os_profiles/src/out/rhel-8.8/8.8/build/rccl/hipify/src/misc/alt_rsmi.cc:675 NCCL WARN Could not read node # 7

nid005043:7616:8231 [0] /longer_pathname_so_that_rpms_can_support_packaging_the_debug_info_for_all_os_profiles/src/out/rhel-8.8/8.8/build/rccl/hipify/src/misc/alt_rsmi.cc:716 NCCL WARN Could not read node # 5

nid005043:7616:8231 [0] /longer_pathname_so_that_rpms_can_support_packaging_the_debug_info_for_all_os_profiles/src/out/rhel-8.8/8.8/build/rccl/hipify/src/misc/alt_rsmi.cc:675 NCCL WARN Could not read node # 5

nid005043:7616:8231 [0] /longer_pathname_so_that_rpms_can_support_packaging_the_debug_info_for_all_os_profiles/src/out/rhel-8.8/8.8/build/rccl/hipify/src/misc/alt_rsmi.cc:675 NCCL WARN Could not read node # 5

nid005043:7616:8231 [0] /longer_pathname_so_that_rpms_can_support_packaging_the_debug_info_for_all_os_profiles/src/out/rhel-8.8/8.8/build/rccl/hipify/src/misc/alt_rsmi.cc:675 NCCL WARN Could not read node # 5

nid005043:7616:8231 [0] /longer_pathname_so_that_rpms_can_support_packaging_the_debug_info_for_all_os_profiles/src/out/rhel-8.8/8.8/build/rccl/hipify/src/misc/alt_rsmi.cc:675 NCCL WARN Could not read node # 5

nid005043:7616:8231 [0] /longer_pathname_so_that_rpms_can_support_packaging_the_debug_info_for_all_os_profiles/src/out/rhel-8.8/8.8/build/rccl/hipify/src/misc/alt_rsmi.cc:716 NCCL WARN Could not read node # 8

nid005043:7616:8231 [0] /longer_pathname_so_that_rpms_can_support_packaging_the_debug_info_for_all_os_profiles/src/out/rhel-8.8/8.8/build/rccl/hipify/src/misc/alt_rsmi.cc:675 NCCL WARN Could not read node # 8

nid005043:7616:8231 [0] /longer_pathname_so_that_rpms_can_support_packaging_the_debug_info_for_all_os_profiles/src/out/rhel-8.8/8.8/build/rccl/hipify/src/misc/alt_rsmi.cc:675 NCCL WARN Could not read node # 8

nid005043:7616:8231 [0] /longer_pathname_so_that_rpms_can_support_packaging_the_debug_info_for_all_os_profiles/src/out/rhel-8.8/8.8/build/rccl/hipify/src/misc/alt_rsmi.cc:675 NCCL WARN Could not read node # 8

nid005043:7616:8231 [0] /longer_pathname_so_that_rpms_can_support_packaging_the_debug_info_for_all_os_profiles/src/out/rhel-8.8/8.8/build/rccl/hipify/src/misc/alt_rsmi.cc:675 NCCL WARN Could not read node # 8

nid005043:7616:8231 [0] /longer_pathname_so_that_rpms_can_support_packaging_the_debug_info_for_all_os_profiles/src/out/rhel-8.8/8.8/build/rccl/hipify/src/misc/alt_rsmi.cc:716 NCCL WARN Could not read node # 6

nid005043:7616:8231 [0] /longer_pathname_so_that_rpms_can_support_packaging_the_debug_info_for_all_os_profiles/src/out/rhel-8.8/8.8/build/rccl/hipify/src/misc/alt_rsmi.cc:675 NCCL WARN Could not read node # 6

nid005043:7616:8231 [0] /longer_pathname_so_that_rpms_can_support_packaging_the_debug_info_for_all_os_profiles/src/out/rhel-8.8/8.8/build/rccl/hipify/src/misc/alt_rsmi.cc:675 NCCL WARN Could not read node # 6

nid005043:7616:8231 [0] /longer_pathname_so_that_rpms_can_support_packaging_the_debug_info_for_all_os_profiles/src/out/rhel-8.8/8.8/build/rccl/hipify/src/misc/alt_rsmi.cc:675 NCCL WARN Could not read node # 6

nid005043:7616:8231 [0] /longer_pathname_so_that_rpms_can_support_packaging_the_debug_info_for_all_os_profiles/src/out/rhel-8.8/8.8/build/rccl/hipify/src/misc/alt_rsmi.cc:675 NCCL WARN Could not read node # 6

nid005043:7616:8231 [0] /longer_pathname_so_that_rpms_can_support_packaging_the_debug_info_for_all_os_profiles/src/out/rhel-8.8/8.8/build/rccl/hipify/src/misc/alt_rsmi.cc:716 NCCL WARN Could not read node # 4

nid005043:7616:8231 [0] /longer_pathname_so_that_rpms_can_support_packaging_the_debug_info_for_all_os_profiles/src/out/rhel-8.8/8.8/build/rccl/hipify/src/misc/alt_rsmi.cc:675 NCCL WARN Could not read node # 4

nid005043:7616:8231 [0] /longer_pathname_so_that_rpms_can_support_packaging_the_debug_info_for_all_os_profiles/src/out/rhel-8.8/8.8/build/rccl/hipify/src/misc/alt_rsmi.cc:675 NCCL WARN Could not read node # 4

nid005043:7616:8231 [0] /longer_pathname_so_that_rpms_can_support_packaging_the_debug_info_for_all_os_profiles/src/out/rhel-8.8/8.8/build/rccl/hipify/src/misc/alt_rsmi.cc:675 NCCL WARN Could not read node # 4

nid005043:7616:8231 [0] /longer_pathname_so_that_rpms_can_support_packaging_the_debug_info_for_all_os_profiles/src/out/rhel-8.8/8.8/build/rccl/hipify/src/misc/alt_rsmi.cc:675 NCCL WARN Could not read node # 4

nid005043:7616:8231 [0] /longer_pathname_so_that_rpms_can_support_packaging_the_debug_info_for_all_os_profiles/src/out/rhel-8.8/8.8/build/rccl/hipify/src/misc/alt_rsmi.cc:716 NCCL WARN Could not read node # 10

nid005043:7616:8231 [0] /longer_pathname_so_that_rpms_can_support_packaging_the_debug_info_for_all_os_profiles/src/out/rhel-8.8/8.8/build/rccl/hipify/src/misc/alt_rsmi.cc:675 NCCL WARN Could not read node # 10

nid005043:7616:8231 [0] /longer_pathname_so_that_rpms_can_support_packaging_the_debug_info_for_all_os_profiles/src/out/rhel-8.8/8.8/build/rccl/hipify/src/misc/alt_rsmi.cc:675 NCCL WARN Could not read node # 10

nid005043:7616:8231 [0] /longer_pathname_so_that_rpms_can_support_packaging_the_debug_info_for_all_os_profiles/src/out/rhel-8.8/8.8/build/rccl/hipify/src/misc/alt_rsmi.cc:675 NCCL WARN Could not read node # 10

nid005043:7616:8231 [0] /longer_pathname_so_that_rpms_can_support_packaging_the_debug_info_for_all_os_profiles/src/out/rhel-8.8/8.8/build/rccl/hipify/src/misc/alt_rsmi.cc:675 NCCL WARN Could not read node # 10

nid005043:7616:8231 [0] /longer_pathname_so_that_rpms_can_support_packaging_the_debug_info_for_all_os_profiles/src/out/rhel-8.8/8.8/build/rccl/hipify/src/misc/alt_rsmi.cc:716 NCCL WARN Could not read node # 9

nid005043:7616:8231 [0] /longer_pathname_so_that_rpms_can_support_packaging_the_debug_info_for_all_os_profiles/src/out/rhel-8.8/8.8/build/rccl/hipify/src/misc/alt_rsmi.cc:675 NCCL WARN Could not read node # 9

nid005043:7616:8231 [0] /longer_pathname_so_that_rpms_can_support_packaging_the_debug_info_for_all_os_profiles/src/out/rhel-8.8/8.8/build/rccl/hipify/src/misc/alt_rsmi.cc:675 NCCL WARN Could not read node # 9

nid005043:7616:8231 [0] /longer_pathname_so_that_rpms_can_support_packaging_the_debug_info_for_all_os_profiles/src/out/rhel-8.8/8.8/build/rccl/hipify/src/misc/alt_rsmi.cc:675 NCCL WARN Could not read node # 9

nid005043:7616:8231 [0] /longer_pathname_so_that_rpms_can_support_packaging_the_debug_info_for_all_os_profiles/src/out/rhel-8.8/8.8/build/rccl/hipify/src/misc/alt_rsmi.cc:675 NCCL WARN Could not read node # 9
nid005043:7616:8231 [0] NCCL INFO [node_id = 11; gpu_id = 49174; unique_id = 12710216133888688627; location_id = 56832; bdf = 56832; domain = 0; partition = 0], 
nid005043:7616:8231 [0] NCCL INFO initialized internal alternative rsmi functionality
nid005043:7616:8231 [0] NCCL INFO bootstrapSplit: comm 0x4a9183c0 parent 0x4a7a1300 rank 0 nranks 1 color 59908776 key 0 prev 0 next 0 - DONE
nid005043:7616:8231 [0] NCCL INFO ncclCommSplit comm 0x4a9183c0 rank 0 nranks 1 cudaDev 0 nvmlDev 0 busId de000 parent 0x4a7a1300 color 59908776 key 0 commId 0xce15108eef4ee3cc - Init START
nid005043:7616:8231 [0] NCCL INFO initialized internal alternative rsmi functionality
nid005043:7616:8231 [0] NCCL INFO Setting affinity for GPU 0 to e000,00000000
nid005043:7616:8231 [0] NCCL INFO comm 0x4a9183c0 rank 0 nRanks 1 nNodes 1 localRanks 1 localRank 0 MNNVL 0
nid005043:7616:8231 [0] NCCL INFO Channel 00/32 :    0
nid005043:7616:8231 [0] NCCL INFO Channel 01/32 :    0
nid005043:7616:8231 [0] NCCL INFO Channel 02/32 :    0
nid005043:7616:8231 [0] NCCL INFO Channel 03/32 :    0
nid005043:7616:8231 [0] NCCL INFO Channel 04/32 :    0
nid005043:7616:8231 [0] NCCL INFO Channel 05/32 :    0
nid005043:7616:8231 [0] NCCL INFO Channel 06/32 :    0
nid005043:7616:8231 [0] NCCL INFO Channel 07/32 :    0
nid005043:7616:8231 [0] NCCL INFO Channel 08/32 :    0
nid005043:7616:8231 [0] NCCL INFO Channel 09/32 :    0
nid005043:7616:8231 [0] NCCL INFO Channel 10/32 :    0
nid005043:7616:8231 [0] NCCL INFO Channel 11/32 :    0
nid005043:7616:8231 [0] NCCL INFO Channel 12/32 :    0
nid005043:7616:8231 [0] NCCL INFO Channel 13/32 :    0
nid005043:7616:8231 [0] NCCL INFO Channel 14/32 :    0
nid005043:7616:8231 [0] NCCL INFO Channel 15/32 :    0
nid005043:7616:8231 [0] NCCL INFO Channel 16/32 :    0
nid005043:7616:8231 [0] NCCL INFO Channel 17/32 :    0
nid005043:7616:8231 [0] NCCL INFO Channel 18/32 :    0
nid005043:7616:8231 [0] NCCL INFO Channel 19/32 :    0
nid005043:7616:8231 [0] NCCL INFO Channel 20/32 :    0
nid005043:7616:8231 [0] NCCL INFO Channel 21/32 :    0
nid005043:7616:8231 [0] NCCL INFO Channel 22/32 :    0
nid005043:7616:8231 [0] NCCL INFO Channel 23/32 :    0
nid005043:7616:8231 [0] NCCL INFO Channel 24/32 :    0
nid005043:7616:8231 [0] NCCL INFO Channel 25/32 :    0
nid005043:7616:8231 [0] NCCL INFO Channel 26/32 :    0
nid005043:7616:8231 [0] NCCL INFO Channel 27/32 :    0
nid005043:7616:8231 [0] NCCL INFO Channel 28/32 :    0
nid005043:7616:8231 [0] NCCL INFO Channel 29/32 :    0
nid005043:7616:8231 [0] NCCL INFO Channel 30/32 :    0
nid005043:7616:8231 [0] NCCL INFO Channel 31/32 :    0
nid005043:7616:8231 [0] NCCL INFO Trees [0] -1/-1/-1->0->-1 [1] -1/-1/-1->0->-1 [2] -1/-1/-1->0->-1 [3] -1/-1/-1->0->-1 [4] -1/-1/-1->0->-1 [5] -1/-1/-1->0->-1 [6] -1/-1/-1->0->-1 [7] -1/-1/-1->0->-1 [8] -1/-1/-1->0->-1 [9] -1/-1/-1->0->-1 [10] -1/-1/-1->0->-1 [11] -1/-1/-1->0->-1 [12] -1/-1/-1->0->-1 [13] -1/-1/-1->0->-1 [14] -1/-1/-1->0->-1 [15] -1/-1/-1->0->-1 [16] -1/-1/-1->0->-1 [17] -1/-1/-1->0->-1 [18] -1/-1/-1->0->-1 [19] -1/-1/-1->0->-1 [20] -1/-1/-1->0->-1 [21] -1/-1/-1->0->-1 [22] -1/-1/-1->0->-1 [23] -1/-1/-1->0->-1 [24] -1/-1/-1->0->-1 [25] -1/-1/-1->0->-1 [26] -1/-1/-1->0->-1 [27] -1/-1/-1->0->-1 [28] -1/-1/-1->0->-1 [29] -1/-1/-1->0->-1 [30] -1/-1/-1->0->-1 [31] -1/-1/-1->0->-1 comm 0x4a9183c0 nRanks 01 busId de000
nid005043:7616:8231 [0] NCCL INFO P2P Chunksize set to 131072
nid005043:7616:8231 [0] NCCL INFO 32 coll channels, 32 collnet channels, 0 nvls channels, 32 p2p channels, 32 p2p channels per peer
nid005043:7616:8231 [0] NCCL INFO CC Off, Multi-GPU CC Off, workFifoBytes 1048576
nid005043:7616:8231 [0] NCCL INFO ncclCommSplit comm 0x4a9183c0 rank 0 nranks 1 cudaDev 0 nvmlDev 0 busId de000 parent 0x4a7a1300 color 59908776 key 0 commId 0xce15108eef4ee3cc localSize 272 used 303809952 bytes on core 46 - Init COMPLETE
nid005043:7616:8231 [0] NCCL INFO Init timings: rank 0 nranks 1 total 0.12 (kernels 0.00, bootstrap 0.01, allgathers 0.00, topo 0.10, graphs 0.00, connections 0.01, rest 0.00)
nid005043:7616:7616 [0] NCCL INFO Comm config Blocking set to 1
nid005043:7616:8252 [0] NCCL INFO Using network Socket

nid005043:7616:8252 [0] /longer_pathname_so_that_rpms_can_support_packaging_the_debug_info_for_all_os_profiles/src/out/rhel-8.8/8.8/build/rccl/hipify/src/misc/alt_rsmi.cc:716 NCCL WARN Could not read node # 7

nid005043:7616:8252 [0] /longer_pathname_so_that_rpms_can_support_packaging_the_debug_info_for_all_os_profiles/src/out/rhel-8.8/8.8/build/rccl/hipify/src/misc/alt_rsmi.cc:675 NCCL WARN Could not read node # 7

nid005043:7616:8252 [0] /longer_pathname_so_that_rpms_can_support_packaging_the_debug_info_for_all_os_profiles/src/out/rhel-8.8/8.8/build/rccl/hipify/src/misc/alt_rsmi.cc:675 NCCL WARN Could not read node # 7

nid005043:7616:8252 [0] /longer_pathname_so_that_rpms_can_support_packaging_the_debug_info_for_all_os_profiles/src/out/rhel-8.8/8.8/build/rccl/hipify/src/misc/alt_rsmi.cc:675 NCCL WARN Could not read node # 7

nid005043:7616:8252 [0] /longer_pathname_so_that_rpms_can_support_packaging_the_debug_info_for_all_os_profiles/src/out/rhel-8.8/8.8/build/rccl/hipify/src/misc/alt_rsmi.cc:675 NCCL WARN Could not read node # 7

nid005043:7616:8252 [0] /longer_pathname_so_that_rpms_can_support_packaging_the_debug_info_for_all_os_profiles/src/out/rhel-8.8/8.8/build/rccl/hipify/src/misc/alt_rsmi.cc:716 NCCL WARN Could not read node # 5

nid005043:7616:8252 [0] /longer_pathname_so_that_rpms_can_support_packaging_the_debug_info_for_all_os_profiles/src/out/rhel-8.8/8.8/build/rccl/hipify/src/misc/alt_rsmi.cc:675 NCCL WARN Could not read node # 5

nid005043:7616:8252 [0] /longer_pathname_so_that_rpms_can_support_packaging_the_debug_info_for_all_os_profiles/src/out/rhel-8.8/8.8/build/rccl/hipify/src/misc/alt_rsmi.cc:675 NCCL WARN Could not read node # 5

nid005043:7616:8252 [0] /longer_pathname_so_that_rpms_can_support_packaging_the_debug_info_for_all_os_profiles/src/out/rhel-8.8/8.8/build/rccl/hipify/src/misc/alt_rsmi.cc:675 NCCL WARN Could not read node # 5

nid005043:7616:8252 [0] /longer_pathname_so_that_rpms_can_support_packaging_the_debug_info_for_all_os_profiles/src/out/rhel-8.8/8.8/build/rccl/hipify/src/misc/alt_rsmi.cc:675 NCCL WARN Could not read node # 5

nid005043:7616:8252 [0] /longer_pathname_so_that_rpms_can_support_packaging_the_debug_info_for_all_os_profiles/src/out/rhel-8.8/8.8/build/rccl/hipify/src/misc/alt_rsmi.cc:716 NCCL WARN Could not read node # 8

nid005043:7616:8252 [0] /longer_pathname_so_that_rpms_can_support_packaging_the_debug_info_for_all_os_profiles/src/out/rhel-8.8/8.8/build/rccl/hipify/src/misc/alt_rsmi.cc:675 NCCL WARN Could not read node # 8

nid005043:7616:8252 [0] /longer_pathname_so_that_rpms_can_support_packaging_the_debug_info_for_all_os_profiles/src/out/rhel-8.8/8.8/build/rccl/hipify/src/misc/alt_rsmi.cc:675 NCCL WARN Could not read node # 8

nid005043:7616:8252 [0] /longer_pathname_so_that_rpms_can_support_packaging_the_debug_info_for_all_os_profiles/src/out/rhel-8.8/8.8/build/rccl/hipify/src/misc/alt_rsmi.cc:675 NCCL WARN Could not read node # 8

nid005043:7616:8252 [0] /longer_pathname_so_that_rpms_can_support_packaging_the_debug_info_for_all_os_profiles/src/out/rhel-8.8/8.8/build/rccl/hipify/src/misc/alt_rsmi.cc:675 NCCL WARN Could not read node # 8

nid005043:7616:8252 [0] /longer_pathname_so_that_rpms_can_support_packaging_the_debug_info_for_all_os_profiles/src/out/rhel-8.8/8.8/build/rccl/hipify/src/misc/alt_rsmi.cc:716 NCCL WARN Could not read node # 6

nid005043:7616:8252 [0] /longer_pathname_so_that_rpms_can_support_packaging_the_debug_info_for_all_os_profiles/src/out/rhel-8.8/8.8/build/rccl/hipify/src/misc/alt_rsmi.cc:675 NCCL WARN Could not read node # 6

nid005043:7616:8252 [0] /longer_pathname_so_that_rpms_can_support_packaging_the_debug_info_for_all_os_profiles/src/out/rhel-8.8/8.8/build/rccl/hipify/src/misc/alt_rsmi.cc:675 NCCL WARN Could not read node # 6

nid005043:7616:8252 [0] /longer_pathname_so_that_rpms_can_support_packaging_the_debug_info_for_all_os_profiles/src/out/rhel-8.8/8.8/build/rccl/hipify/src/misc/alt_rsmi.cc:675 NCCL WARN Could not read node # 6

nid005043:7616:8252 [0] /longer_pathname_so_that_rpms_can_support_packaging_the_debug_info_for_all_os_profiles/src/out/rhel-8.8/8.8/build/rccl/hipify/src/misc/alt_rsmi.cc:675 NCCL WARN Could not read node # 6

nid005043:7616:8252 [0] /longer_pathname_so_that_rpms_can_support_packaging_the_debug_info_for_all_os_profiles/src/out/rhel-8.8/8.8/build/rccl/hipify/src/misc/alt_rsmi.cc:716 NCCL WARN Could not read node # 4

nid005043:7616:8252 [0] /longer_pathname_so_that_rpms_can_support_packaging_the_debug_info_for_all_os_profiles/src/out/rhel-8.8/8.8/build/rccl/hipify/src/misc/alt_rsmi.cc:675 NCCL WARN Could not read node # 4

nid005043:7616:8252 [0] /longer_pathname_so_that_rpms_can_support_packaging_the_debug_info_for_all_os_profiles/src/out/rhel-8.8/8.8/build/rccl/hipify/src/misc/alt_rsmi.cc:675 NCCL WARN Could not read node # 4

nid005043:7616:8252 [0] /longer_pathname_so_that_rpms_can_support_packaging_the_debug_info_for_all_os_profiles/src/out/rhel-8.8/8.8/build/rccl/hipify/src/misc/alt_rsmi.cc:675 NCCL WARN Could not read node # 4

nid005043:7616:8252 [0] /longer_pathname_so_that_rpms_can_support_packaging_the_debug_info_for_all_os_profiles/src/out/rhel-8.8/8.8/build/rccl/hipify/src/misc/alt_rsmi.cc:675 NCCL WARN Could not read node # 4

nid005043:7616:8252 [0] /longer_pathname_so_that_rpms_can_support_packaging_the_debug_info_for_all_os_profiles/src/out/rhel-8.8/8.8/build/rccl/hipify/src/misc/alt_rsmi.cc:716 NCCL WARN Could not read node # 10

nid005043:7616:8252 [0] /longer_pathname_so_that_rpms_can_support_packaging_the_debug_info_for_all_os_profiles/src/out/rhel-8.8/8.8/build/rccl/hipify/src/misc/alt_rsmi.cc:675 NCCL WARN Could not read node # 10

nid005043:7616:8252 [0] /longer_pathname_so_that_rpms_can_support_packaging_the_debug_info_for_all_os_profiles/src/out/rhel-8.8/8.8/build/rccl/hipify/src/misc/alt_rsmi.cc:675 NCCL WARN Could not read node # 10

nid005043:7616:8252 [0] /longer_pathname_so_that_rpms_can_support_packaging_the_debug_info_for_all_os_profiles/src/out/rhel-8.8/8.8/build/rccl/hipify/src/misc/alt_rsmi.cc:675 NCCL WARN Could not read node # 10

nid005043:7616:8252 [0] /longer_pathname_so_that_rpms_can_support_packaging_the_debug_info_for_all_os_profiles/src/out/rhel-8.8/8.8/build/rccl/hipify/src/misc/alt_rsmi.cc:675 NCCL WARN Could not read node # 10

nid005043:7616:8252 [0] /longer_pathname_so_that_rpms_can_support_packaging_the_debug_info_for_all_os_profiles/src/out/rhel-8.8/8.8/build/rccl/hipify/src/misc/alt_rsmi.cc:716 NCCL WARN Could not read node # 9

nid005043:7616:8252 [0] /longer_pathname_so_that_rpms_can_support_packaging_the_debug_info_for_all_os_profiles/src/out/rhel-8.8/8.8/build/rccl/hipify/src/misc/alt_rsmi.cc:675 NCCL WARN Could not read node # 9

nid005043:7616:8252 [0] /longer_pathname_so_that_rpms_can_support_packaging_the_debug_info_for_all_os_profiles/src/out/rhel-8.8/8.8/build/rccl/hipify/src/misc/alt_rsmi.cc:675 NCCL WARN Could not read node # 9

nid005043:7616:8252 [0] /longer_pathname_so_that_rpms_can_support_packaging_the_debug_info_for_all_os_profiles/src/out/rhel-8.8/8.8/build/rccl/hipify/src/misc/alt_rsmi.cc:675 NCCL WARN Could not read node # 9

nid005043:7616:8252 [0] /longer_pathname_so_that_rpms_can_support_packaging_the_debug_info_for_all_os_profiles/src/out/rhel-8.8/8.8/build/rccl/hipify/src/misc/alt_rsmi.cc:675 NCCL WARN Could not read node # 9
nid005043:7616:8252 [0] NCCL INFO [node_id = 11; gpu_id = 49174; unique_id = 12710216133888688627; location_id = 56832; bdf = 56832; domain = 0; partition = 0], 
nid005043:7616:8252 [0] NCCL INFO initialized internal alternative rsmi functionality
nid005043:7616:8252 [0] NCCL INFO bootstrapSplit: comm 0x4a9d3c20 parent 0x4a7a1300 rank 0 nranks 1 color 59908776 key 0 prev 0 next 0 - DONE
nid005043:7616:8252 [0] NCCL INFO ncclCommSplit comm 0x4a9d3c20 rank 0 nranks 1 cudaDev 0 nvmlDev 0 busId de000 parent 0x4a7a1300 color 59908776 key 0 commId 0xce15108eef4ee3cc - Init START
nid005043:7616:8252 [0] NCCL INFO initialized internal alternative rsmi functionality
nid005043:7616:8252 [0] NCCL INFO Setting affinity for GPU 0 to e000,00000000
nid005043:7616:8252 [0] NCCL INFO comm 0x4a9d3c20 rank 0 nRanks 1 nNodes 1 localRanks 1 localRank 0 MNNVL 0
nid005043:7616:8252 [0] NCCL INFO Channel 00/32 :    0
nid005043:7616:8252 [0] NCCL INFO Channel 01/32 :    0
nid005043:7616:8252 [0] NCCL INFO Channel 02/32 :    0
nid005043:7616:8252 [0] NCCL INFO Channel 03/32 :    0
nid005043:7616:8252 [0] NCCL INFO Channel 04/32 :    0
nid005043:7616:8252 [0] NCCL INFO Channel 05/32 :    0
nid005043:7616:8252 [0] NCCL INFO Channel 06/32 :    0
nid005043:7616:8252 [0] NCCL INFO Channel 07/32 :    0
nid005043:7616:8252 [0] NCCL INFO Channel 08/32 :    0
nid005043:7616:8252 [0] NCCL INFO Channel 09/32 :    0
nid005043:7616:8252 [0] NCCL INFO Channel 10/32 :    0
nid005043:7616:8252 [0] NCCL INFO Channel 11/32 :    0
nid005043:7616:8252 [0] NCCL INFO Channel 12/32 :    0
nid005043:7616:8252 [0] NCCL INFO Channel 13/32 :    0
nid005043:7616:8252 [0] NCCL INFO Channel 14/32 :    0
nid005043:7616:8252 [0] NCCL INFO Channel 15/32 :    0
nid005043:7616:8252 [0] NCCL INFO Channel 16/32 :    0
nid005043:7616:8252 [0] NCCL INFO Channel 17/32 :    0
nid005043:7616:8252 [0] NCCL INFO Channel 18/32 :    0
nid005043:7616:8252 [0] NCCL INFO Channel 19/32 :    0
nid005043:7616:8252 [0] NCCL INFO Channel 20/32 :    0
nid005043:7616:8252 [0] NCCL INFO Channel 21/32 :    0
nid005043:7616:8252 [0] NCCL INFO Channel 22/32 :    0
nid005043:7616:8252 [0] NCCL INFO Channel 23/32 :    0
nid005043:7616:8252 [0] NCCL INFO Channel 24/32 :    0
nid005043:7616:8252 [0] NCCL INFO Channel 25/32 :    0
nid005043:7616:8252 [0] NCCL INFO Channel 26/32 :    0
nid005043:7616:8252 [0] NCCL INFO Channel 27/32 :    0
nid005043:7616:8252 [0] NCCL INFO Channel 28/32 :    0
nid005043:7616:8252 [0] NCCL INFO Channel 29/32 :    0
nid005043:7616:8252 [0] NCCL INFO Channel 30/32 :    0
nid005043:7616:8252 [0] NCCL INFO Channel 31/32 :    0
nid005043:7616:8252 [0] NCCL INFO Trees [0] -1/-1/-1->0->-1 [1] -1/-1/-1->0->-1 [2] -1/-1/-1->0->-1 [3] -1/-1/-1->0->-1 [4] -1/-1/-1->0->-1 [5] -1/-1/-1->0->-1 [6] -1/-1/-1->0->-1 [7] -1/-1/-1->0->-1 [8] -1/-1/-1->0->-1 [9] -1/-1/-1->0->-1 [10] -1/-1/-1->0->-1 [11] -1/-1/-1->0->-1 [12] -1/-1/-1->0->-1 [13] -1/-1/-1->0->-1 [14] -1/-1/-1->0->-1 [15] -1/-1/-1->0->-1 [16] -1/-1/-1->0->-1 [17] -1/-1/-1->0->-1 [18] -1/-1/-1->0->-1 [19] -1/-1/-1->0->-1 [20] -1/-1/-1->0->-1 [21] -1/-1/-1->0->-1 [22] -1/-1/-1->0->-1 [23] -1/-1/-1->0->-1 [24] -1/-1/-1->0->-1 [25] -1/-1/-1->0->-1 [26] -1/-1/-1->0->-1 [27] -1/-1/-1->0->-1 [28] -1/-1/-1->0->-1 [29] -1/-1/-1->0->-1 [30] -1/-1/-1->0->-1 [31] -1/-1/-1->0->-1 comm 0x4a9d3c20 nRanks 01 busId de000
nid005043:7616:8252 [0] NCCL INFO P2P Chunksize set to 131072
nid005043:7616:8252 [0] NCCL INFO 32 coll channels, 32 collnet channels, 0 nvls channels, 32 p2p channels, 32 p2p channels per peer
nid005043:7616:8252 [0] NCCL INFO CC Off, Multi-GPU CC Off, workFifoBytes 1048576
nid005043:7616:8252 [0] NCCL INFO ncclCommSplit comm 0x4a9d3c20 rank 0 nranks 1 cudaDev 0 nvmlDev 0 busId de000 parent 0x4a7a1300 color 59908776 key 0 commId 0xce15108eef4ee3cc localSize 272 used 405079936 bytes on core 47 - Init COMPLETE
nid005043:7616:8252 [0] NCCL INFO Init timings: rank 0 nranks 1 total 0.12 (kernels 0.00, bootstrap 0.01, allgathers 0.00, topo 0.10, graphs 0.00, connections 0.01, rest 0.00)
Running with DeepSpeed MoE backend
[Rank 0] time (ms) | fwd_microstep: 2034.46 | bwd_microstep: 838.13 | bwd_inner_microstep: 836.32 | bwd_allreduce_microstep: 1.70 | step_microstep: 54.52
[Rank 0] time (ms) | fwd: 2034.44 | bwd: 838.15 | bwd_inner: 836.36 | bwd_allreduce: 1.70 | step: 54.51
[Rank 0] time (ms) | fwd_microstep: 9.87 | bwd_microstep: 9.36 | bwd_inner_microstep: 8.55 | bwd_allreduce_microstep: 0.79 | step_microstep: 16.03
[Rank 0] time (ms) | fwd: 9.86 | bwd: 9.36 | bwd_inner: 8.55 | bwd_allreduce: 0.79 | step: 16.03
[Rank 0] time (ms) | fwd_microstep: 9.59 | bwd_microstep: 9.36 | bwd_inner_microstep: 8.54 | bwd_allreduce_microstep: 0.80 | step_microstep: 16.05
[Rank 0] time (ms) | fwd: 9.58 | bwd: 9.36 | bwd_inner: 8.54 | bwd_allreduce: 0.80 | step: 16.05
[Rank 0] time (ms) | fwd_microstep: 9.58 | bwd_microstep: 9.35 | bwd_inner_microstep: 8.55 | bwd_allreduce_microstep: 0.79 | step_microstep: 16.11
[Rank 0] time (ms) | fwd: 9.57 | bwd: 9.35 | bwd_inner: 8.55 | bwd_allreduce: 0.79 | step: 16.12
[Rank 0] time (ms) | fwd_microstep: 9.61 | bwd_microstep: 9.34 | bwd_inner_microstep: 8.54 | bwd_allreduce_microstep: 0.79 | step_microstep: 16.14
[Rank 0] time (ms) | fwd: 9.60 | bwd: 9.34 | bwd_inner: 8.54 | bwd_allreduce: 0.79 | step: 16.15
[Rank 0] time (ms) | fwd_microstep: 9.66 | bwd_microstep: 9.37 | bwd_inner_microstep: 8.56 | bwd_allreduce_microstep: 0.79 | step_microstep: 16.15
[Rank 0] time (ms) | fwd: 9.65 | bwd: 9.37 | bwd_inner: 8.56 | bwd_allreduce: 0.79 | step: 16.15
[Rank 0] time (ms) | fwd_microstep: 9.66 | bwd_microstep: 9.34 | bwd_inner_microstep: 8.54 | bwd_allreduce_microstep: 0.79 | step_microstep: 16.13
[Rank 0] time (ms) | fwd: 9.65 | bwd: 9.34 | bwd_inner: 8.54 | bwd_allreduce: 0.79 | step: 16.13
[Rank 0] time (ms) | fwd_microstep: 9.69 | bwd_microstep: 9.36 | bwd_inner_microstep: 8.56 | bwd_allreduce_microstep: 0.79 | step_microstep: 16.18
[Rank 0] time (ms) | fwd: 9.69 | bwd: 9.36 | bwd_inner: 8.56 | bwd_allreduce: 0.79 | step: 16.20
[Rank 0] time (ms) | fwd_microstep: 9.87 | bwd_microstep: 9.35 | bwd_inner_microstep: 8.53 | bwd_allreduce_microstep: 0.80 | step_microstep: 16.20
[Rank 0] time (ms) | fwd: 9.86 | bwd: 9.35 | bwd_inner: 8.53 | bwd_allreduce: 0.80 | step: 16.20
[Rank 0] time (ms) | fwd_microstep: 9.71 | bwd_microstep: 9.34 | bwd_inner_microstep: 8.54 | bwd_allreduce_microstep: 0.79 | step_microstep: 16.37
[Rank 0] time (ms) | fwd: 9.71 | bwd: 9.34 | bwd_inner: 8.54 | bwd_allreduce: 0.79 | step: 16.37
step=10 step_time=0.0381s tok/s=107605.99 mem_alloc=2466733056
[Rank 0] time (ms) | fwd_microstep: 9.78 | bwd_microstep: 9.35 | bwd_inner_microstep: 8.55 | bwd_allreduce_microstep: 0.79 | step_microstep: 16.12
[Rank 0] time (ms) | fwd: 9.77 | bwd: 9.35 | bwd_inner: 8.55 | bwd_allreduce: 0.79 | step: 16.17
[Rank 0] time (ms) | fwd_microstep: 9.70 | bwd_microstep: 9.36 | bwd_inner_microstep: 8.55 | bwd_allreduce_microstep: 0.79 | step_microstep: 16.09
[Rank 0] time (ms) | fwd: 9.69 | bwd: 9.36 | bwd_inner: 8.55 | bwd_allreduce: 0.79 | step: 16.09
[Rank 0] time (ms) | fwd_microstep: 9.74 | bwd_microstep: 9.36 | bwd_inner_microstep: 8.55 | bwd_allreduce_microstep: 0.79 | step_microstep: 16.13
[Rank 0] time (ms) | fwd: 9.73 | bwd: 9.36 | bwd_inner: 8.55 | bwd_allreduce: 0.79 | step: 16.12
[Rank 0] time (ms) | fwd_microstep: 9.73 | bwd_microstep: 9.34 | bwd_inner_microstep: 8.53 | bwd_allreduce_microstep: 0.79 | step_microstep: 16.14
[Rank 0] time (ms) | fwd: 9.72 | bwd: 9.34 | bwd_inner: 8.53 | bwd_allreduce: 0.79 | step: 16.15
[Rank 0] time (ms) | fwd_microstep: 9.98 | bwd_microstep: 9.34 | bwd_inner_microstep: 8.53 | bwd_allreduce_microstep: 0.79 | step_microstep: 16.07
[Rank 0] time (ms) | fwd: 9.97 | bwd: 9.34 | bwd_inner: 8.53 | bwd_allreduce: 0.79 | step: 16.09
[Rank 0] time (ms) | fwd_microstep: 9.76 | bwd_microstep: 9.35 | bwd_inner_microstep: 8.55 | bwd_allreduce_microstep: 0.79 | step_microstep: 16.14
[Rank 0] time (ms) | fwd: 9.75 | bwd: 9.35 | bwd_inner: 8.55 | bwd_allreduce: 0.79 | step: 16.14
[Rank 0] time (ms) | fwd_microstep: 9.84 | bwd_microstep: 9.34 | bwd_inner_microstep: 8.54 | bwd_allreduce_microstep: 0.79 | step_microstep: 16.16
[Rank 0] time (ms) | fwd: 9.83 | bwd: 9.34 | bwd_inner: 8.54 | bwd_allreduce: 0.79 | step: 16.16
[Rank 0] time (ms) | fwd_microstep: 9.90 | bwd_microstep: 9.35 | bwd_inner_microstep: 8.54 | bwd_allreduce_microstep: 0.79 | step_microstep: 16.09
[Rank 0] time (ms) | fwd: 9.89 | bwd: 9.35 | bwd_inner: 8.54 | bwd_allreduce: 0.79 | step: 16.09
[Rank 0] time (ms) | fwd_microstep: 9.84 | bwd_microstep: 9.34 | bwd_inner_microstep: 8.53 | bwd_allreduce_microstep: 0.79 | step_microstep: 16.14
[Rank 0] time (ms) | fwd: 9.84 | bwd: 9.34 | bwd_inner: 8.53 | bwd_allreduce: 0.79 | step: 16.14
[Rank 0] time (ms) | fwd_microstep: 9.88 | bwd_microstep: 9.35 | bwd_inner_microstep: 8.55 | bwd_allreduce_microstep: 0.79 | step_microstep: 16.32
[Rank 0] time (ms) | fwd: 9.87 | bwd: 9.35 | bwd_inner: 8.55 | bwd_allreduce: 0.79 | step: 16.32
step=20 step_time=0.0382s tok/s=107192.75 mem_alloc=2466733056
[Rank 0] time (ms) | fwd_microstep: 9.96 | bwd_microstep: 9.34 | bwd_inner_microstep: 8.52 | bwd_allreduce_microstep: 0.80 | step_microstep: 16.07
[Rank 0] time (ms) | fwd: 9.95 | bwd: 9.34 | bwd_inner: 8.52 | bwd_allreduce: 0.80 | step: 16.07
[Rank 0] time (ms) | fwd_microstep: 9.97 | bwd_microstep: 9.36 | bwd_inner_microstep: 8.55 | bwd_allreduce_microstep: 0.79 | step_microstep: 16.04
[Rank 0] time (ms) | fwd: 9.96 | bwd: 9.36 | bwd_inner: 8.55 | bwd_allreduce: 0.79 | step: 16.05
[Rank 0] time (ms) | fwd_microstep: 10.00 | bwd_microstep: 9.38 | bwd_inner_microstep: 8.57 | bwd_allreduce_microstep: 0.79 | step_microstep: 16.14
[Rank 0] time (ms) | fwd: 9.99 | bwd: 9.38 | bwd_inner: 8.57 | bwd_allreduce: 0.79 | step: 16.13
[Rank 0] time (ms) | fwd_microstep: 10.00 | bwd_microstep: 9.36 | bwd_inner_microstep: 8.55 | bwd_allreduce_microstep: 0.79 | step_microstep: 16.20
[Rank 0] time (ms) | fwd: 9.99 | bwd: 9.36 | bwd_inner: 8.55 | bwd_allreduce: 0.79 | step: 16.20
[Rank 0] time (ms) | fwd_microstep: 10.18 | bwd_microstep: 9.35 | bwd_inner_microstep: 8.54 | bwd_allreduce_microstep: 0.79 | step_microstep: 16.17
[Rank 0] time (ms) | fwd: 10.17 | bwd: 9.35 | bwd_inner: 8.54 | bwd_allreduce: 0.79 | step: 16.18
[Rank 0] time (ms) | fwd_microstep: 10.20 | bwd_microstep: 9.35 | bwd_inner_microstep: 8.54 | bwd_allreduce_microstep: 0.79 | step_microstep: 16.19
[Rank 0] time (ms) | fwd: 10.19 | bwd: 9.35 | bwd_inner: 8.54 | bwd_allreduce: 0.79 | step: 16.17
[Rank 0] time (ms) | fwd_microstep: 10.14 | bwd_microstep: 9.38 | bwd_inner_microstep: 8.56 | bwd_allreduce_microstep: 0.80 | step_microstep: 16.20
[Rank 0] time (ms) | fwd: 10.13 | bwd: 9.38 | bwd_inner: 8.55 | bwd_allreduce: 0.80 | step: 16.20
[Rank 0] time (ms) | fwd_microstep: 10.18 | bwd_microstep: 9.34 | bwd_inner_microstep: 8.53 | bwd_allreduce_microstep: 0.79 | step_microstep: 16.22
[Rank 0] time (ms) | fwd: 10.17 | bwd: 9.34 | bwd_inner: 8.53 | bwd_allreduce: 0.79 | step: 16.24
[Rank 0] time (ms) | fwd_microstep: 10.25 | bwd_microstep: 9.35 | bwd_inner_microstep: 8.55 | bwd_allreduce_microstep: 0.79 | step_microstep: 16.08
[Rank 0] time (ms) | fwd: 10.24 | bwd: 9.35 | bwd_inner: 8.55 | bwd_allreduce: 0.79 | step: 16.08
[Rank 0] time (ms) | fwd_microstep: 10.24 | bwd_microstep: 9.36 | bwd_inner_microstep: 8.56 | bwd_allreduce_microstep: 0.79 | step_microstep: 16.46
[Rank 0] time (ms) | fwd: 10.23 | bwd: 9.36 | bwd_inner: 8.56 | bwd_allreduce: 0.79 | step: 16.47
step=30 step_time=0.0387s tok/s=105848.52 mem_alloc=2466733056
[Rank 0] time (ms) | fwd_microstep: 10.28 | bwd_microstep: 9.34 | bwd_inner_microstep: 8.53 | bwd_allreduce_microstep: 0.79 | step_microstep: 16.06
[Rank 0] time (ms) | fwd: 10.28 | bwd: 9.34 | bwd_inner: 8.53 | bwd_allreduce: 0.79 | step: 16.06
[Rank 0] time (ms) | fwd_microstep: 10.33 | bwd_microstep: 9.35 | bwd_inner_microstep: 8.54 | bwd_allreduce_microstep: 0.79 | step_microstep: 16.04
[Rank 0] time (ms) | fwd: 10.33 | bwd: 9.35 | bwd_inner: 8.54 | bwd_allreduce: 0.79 | step: 16.04
[Rank 0] time (ms) | fwd_microstep: 10.39 | bwd_microstep: 9.36 | bwd_inner_microstep: 8.54 | bwd_allreduce_microstep: 0.80 | step_microstep: 16.16
[Rank 0] time (ms) | fwd: 10.38 | bwd: 9.36 | bwd_inner: 8.54 | bwd_allreduce: 0.80 | step: 16.16
[Rank 0] time (ms) | fwd_microstep: 10.41 | bwd_microstep: 9.35 | bwd_inner_microstep: 8.55 | bwd_allreduce_microstep: 0.79 | step_microstep: 16.04
[Rank 0] time (ms) | fwd: 10.41 | bwd: 9.35 | bwd_inner: 8.55 | bwd_allreduce: 0.79 | step: 16.06
[Rank 0] time (ms) | fwd_microstep: 10.46 | bwd_microstep: 9.35 | bwd_inner_microstep: 8.54 | bwd_allreduce_microstep: 0.79 | step_microstep: 16.14
[Rank 0] time (ms) | fwd: 10.45 | bwd: 9.35 | bwd_inner: 8.54 | bwd_allreduce: 0.79 | step: 16.14
[Rank 0] time (ms) | fwd_microstep: 10.50 | bwd_microstep: 9.37 | bwd_inner_microstep: 8.56 | bwd_allreduce_microstep: 0.79 | step_microstep: 16.13
[Rank 0] time (ms) | fwd: 10.49 | bwd: 9.37 | bwd_inner: 8.56 | bwd_allreduce: 0.79 | step: 16.14
[Rank 0] time (ms) | fwd_microstep: 10.59 | bwd_microstep: 9.34 | bwd_inner_microstep: 8.53 | bwd_allreduce_microstep: 0.79 | step_microstep: 16.13
[Rank 0] time (ms) | fwd: 10.58 | bwd: 9.34 | bwd_inner: 8.53 | bwd_allreduce: 0.79 | step: 16.18
[Rank 0] time (ms) | fwd_microstep: 10.53 | bwd_microstep: 9.36 | bwd_inner_microstep: 8.55 | bwd_allreduce_microstep: 0.79 | step_microstep: 16.09
[Rank 0] time (ms) | fwd: 10.53 | bwd: 9.36 | bwd_inner: 8.55 | bwd_allreduce: 0.79 | step: 16.09
[Rank 0] time (ms) | fwd_microstep: 10.65 | bwd_microstep: 9.35 | bwd_inner_microstep: 8.54 | bwd_allreduce_microstep: 0.80 | step_microstep: 16.06
[Rank 0] time (ms) | fwd: 10.64 | bwd: 9.35 | bwd_inner: 8.54 | bwd_allreduce: 0.80 | step: 16.07
[Rank 0] time (ms) | fwd_microstep: 10.93 | bwd_microstep: 9.37 | bwd_inner_microstep: 8.56 | bwd_allreduce_microstep: 0.79 | step_microstep: 16.30
[Rank 0] time (ms) | fwd: 10.92 | bwd: 9.37 | bwd_inner: 8.56 | bwd_allreduce: 0.79 | step: 16.30
step=40 step_time=0.0392s tok/s=104415.19 mem_alloc=2466733056
[Rank 0] time (ms) | fwd_microstep: 10.79 | bwd_microstep: 9.36 | bwd_inner_microstep: 8.55 | bwd_allreduce_microstep: 0.79 | step_microstep: 16.12
[Rank 0] time (ms) | fwd: 10.79 | bwd: 9.36 | bwd_inner: 8.55 | bwd_allreduce: 0.79 | step: 16.12
[Rank 0] time (ms) | fwd_microstep: 10.77 | bwd_microstep: 9.37 | bwd_inner_microstep: 8.56 | bwd_allreduce_microstep: 0.78 | step_microstep: 16.13
[Rank 0] time (ms) | fwd: 10.76 | bwd: 9.37 | bwd_inner: 8.56 | bwd_allreduce: 0.79 | step: 16.18
[Rank 0] time (ms) | fwd_microstep: 10.88 | bwd_microstep: 9.36 | bwd_inner_microstep: 8.55 | bwd_allreduce_microstep: 0.79 | step_microstep: 16.21
[Rank 0] time (ms) | fwd: 10.87 | bwd: 9.36 | bwd_inner: 8.55 | bwd_allreduce: 0.79 | step: 16.22
[Rank 0] time (ms) | fwd_microstep: 10.86 | bwd_microstep: 9.36 | bwd_inner_microstep: 8.55 | bwd_allreduce_microstep: 0.79 | step_microstep: 16.22
[Rank 0] time (ms) | fwd: 10.85 | bwd: 9.36 | bwd_inner: 8.55 | bwd_allreduce: 0.79 | step: 16.22
[Rank 0] time (ms) | fwd_microstep: 10.87 | bwd_microstep: 9.37 | bwd_inner_microstep: 8.55 | bwd_allreduce_microstep: 0.80 | step_microstep: 16.08
[Rank 0] time (ms) | fwd: 10.86 | bwd: 9.37 | bwd_inner: 8.55 | bwd_allreduce: 0.80 | step: 16.13
[Rank 0] time (ms) | fwd_microstep: 10.95 | bwd_microstep: 9.37 | bwd_inner_microstep: 8.56 | bwd_allreduce_microstep: 0.79 | step_microstep: 16.14
[Rank 0] time (ms) | fwd: 10.94 | bwd: 9.37 | bwd_inner: 8.56 | bwd_allreduce: 0.79 | step: 16.18
[Rank 0] time (ms) | fwd_microstep: 10.98 | bwd_microstep: 9.35 | bwd_inner_microstep: 8.54 | bwd_allreduce_microstep: 0.79 | step_microstep: 16.15
[Rank 0] time (ms) | fwd: 10.97 | bwd: 9.35 | bwd_inner: 8.54 | bwd_allreduce: 0.79 | step: 16.20
[Rank 0] time (ms) | fwd_microstep: 11.04 | bwd_microstep: 9.38 | bwd_inner_microstep: 8.57 | bwd_allreduce_microstep: 0.79 | step_microstep: 16.20
[Rank 0] time (ms) | fwd: 11.04 | bwd: 9.38 | bwd_inner: 8.57 | bwd_allreduce: 0.79 | step: 16.21
[Rank 0] time (ms) | fwd_microstep: 11.10 | bwd_microstep: 9.35 | bwd_inner_microstep: 8.54 | bwd_allreduce_microstep: 0.79 | step_microstep: 16.11
[Rank 0] time (ms) | fwd: 11.09 | bwd: 9.35 | bwd_inner: 8.54 | bwd_allreduce: 0.79 | step: 16.11
[Rank 0] time (ms) | fwd_microstep: 11.07 | bwd_microstep: 9.35 | bwd_inner_microstep: 8.54 | bwd_allreduce_microstep: 0.79 | step_microstep: 16.33
[Rank 0] time (ms) | fwd: 11.06 | bwd: 9.35 | bwd_inner: 8.54 | bwd_allreduce: 0.79 | step: 16.33
step=50 step_time=0.0394s tok/s=103986.17 mem_alloc=2466733056
[Rank 0] time (ms) | fwd_microstep: 11.14 | bwd_microstep: 9.35 | bwd_inner_microstep: 8.53 | bwd_allreduce_microstep: 0.80 | step_microstep: 16.08
[Rank 0] time (ms) | fwd: 11.13 | bwd: 9.35 | bwd_inner: 8.53 | bwd_allreduce: 0.80 | step: 16.08
[Rank 0] time (ms) | fwd_microstep: 11.22 | bwd_microstep: 9.37 | bwd_inner_microstep: 8.56 | bwd_allreduce_microstep: 0.80 | step_microstep: 16.10
[Rank 0] time (ms) | fwd: 11.21 | bwd: 9.37 | bwd_inner: 8.56 | bwd_allreduce: 0.80 | step: 16.10
[Rank 0] time (ms) | fwd_microstep: 11.22 | bwd_microstep: 9.35 | bwd_inner_microstep: 8.55 | bwd_allreduce_microstep: 0.79 | step_microstep: 16.17
[Rank 0] time (ms) | fwd: 11.22 | bwd: 9.35 | bwd_inner: 8.55 | bwd_allreduce: 0.79 | step: 16.22
[Rank 0] time (ms) | fwd_microstep: 11.25 | bwd_microstep: 9.34 | bwd_inner_microstep: 8.53 | bwd_allreduce_microstep: 0.79 | step_microstep: 16.12
[Rank 0] time (ms) | fwd: 11.24 | bwd: 9.34 | bwd_inner: 8.53 | bwd_allreduce: 0.79 | step: 16.13
[Rank 0] time (ms) | fwd_microstep: 11.36 | bwd_microstep: 9.36 | bwd_inner_microstep: 8.55 | bwd_allreduce_microstep: 0.79 | step_microstep: 16.10
[Rank 0] time (ms) | fwd: 11.35 | bwd: 9.36 | bwd_inner: 8.55 | bwd_allreduce: 0.79 | step: 16.11
[Rank 0] time (ms) | fwd_microstep: 11.38 | bwd_microstep: 9.35 | bwd_inner_microstep: 8.54 | bwd_allreduce_microstep: 0.79 | step_microstep: 16.06
[Rank 0] time (ms) | fwd: 11.37 | bwd: 9.35 | bwd_inner: 8.54 | bwd_allreduce: 0.79 | step: 16.06
[Rank 0] time (ms) | fwd_microstep: 11.45 | bwd_microstep: 9.36 | bwd_inner_microstep: 8.55 | bwd_allreduce_microstep: 0.79 | step_microstep: 16.18
[Rank 0] time (ms) | fwd: 11.45 | bwd: 9.36 | bwd_inner: 8.55 | bwd_allreduce: 0.79 | step: 16.18
[Rank 0] time (ms) | fwd_microstep: 11.47 | bwd_microstep: 9.34 | bwd_inner_microstep: 8.54 | bwd_allreduce_microstep: 0.79 | step_microstep: 16.09
[Rank 0] time (ms) | fwd: 11.46 | bwd: 9.34 | bwd_inner: 8.54 | bwd_allreduce: 0.79 | step: 16.09
[Rank 0] time (ms) | fwd_microstep: 11.48 | bwd_microstep: 9.37 | bwd_inner_microstep: 8.56 | bwd_allreduce_microstep: 0.79 | step_microstep: 16.17
[Rank 0] time (ms) | fwd: 11.47 | bwd: 9.37 | bwd_inner: 8.56 | bwd_allreduce: 0.79 | step: 16.17
[Rank 0] time (ms) | fwd_microstep: 11.54 | bwd_microstep: 9.37 | bwd_inner_microstep: 8.56 | bwd_allreduce_microstep: 0.79 | step_microstep: 16.33
[Rank 0] time (ms) | fwd: 11.53 | bwd: 9.37 | bwd_inner: 8.56 | bwd_allreduce: 0.79 | step: 16.33
step=60 step_time=0.0399s tok/s=102596.17 mem_alloc=2466733056
[Rank 0] time (ms) | fwd_microstep: 11.62 | bwd_microstep: 9.35 | bwd_inner_microstep: 8.55 | bwd_allreduce_microstep: 0.79 | step_microstep: 16.06
[Rank 0] time (ms) | fwd: 11.61 | bwd: 9.35 | bwd_inner: 8.55 | bwd_allreduce: 0.79 | step: 16.07
[Rank 0] time (ms) | fwd_microstep: 11.61 | bwd_microstep: 9.36 | bwd_inner_microstep: 8.55 | bwd_allreduce_microstep: 0.79 | step_microstep: 16.14
[Rank 0] time (ms) | fwd: 11.60 | bwd: 9.36 | bwd_inner: 8.55 | bwd_allreduce: 0.79 | step: 16.17
[Rank 0] time (ms) | fwd_microstep: 11.68 | bwd_microstep: 9.35 | bwd_inner_microstep: 8.53 | bwd_allreduce_microstep: 0.80 | step_microstep: 16.08
[Rank 0] time (ms) | fwd: 11.67 | bwd: 9.35 | bwd_inner: 8.53 | bwd_allreduce: 0.80 | step: 16.08
[Rank 0] time (ms) | fwd_microstep: 11.69 | bwd_microstep: 9.35 | bwd_inner_microstep: 8.55 | bwd_allreduce_microstep: 0.79 | step_microstep: 16.17
[Rank 0] time (ms) | fwd: 11.68 | bwd: 9.35 | bwd_inner: 8.55 | bwd_allreduce: 0.79 | step: 16.17
[Rank 0] time (ms) | fwd_microstep: 11.80 | bwd_microstep: 9.36 | bwd_inner_microstep: 8.55 | bwd_allreduce_microstep: 0.79 | step_microstep: 16.23
[Rank 0] time (ms) | fwd: 11.79 | bwd: 9.36 | bwd_inner: 8.55 | bwd_allreduce: 0.79 | step: 16.25
[Rank 0] time (ms) | fwd_microstep: 11.80 | bwd_microstep: 9.35 | bwd_inner_microstep: 8.54 | bwd_allreduce_microstep: 0.79 | step_microstep: 16.13
[Rank 0] time (ms) | fwd: 11.80 | bwd: 9.35 | bwd_inner: 8.54 | bwd_allreduce: 0.79 | step: 16.17
[Rank 0] time (ms) | fwd_microstep: 11.84 | bwd_microstep: 9.35 | bwd_inner_microstep: 8.54 | bwd_allreduce_microstep: 0.79 | step_microstep: 16.17
[Rank 0] time (ms) | fwd: 11.83 | bwd: 9.35 | bwd_inner: 8.54 | bwd_allreduce: 0.79 | step: 16.21
[Rank 0] time (ms) | fwd_microstep: 11.83 | bwd_microstep: 9.35 | bwd_inner_microstep: 8.54 | bwd_allreduce_microstep: 0.79 | step_microstep: 16.13
[Rank 0] time (ms) | fwd: 11.82 | bwd: 9.35 | bwd_inner: 8.54 | bwd_allreduce: 0.79 | step: 16.18
[Rank 0] time (ms) | fwd_microstep: 11.90 | bwd_microstep: 9.37 | bwd_inner_microstep: 8.55 | bwd_allreduce_microstep: 0.80 | step_microstep: 16.15
[Rank 0] time (ms) | fwd: 11.89 | bwd: 9.37 | bwd_inner: 8.55 | bwd_allreduce: 0.80 | step: 16.15
[Rank 0] time (ms) | fwd_microstep: 11.89 | bwd_microstep: 9.36 | bwd_inner_microstep: 8.56 | bwd_allreduce_microstep: 0.79 | step_microstep: 16.49
[Rank 0] time (ms) | fwd: 11.88 | bwd: 9.36 | bwd_inner: 8.56 | bwd_allreduce: 0.79 | step: 16.49
step=70 step_time=0.0404s tok/s=101406.54 mem_alloc=2466733056
[Rank 0] time (ms) | fwd_microstep: 12.04 | bwd_microstep: 9.35 | bwd_inner_microstep: 8.54 | bwd_allreduce_microstep: 0.79 | step_microstep: 16.15
[Rank 0] time (ms) | fwd: 12.03 | bwd: 9.35 | bwd_inner: 8.54 | bwd_allreduce: 0.79 | step: 16.18
[Rank 0] time (ms) | fwd_microstep: 12.01 | bwd_microstep: 9.36 | bwd_inner_microstep: 8.55 | bwd_allreduce_microstep: 0.79 | step_microstep: 16.03
[Rank 0] time (ms) | fwd: 12.01 | bwd: 9.36 | bwd_inner: 8.55 | bwd_allreduce: 0.79 | step: 16.03
[Rank 0] time (ms) | fwd_microstep: 12.01 | bwd_microstep: 9.36 | bwd_inner_microstep: 8.55 | bwd_allreduce_microstep: 0.79 | step_microstep: 16.12
[Rank 0] time (ms) | fwd: 12.00 | bwd: 9.36 | bwd_inner: 8.55 | bwd_allreduce: 0.79 | step: 16.12
[Rank 0] time (ms) | fwd_microstep: 12.07 | bwd_microstep: 9.38 | bwd_inner_microstep: 8.57 | bwd_allreduce_microstep: 0.79 | step_microstep: 16.11
[Rank 0] time (ms) | fwd: 12.07 | bwd: 9.38 | bwd_inner: 8.57 | bwd_allreduce: 0.79 | step: 16.11
[Rank 0] time (ms) | fwd_microstep: 12.14 | bwd_microstep: 9.36 | bwd_inner_microstep: 8.54 | bwd_allreduce_microstep: 0.80 | step_microstep: 16.21
[Rank 0] time (ms) | fwd: 12.14 | bwd: 9.36 | bwd_inner: 8.54 | bwd_allreduce: 0.80 | step: 16.22
[Rank 0] time (ms) | fwd_microstep: 12.20 | bwd_microstep: 9.36 | bwd_inner_microstep: 8.55 | bwd_allreduce_microstep: 0.79 | step_microstep: 16.22
[Rank 0] time (ms) | fwd: 12.19 | bwd: 9.36 | bwd_inner: 8.55 | bwd_allreduce: 0.79 | step: 16.22
[Rank 0] time (ms) | fwd_microstep: 12.28 | bwd_microstep: 9.35 | bwd_inner_microstep: 8.54 | bwd_allreduce_microstep: 0.79 | step_microstep: 16.10
[Rank 0] time (ms) | fwd: 12.27 | bwd: 9.35 | bwd_inner: 8.54 | bwd_allreduce: 0.79 | step: 16.15
[Rank 0] time (ms) | fwd_microstep: 12.23 | bwd_microstep: 9.37 | bwd_inner_microstep: 8.57 | bwd_allreduce_microstep: 0.79 | step_microstep: 16.13
[Rank 0] time (ms) | fwd: 12.22 | bwd: 9.37 | bwd_inner: 8.57 | bwd_allreduce: 0.79 | step: 16.15
[Rank 0] time (ms) | fwd_microstep: 12.31 | bwd_microstep: 9.34 | bwd_inner_microstep: 8.53 | bwd_allreduce_microstep: 0.79 | step_microstep: 16.17
[Rank 0] time (ms) | fwd: 12.30 | bwd: 9.34 | bwd_inner: 8.53 | bwd_allreduce: 0.79 | step: 16.17
[Rank 0] time (ms) | fwd_microstep: 12.36 | bwd_microstep: 9.34 | bwd_inner_microstep: 8.54 | bwd_allreduce_microstep: 0.79 | step_microstep: 16.40
[Rank 0] time (ms) | fwd: 12.35 | bwd: 9.34 | bwd_inner: 8.54 | bwd_allreduce: 0.79 | step: 16.40
step=80 step_time=0.0407s tok/s=100554.83 mem_alloc=2466733056
[Rank 0] time (ms) | fwd_microstep: 12.38 | bwd_microstep: 9.35 | bwd_inner_microstep: 8.54 | bwd_allreduce_microstep: 0.79 | step_microstep: 16.20
[Rank 0] time (ms) | fwd: 12.37 | bwd: 9.35 | bwd_inner: 8.54 | bwd_allreduce: 0.79 | step: 16.20
[Rank 0] time (ms) | fwd_microstep: 12.41 | bwd_microstep: 9.36 | bwd_inner_microstep: 8.55 | bwd_allreduce_microstep: 0.79 | step_microstep: 16.19
[Rank 0] time (ms) | fwd: 12.40 | bwd: 9.36 | bwd_inner: 8.55 | bwd_allreduce: 0.79 | step: 16.20
[Rank 0] time (ms) | fwd_microstep: 12.52 | bwd_microstep: 9.35 | bwd_inner_microstep: 8.54 | bwd_allreduce_microstep: 0.79 | step_microstep: 16.01
[Rank 0] time (ms) | fwd: 12.51 | bwd: 9.35 | bwd_inner: 8.54 | bwd_allreduce: 0.79 | step: 16.01
[Rank 0] time (ms) | fwd_microstep: 12.53 | bwd_microstep: 9.36 | bwd_inner_microstep: 8.55 | bwd_allreduce_microstep: 0.79 | step_microstep: 16.14
[Rank 0] time (ms) | fwd: 12.52 | bwd: 9.36 | bwd_inner: 8.55 | bwd_allreduce: 0.79 | step: 16.19
[Rank 0] time (ms) | fwd_microstep: 12.57 | bwd_microstep: 9.33 | bwd_inner_microstep: 8.53 | bwd_allreduce_microstep: 0.79 | step_microstep: 16.10
[Rank 0] time (ms) | fwd: 12.56 | bwd: 9.33 | bwd_inner: 8.53 | bwd_allreduce: 0.79 | step: 16.16
[Rank 0] time (ms) | fwd_microstep: 12.56 | bwd_microstep: 9.34 | bwd_inner_microstep: 8.53 | bwd_allreduce_microstep: 0.79 | step_microstep: 16.12
[Rank 0] time (ms) | fwd: 12.55 | bwd: 9.34 | bwd_inner: 8.53 | bwd_allreduce: 0.79 | step: 16.12
[Rank 0] time (ms) | fwd_microstep: 12.66 | bwd_microstep: 9.35 | bwd_inner_microstep: 8.54 | bwd_allreduce_microstep: 0.80 | step_microstep: 16.16
[Rank 0] time (ms) | fwd: 12.65 | bwd: 9.35 | bwd_inner: 8.54 | bwd_allreduce: 0.80 | step: 16.21
[Rank 0] time (ms) | fwd_microstep: 12.69 | bwd_microstep: 9.36 | bwd_inner_microstep: 8.56 | bwd_allreduce_microstep: 0.79 | step_microstep: 16.06
[Rank 0] time (ms) | fwd: 12.68 | bwd: 9.36 | bwd_inner: 8.56 | bwd_allreduce: 0.79 | step: 16.11
[Rank 0] time (ms) | fwd_microstep: 12.71 | bwd_microstep: 9.36 | bwd_inner_microstep: 8.56 | bwd_allreduce_microstep: 0.79 | step_microstep: 16.17
[Rank 0] time (ms) | fwd: 12.70 | bwd: 9.36 | bwd_inner: 8.56 | bwd_allreduce: 0.79 | step: 16.21
[Rank 0] time (ms) | fwd_microstep: 13.32 | bwd_microstep: 9.35 | bwd_inner_microstep: 8.55 | bwd_allreduce_microstep: 0.79 | step_microstep: 16.29
[Rank 0] time (ms) | fwd: 13.32 | bwd: 9.35 | bwd_inner: 8.55 | bwd_allreduce: 0.79 | step: 16.29
step=90 step_time=0.0416s tok/s=98403.77 mem_alloc=2466733056
[Rank 0] time (ms) | fwd_microstep: 12.84 | bwd_microstep: 9.33 | bwd_inner_microstep: 8.53 | bwd_allreduce_microstep: 0.79 | step_microstep: 16.18
[Rank 0] time (ms) | fwd: 12.83 | bwd: 9.33 | bwd_inner: 8.53 | bwd_allreduce: 0.79 | step: 16.23
[Rank 0] time (ms) | fwd_microstep: 12.91 | bwd_microstep: 9.38 | bwd_inner_microstep: 8.57 | bwd_allreduce_microstep: 0.79 | step_microstep: 16.19
[Rank 0] time (ms) | fwd: 12.90 | bwd: 9.38 | bwd_inner: 8.57 | bwd_allreduce: 0.79 | step: 16.19
[Rank 0] time (ms) | fwd_microstep: 12.89 | bwd_microstep: 9.35 | bwd_inner_microstep: 8.53 | bwd_allreduce_microstep: 0.80 | step_microstep: 16.06
[Rank 0] time (ms) | fwd: 12.88 | bwd: 9.35 | bwd_inner: 8.53 | bwd_allreduce: 0.80 | step: 16.06
[Rank 0] time (ms) | fwd_microstep: 12.96 | bwd_microstep: 9.36 | bwd_inner_microstep: 8.55 | bwd_allreduce_microstep: 0.79 | step_microstep: 16.05
[Rank 0] time (ms) | fwd: 12.95 | bwd: 9.36 | bwd_inner: 8.55 | bwd_allreduce: 0.79 | step: 16.11
[Rank 0] time (ms) | fwd_microstep: 12.97 | bwd_microstep: 9.35 | bwd_inner_microstep: 8.55 | bwd_allreduce_microstep: 0.79 | step_microstep: 16.10
[Rank 0] time (ms) | fwd: 12.97 | bwd: 9.35 | bwd_inner: 8.55 | bwd_allreduce: 0.79 | step: 16.16
[Rank 0] time (ms) | fwd_microstep: 13.02 | bwd_microstep: 9.37 | bwd_inner_microstep: 8.57 | bwd_allreduce_microstep: 0.78 | step_microstep: 16.10
[Rank 0] time (ms) | fwd: 13.01 | bwd: 9.37 | bwd_inner: 8.57 | bwd_allreduce: 0.78 | step: 16.10
[Rank 0] time (ms) | fwd_microstep: 13.03 | bwd_microstep: 9.36 | bwd_inner_microstep: 8.55 | bwd_allreduce_microstep: 0.79 | step_microstep: 16.08
[Rank 0] time (ms) | fwd: 13.02 | bwd: 9.36 | bwd_inner: 8.55 | bwd_allreduce: 0.79 | step: 16.08
[Rank 0] time (ms) | fwd_microstep: 13.07 | bwd_microstep: 9.36 | bwd_inner_microstep: 8.55 | bwd_allreduce_microstep: 0.79 | step_microstep: 16.14
[Rank 0] time (ms) | fwd: 13.06 | bwd: 9.36 | bwd_inner: 8.55 | bwd_allreduce: 0.79 | step: 16.15
[Rank 0] time (ms) | fwd_microstep: 13.11 | bwd_microstep: 9.38 | bwd_inner_microstep: 8.56 | bwd_allreduce_microstep: 0.80 | step_microstep: 16.21
[Rank 0] time (ms) | fwd: 13.10 | bwd: 9.38 | bwd_inner: 8.56 | bwd_allreduce: 0.80 | step: 16.23
[Rank 0] time (ms) | fwd_microstep: 13.19 | bwd_microstep: 9.37 | bwd_inner_microstep: 8.56 | bwd_allreduce_microstep: 0.79 | step_microstep: 16.23
[Rank 0] time (ms) | fwd: 13.18 | bwd: 9.37 | bwd_inner: 8.56 | bwd_allreduce: 0.79 | step: 16.23
step=100 step_time=0.0414s tok/s=98818.39 mem_alloc=2466733056
[Rank 0] time (ms) | fwd_microstep: 13.28 | bwd_microstep: 9.35 | bwd_inner_microstep: 8.55 | bwd_allreduce_microstep: 0.78 | step_microstep: 16.12
[Rank 0] time (ms) | fwd: 13.27 | bwd: 9.35 | bwd_inner: 8.55 | bwd_allreduce: 0.78 | step: 16.14
[Rank 0] time (ms) | fwd_microstep: 13.27 | bwd_microstep: 9.36 | bwd_inner_microstep: 8.55 | bwd_allreduce_microstep: 0.79 | step_microstep: 16.13
[Rank 0] time (ms) | fwd: 13.26 | bwd: 9.36 | bwd_inner: 8.55 | bwd_allreduce: 0.79 | step: 16.18
[Rank 0] time (ms) | fwd_microstep: 13.38 | bwd_microstep: 9.36 | bwd_inner_microstep: 8.55 | bwd_allreduce_microstep: 0.79 | step_microstep: 16.19
[Rank 0] time (ms) | fwd: 13.37 | bwd: 9.36 | bwd_inner: 8.55 | bwd_allreduce: 0.79 | step: 16.24
[Rank 0] time (ms) | fwd_microstep: 13.31 | bwd_microstep: 9.37 | bwd_inner_microstep: 8.57 | bwd_allreduce_microstep: 0.78 | step_microstep: 16.18
[Rank 0] time (ms) | fwd: 13.30 | bwd: 9.37 | bwd_inner: 8.57 | bwd_allreduce: 0.78 | step: 16.18
[Rank 0] time (ms) | fwd_microstep: 13.44 | bwd_microstep: 9.35 | bwd_inner_microstep: 8.53 | bwd_allreduce_microstep: 0.80 | step_microstep: 16.20
[Rank 0] time (ms) | fwd: 13.43 | bwd: 9.35 | bwd_inner: 8.53 | bwd_allreduce: 0.80 | step: 16.24
[Rank 0] time (ms) | fwd_microstep: 13.38 | bwd_microstep: 9.37 | bwd_inner_microstep: 8.56 | bwd_allreduce_microstep: 0.79 | step_microstep: 16.20
[Rank 0] time (ms) | fwd: 13.38 | bwd: 9.37 | bwd_inner: 8.56 | bwd_allreduce: 0.79 | step: 16.20
[Rank 0] time (ms) | fwd_microstep: 13.51 | bwd_microstep: 9.34 | bwd_inner_microstep: 8.54 | bwd_allreduce_microstep: 0.79 | step_microstep: 16.05
[Rank 0] time (ms) | fwd: 13.50 | bwd: 9.34 | bwd_inner: 8.54 | bwd_allreduce: 0.79 | step: 16.05
[Rank 0] time (ms) | fwd_microstep: 13.54 | bwd_microstep: 9.36 | bwd_inner_microstep: 8.56 | bwd_allreduce_microstep: 0.78 | step_microstep: 16.05
[Rank 0] time (ms) | fwd: 13.53 | bwd: 9.36 | bwd_inner: 8.56 | bwd_allreduce: 0.78 | step: 16.06
[Rank 0] time (ms) | fwd_microstep: 13.58 | bwd_microstep: 9.36 | bwd_inner_microstep: 8.56 | bwd_allreduce_microstep: 0.79 | step_microstep: 16.22
[Rank 0] time (ms) | fwd: 13.58 | bwd: 9.36 | bwd_inner: 8.56 | bwd_allreduce: 0.79 | step: 16.23
[Rank 0] time (ms) | fwd_microstep: 13.53 | bwd_microstep: 9.35 | bwd_inner_microstep: 8.53 | bwd_allreduce_microstep: 0.79 | step_microstep: 16.44
[Rank 0] time (ms) | fwd: 13.53 | bwd: 9.35 | bwd_inner: 8.53 | bwd_allreduce: 0.79 | step: 16.44
step=110 step_time=0.0420s tok/s=97632.49 mem_alloc=2466733056
[Rank 0] time (ms) | fwd_microstep: 13.61 | bwd_microstep: 9.37 | bwd_inner_microstep: 8.56 | bwd_allreduce_microstep: 0.80 | step_microstep: 16.19
[Rank 0] time (ms) | fwd: 13.60 | bwd: 9.37 | bwd_inner: 8.56 | bwd_allreduce: 0.80 | step: 16.19
[Rank 0] time (ms) | fwd_microstep: 13.70 | bwd_microstep: 9.37 | bwd_inner_microstep: 8.56 | bwd_allreduce_microstep: 0.79 | step_microstep: 16.13
[Rank 0] time (ms) | fwd: 13.70 | bwd: 9.37 | bwd_inner: 8.56 | bwd_allreduce: 0.79 | step: 16.13
[Rank 0] time (ms) | fwd_microstep: 13.77 | bwd_microstep: 9.36 | bwd_inner_microstep: 8.55 | bwd_allreduce_microstep: 0.79 | step_microstep: 16.12
[Rank 0] time (ms) | fwd: 13.76 | bwd: 9.36 | bwd_inner: 8.55 | bwd_allreduce: 0.79 | step: 16.12
[Rank 0] time (ms) | fwd_microstep: 13.76 | bwd_microstep: 9.38 | bwd_inner_microstep: 8.57 | bwd_allreduce_microstep: 0.79 | step_microstep: 16.22
[Rank 0] time (ms) | fwd: 13.76 | bwd: 9.38 | bwd_inner: 8.57 | bwd_allreduce: 0.79 | step: 16.27
[Rank 0] time (ms) | fwd_microstep: 13.82 | bwd_microstep: 9.34 | bwd_inner_microstep: 8.53 | bwd_allreduce_microstep: 0.79 | step_microstep: 16.06
[Rank 0] time (ms) | fwd: 13.81 | bwd: 9.34 | bwd_inner: 8.53 | bwd_allreduce: 0.79 | step: 16.06
[Rank 0] time (ms) | fwd_microstep: 13.90 | bwd_microstep: 9.35 | bwd_inner_microstep: 8.55 | bwd_allreduce_microstep: 0.79 | step_microstep: 16.05
[Rank 0] time (ms) | fwd: 13.89 | bwd: 9.35 | bwd_inner: 8.55 | bwd_allreduce: 0.79 | step: 16.06
[Rank 0] time (ms) | fwd_microstep: 13.94 | bwd_microstep: 9.36 | bwd_inner_microstep: 8.55 | bwd_allreduce_microstep: 0.80 | step_microstep: 16.16
[Rank 0] time (ms) | fwd: 13.94 | bwd: 9.36 | bwd_inner: 8.55 | bwd_allreduce: 0.80 | step: 16.21
[Rank 0] time (ms) | fwd_microstep: 13.92 | bwd_microstep: 9.36 | bwd_inner_microstep: 8.55 | bwd_allreduce_microstep: 0.78 | step_microstep: 16.20
[Rank 0] time (ms) | fwd: 13.91 | bwd: 9.36 | bwd_inner: 8.55 | bwd_allreduce: 0.78 | step: 16.20
[Rank 0] time (ms) | fwd_microstep: 14.00 | bwd_microstep: 9.35 | bwd_inner_microstep: 8.55 | bwd_allreduce_microstep: 0.78 | step_microstep: 16.17
[Rank 0] time (ms) | fwd: 13.99 | bwd: 9.35 | bwd_inner: 8.55 | bwd_allreduce: 0.78 | step: 16.19
[Rank 0] time (ms) | fwd_microstep: 14.07 | bwd_microstep: 9.35 | bwd_inner_microstep: 8.55 | bwd_allreduce_microstep: 0.79 | step_microstep: 16.36
[Rank 0] time (ms) | fwd: 14.07 | bwd: 9.35 | bwd_inner: 8.55 | bwd_allreduce: 0.79 | step: 16.36
step=120 step_time=0.0424s tok/s=96496.43 mem_alloc=2466733056
[Rank 0] time (ms) | fwd_microstep: 14.10 | bwd_microstep: 9.36 | bwd_inner_microstep: 8.55 | bwd_allreduce_microstep: 0.79 | step_microstep: 16.12
[Rank 0] time (ms) | fwd: 14.09 | bwd: 9.36 | bwd_inner: 8.55 | bwd_allreduce: 0.79 | step: 16.15
[Rank 0] time (ms) | fwd_microstep: 14.08 | bwd_microstep: 9.37 | bwd_inner_microstep: 8.56 | bwd_allreduce_microstep: 0.79 | step_microstep: 16.09
[Rank 0] time (ms) | fwd: 14.07 | bwd: 9.37 | bwd_inner: 8.56 | bwd_allreduce: 0.79 | step: 16.13
[Rank 0] time (ms) | fwd_microstep: 14.20 | bwd_microstep: 9.37 | bwd_inner_microstep: 8.55 | bwd_allreduce_microstep: 0.80 | step_microstep: 16.13
[Rank 0] time (ms) | fwd: 14.19 | bwd: 9.37 | bwd_inner: 8.55 | bwd_allreduce: 0.80 | step: 16.19
[Rank 0] time (ms) | fwd_microstep: 14.21 | bwd_microstep: 9.36 | bwd_inner_microstep: 8.56 | bwd_allreduce_microstep: 0.79 | step_microstep: 16.11
[Rank 0] time (ms) | fwd: 14.20 | bwd: 9.36 | bwd_inner: 8.56 | bwd_allreduce: 0.79 | step: 16.11
[Rank 0] time (ms) | fwd_microstep: 14.23 | bwd_microstep: 9.35 | bwd_inner_microstep: 8.55 | bwd_allreduce_microstep: 0.78 | step_microstep: 16.06
[Rank 0] time (ms) | fwd: 14.22 | bwd: 9.35 | bwd_inner: 8.55 | bwd_allreduce: 0.78 | step: 16.06
[Rank 0] time (ms) | fwd_microstep: 14.31 | bwd_microstep: 9.36 | bwd_inner_microstep: 8.56 | bwd_allreduce_microstep: 0.79 | step_microstep: 16.13
[Rank 0] time (ms) | fwd: 14.30 | bwd: 9.36 | bwd_inner: 8.56 | bwd_allreduce: 0.79 | step: 16.13
[Rank 0] time (ms) | fwd_microstep: 14.37 | bwd_microstep: 9.35 | bwd_inner_microstep: 8.54 | bwd_allreduce_microstep: 0.79 | step_microstep: 16.14
[Rank 0] time (ms) | fwd: 14.36 | bwd: 9.35 | bwd_inner: 8.54 | bwd_allreduce: 0.79 | step: 16.15
[Rank 0] time (ms) | fwd_microstep: 14.40 | bwd_microstep: 9.37 | bwd_inner_microstep: 8.56 | bwd_allreduce_microstep: 0.79 | step_microstep: 16.06
[Rank 0] time (ms) | fwd: 14.39 | bwd: 9.37 | bwd_inner: 8.56 | bwd_allreduce: 0.79 | step: 16.06
[Rank 0] time (ms) | fwd_microstep: 14.43 | bwd_microstep: 9.35 | bwd_inner_microstep: 8.54 | bwd_allreduce_microstep: 0.79 | step_microstep: 16.15
[Rank 0] time (ms) | fwd: 14.42 | bwd: 9.35 | bwd_inner: 8.54 | bwd_allreduce: 0.79 | step: 16.15
[Rank 0] time (ms) | fwd_microstep: 14.45 | bwd_microstep: 9.35 | bwd_inner_microstep: 8.55 | bwd_allreduce_microstep: 0.79 | step_microstep: 16.37
[Rank 0] time (ms) | fwd: 14.45 | bwd: 9.35 | bwd_inner: 8.55 | bwd_allreduce: 0.79 | step: 16.37
step=130 step_time=0.0428s tok/s=95650.13 mem_alloc=2466733056
[Rank 0] time (ms) | fwd_microstep: 14.41 | bwd_microstep: 9.37 | bwd_inner_microstep: 8.56 | bwd_allreduce_microstep: 0.79 | step_microstep: 16.15
[Rank 0] time (ms) | fwd: 14.40 | bwd: 9.37 | bwd_inner: 8.56 | bwd_allreduce: 0.79 | step: 16.15
[Rank 0] time (ms) | fwd_microstep: 14.53 | bwd_microstep: 9.36 | bwd_inner_microstep: 8.56 | bwd_allreduce_microstep: 0.79 | step_microstep: 16.11
[Rank 0] time (ms) | fwd: 14.52 | bwd: 9.36 | bwd_inner: 8.56 | bwd_allreduce: 0.79 | step: 16.11
[Rank 0] time (ms) | fwd_microstep: 14.59 | bwd_microstep: 9.35 | bwd_inner_microstep: 8.54 | bwd_allreduce_microstep: 0.79 | step_microstep: 16.09
[Rank 0] time (ms) | fwd: 14.58 | bwd: 9.35 | bwd_inner: 8.54 | bwd_allreduce: 0.79 | step: 16.15
[Rank 0] time (ms) | fwd_microstep: 14.57 | bwd_microstep: 9.36 | bwd_inner_microstep: 8.55 | bwd_allreduce_microstep: 0.79 | step_microstep: 16.09
[Rank 0] time (ms) | fwd: 14.57 | bwd: 9.36 | bwd_inner: 8.55 | bwd_allreduce: 0.79 | step: 16.14
[Rank 0] time (ms) | fwd_microstep: 14.70 | bwd_microstep: 9.37 | bwd_inner_microstep: 8.55 | bwd_allreduce_microstep: 0.80 | step_microstep: 16.19
[Rank 0] time (ms) | fwd: 14.69 | bwd: 9.37 | bwd_inner: 8.55 | bwd_allreduce: 0.80 | step: 16.24
[Rank 0] time (ms) | fwd_microstep: 14.71 | bwd_microstep: 9.36 | bwd_inner_microstep: 8.55 | bwd_allreduce_microstep: 0.79 | step_microstep: 16.12
[Rank 0] time (ms) | fwd: 14.70 | bwd: 9.36 | bwd_inner: 8.55 | bwd_allreduce: 0.79 | step: 16.12
[Rank 0] time (ms) | fwd_microstep: 14.78 | bwd_microstep: 9.36 | bwd_inner_microstep: 8.55 | bwd_allreduce_microstep: 0.79 | step_microstep: 16.19
[Rank 0] time (ms) | fwd: 14.77 | bwd: 9.36 | bwd_inner: 8.55 | bwd_allreduce: 0.79 | step: 16.24
[Rank 0] time (ms) | fwd_microstep: 14.73 | bwd_microstep: 9.38 | bwd_inner_microstep: 8.57 | bwd_allreduce_microstep: 0.79 | step_microstep: 16.08
[Rank 0] time (ms) | fwd: 14.72 | bwd: 9.38 | bwd_inner: 8.57 | bwd_allreduce: 0.79 | step: 16.13
[Rank 0] time (ms) | fwd_microstep: 14.83 | bwd_microstep: 9.36 | bwd_inner_microstep: 8.55 | bwd_allreduce_microstep: 0.79 | step_microstep: 16.17
[Rank 0] time (ms) | fwd: 14.82 | bwd: 9.36 | bwd_inner: 8.55 | bwd_allreduce: 0.79 | step: 16.19
[Rank 0] time (ms) | fwd_microstep: 15.20 | bwd_microstep: 9.35 | bwd_inner_microstep: 8.55 | bwd_allreduce_microstep: 0.79 | step_microstep: 16.36
[Rank 0] time (ms) | fwd: 15.19 | bwd: 9.35 | bwd_inner: 8.55 | bwd_allreduce: 0.79 | step: 16.36
step=140 step_time=0.0436s tok/s=94043.57 mem_alloc=2466733056
[Rank 0] time (ms) | fwd_microstep: 14.90 | bwd_microstep: 9.36 | bwd_inner_microstep: 8.54 | bwd_allreduce_microstep: 0.80 | step_microstep: 16.11
[Rank 0] time (ms) | fwd: 14.89 | bwd: 9.36 | bwd_inner: 8.54 | bwd_allreduce: 0.80 | step: 16.11
[Rank 0] time (ms) | fwd_microstep: 14.95 | bwd_microstep: 9.36 | bwd_inner_microstep: 8.56 | bwd_allreduce_microstep: 0.79 | step_microstep: 16.04
[Rank 0] time (ms) | fwd: 14.94 | bwd: 9.36 | bwd_inner: 8.56 | bwd_allreduce: 0.79 | step: 16.09
[Rank 0] time (ms) | fwd_microstep: 14.98 | bwd_microstep: 9.36 | bwd_inner_microstep: 8.56 | bwd_allreduce_microstep: 0.79 | step_microstep: 16.09
[Rank 0] time (ms) | fwd: 14.97 | bwd: 9.36 | bwd_inner: 8.56 | bwd_allreduce: 0.79 | step: 16.09
[Rank 0] time (ms) | fwd_microstep: 14.97 | bwd_microstep: 9.38 | bwd_inner_microstep: 8.56 | bwd_allreduce_microstep: 0.79 | step_microstep: 16.09
[Rank 0] time (ms) | fwd: 14.96 | bwd: 9.38 | bwd_inner: 8.56 | bwd_allreduce: 0.79 | step: 16.10
[Rank 0] time (ms) | fwd_microstep: 15.04 | bwd_microstep: 9.37 | bwd_inner_microstep: 8.57 | bwd_allreduce_microstep: 0.79 | step_microstep: 16.11
[Rank 0] time (ms) | fwd: 15.03 | bwd: 9.37 | bwd_inner: 8.57 | bwd_allreduce: 0.79 | step: 16.11
[Rank 0] time (ms) | fwd_microstep: 15.17 | bwd_microstep: 9.35 | bwd_inner_microstep: 8.54 | bwd_allreduce_microstep: 0.79 | step_microstep: 16.11
[Rank 0] time (ms) | fwd: 15.16 | bwd: 9.35 | bwd_inner: 8.54 | bwd_allreduce: 0.79 | step: 16.12
[Rank 0] time (ms) | fwd_microstep: 15.14 | bwd_microstep: 9.36 | bwd_inner_microstep: 8.54 | bwd_allreduce_microstep: 0.80 | step_microstep: 16.12
[Rank 0] time (ms) | fwd: 15.13 | bwd: 9.36 | bwd_inner: 8.54 | bwd_allreduce: 0.80 | step: 16.17
[Rank 0] time (ms) | fwd_microstep: 15.21 | bwd_microstep: 9.35 | bwd_inner_microstep: 8.55 | bwd_allreduce_microstep: 0.79 | step_microstep: 16.08
[Rank 0] time (ms) | fwd: 15.20 | bwd: 9.35 | bwd_inner: 8.55 | bwd_allreduce: 0.79 | step: 16.08
[Rank 0] time (ms) | fwd_microstep: 15.24 | bwd_microstep: 9.36 | bwd_inner_microstep: 8.55 | bwd_allreduce_microstep: 0.79 | step_microstep: 16.12
[Rank 0] time (ms) | fwd: 15.24 | bwd: 9.36 | bwd_inner: 8.55 | bwd_allreduce: 0.79 | step: 16.17
[Rank 0] time (ms) | fwd_microstep: 15.24 | bwd_microstep: 9.36 | bwd_inner_microstep: 8.55 | bwd_allreduce_microstep: 0.79 | step_microstep: 16.46
[Rank 0] time (ms) | fwd: 15.23 | bwd: 9.36 | bwd_inner: 8.55 | bwd_allreduce: 0.79 | step: 16.46
step=150 step_time=0.0437s tok/s=93720.24 mem_alloc=2466733056
[Rank 0] time (ms) | fwd_microstep: 15.35 | bwd_microstep: 9.36 | bwd_inner_microstep: 8.56 | bwd_allreduce_microstep: 0.79 | step_microstep: 16.15
[Rank 0] time (ms) | fwd: 15.34 | bwd: 9.36 | bwd_inner: 8.56 | bwd_allreduce: 0.79 | step: 16.20
[Rank 0] time (ms) | fwd_microstep: 15.40 | bwd_microstep: 9.35 | bwd_inner_microstep: 8.55 | bwd_allreduce_microstep: 0.79 | step_microstep: 16.14
[Rank 0] time (ms) | fwd: 15.39 | bwd: 9.35 | bwd_inner: 8.55 | bwd_allreduce: 0.79 | step: 16.19
[Rank 0] time (ms) | fwd_microstep: 15.42 | bwd_microstep: 9.37 | bwd_inner_microstep: 8.55 | bwd_allreduce_microstep: 0.80 | step_microstep: 16.14
[Rank 0] time (ms) | fwd: 15.42 | bwd: 9.37 | bwd_inner: 8.55 | bwd_allreduce: 0.80 | step: 16.19
[Rank 0] time (ms) | fwd_microstep: 15.48 | bwd_microstep: 9.35 | bwd_inner_microstep: 8.55 | bwd_allreduce_microstep: 0.78 | step_microstep: 16.11
[Rank 0] time (ms) | fwd: 15.47 | bwd: 9.35 | bwd_inner: 8.55 | bwd_allreduce: 0.78 | step: 16.15
[Rank 0] time (ms) | fwd_microstep: 15.46 | bwd_microstep: 9.37 | bwd_inner_microstep: 8.56 | bwd_allreduce_microstep: 0.79 | step_microstep: 16.08
[Rank 0] time (ms) | fwd: 15.46 | bwd: 9.37 | bwd_inner: 8.56 | bwd_allreduce: 0.79 | step: 16.08
[Rank 0] time (ms) | fwd_microstep: 15.48 | bwd_microstep: 9.37 | bwd_inner_microstep: 8.56 | bwd_allreduce_microstep: 0.79 | step_microstep: 16.09
[Rank 0] time (ms) | fwd: 15.47 | bwd: 9.37 | bwd_inner: 8.56 | bwd_allreduce: 0.79 | step: 16.14
[Rank 0] time (ms) | fwd_microstep: 15.51 | bwd_microstep: 9.35 | bwd_inner_microstep: 8.54 | bwd_allreduce_microstep: 0.79 | step_microstep: 16.07
[Rank 0] time (ms) | fwd: 15.50 | bwd: 9.35 | bwd_inner: 8.54 | bwd_allreduce: 0.79 | step: 16.06
[Rank 0] time (ms) | fwd_microstep: 15.63 | bwd_microstep: 9.36 | bwd_inner_microstep: 8.56 | bwd_allreduce_microstep: 0.79 | step_microstep: 16.12
[Rank 0] time (ms) | fwd: 15.62 | bwd: 9.36 | bwd_inner: 8.56 | bwd_allreduce: 0.79 | step: 16.17
[Rank 0] time (ms) | fwd_microstep: 15.68 | bwd_microstep: 9.38 | bwd_inner_microstep: 8.57 | bwd_allreduce_microstep: 0.79 | step_microstep: 16.09
[Rank 0] time (ms) | fwd: 15.67 | bwd: 9.38 | bwd_inner: 8.57 | bwd_allreduce: 0.79 | step: 16.14
[Rank 0] time (ms) | fwd_microstep: 15.65 | bwd_microstep: 9.35 | bwd_inner_microstep: 8.54 | bwd_allreduce_microstep: 0.79 | step_microstep: 16.41
[Rank 0] time (ms) | fwd: 15.65 | bwd: 9.35 | bwd_inner: 8.54 | bwd_allreduce: 0.79 | step: 16.42
step=160 step_time=0.0441s tok/s=92916.83 mem_alloc=2466733056
[Rank 0] time (ms) | fwd_microstep: 15.83 | bwd_microstep: 9.37 | bwd_inner_microstep: 8.56 | bwd_allreduce_microstep: 0.79 | step_microstep: 16.20
[Rank 0] time (ms) | fwd: 15.82 | bwd: 9.37 | bwd_inner: 8.56 | bwd_allreduce: 0.79 | step: 16.20
[Rank 0] time (ms) | fwd_microstep: 15.83 | bwd_microstep: 9.35 | bwd_inner_microstep: 8.55 | bwd_allreduce_microstep: 0.78 | step_microstep: 16.21
[Rank 0] time (ms) | fwd: 15.82 | bwd: 9.35 | bwd_inner: 8.55 | bwd_allreduce: 0.78 | step: 16.22
[Rank 0] time (ms) | fwd_microstep: 15.88 | bwd_microstep: 9.34 | bwd_inner_microstep: 8.54 | bwd_allreduce_microstep: 0.79 | step_microstep: 16.20
[Rank 0] time (ms) | fwd: 15.87 | bwd: 9.34 | bwd_inner: 8.53 | bwd_allreduce: 0.79 | step: 16.25
[Rank 0] time (ms) | fwd_microstep: 15.92 | bwd_microstep: 9.35 | bwd_inner_microstep: 8.54 | bwd_allreduce_microstep: 0.79 | step_microstep: 16.09
[Rank 0] time (ms) | fwd: 15.91 | bwd: 9.35 | bwd_inner: 8.54 | bwd_allreduce: 0.79 | step: 16.09
[Rank 0] time (ms) | fwd_microstep: 15.96 | bwd_microstep: 9.36 | bwd_inner_microstep: 8.54 | bwd_allreduce_microstep: 0.80 | step_microstep: 16.12
[Rank 0] time (ms) | fwd: 15.95 | bwd: 9.36 | bwd_inner: 8.54 | bwd_allreduce: 0.80 | step: 16.17
[Rank 0] time (ms) | fwd_microstep: 15.99 | bwd_microstep: 9.37 | bwd_inner_microstep: 8.56 | bwd_allreduce_microstep: 0.79 | step_microstep: 16.19
[Rank 0] time (ms) | fwd: 15.98 | bwd: 9.37 | bwd_inner: 8.56 | bwd_allreduce: 0.79 | step: 16.24
[Rank 0] time (ms) | fwd_microstep: 16.15 | bwd_microstep: 9.37 | bwd_inner_microstep: 8.56 | bwd_allreduce_microstep: 0.79 | step_microstep: 16.15
[Rank 0] time (ms) | fwd: 16.15 | bwd: 9.37 | bwd_inner: 8.56 | bwd_allreduce: 0.79 | step: 16.21
[Rank 0] time (ms) | fwd_microstep: 16.14 | bwd_microstep: 9.37 | bwd_inner_microstep: 8.56 | bwd_allreduce_microstep: 0.79 | step_microstep: 16.17
[Rank 0] time (ms) | fwd: 16.13 | bwd: 9.37 | bwd_inner: 8.56 | bwd_allreduce: 0.79 | step: 16.18
[Rank 0] time (ms) | fwd_microstep: 16.23 | bwd_microstep: 9.34 | bwd_inner_microstep: 8.54 | bwd_allreduce_microstep: 0.79 | step_microstep: 16.21
[Rank 0] time (ms) | fwd: 16.22 | bwd: 9.34 | bwd_inner: 8.54 | bwd_allreduce: 0.79 | step: 16.21
[Rank 0] time (ms) | fwd_microstep: 16.21 | bwd_microstep: 9.34 | bwd_inner_microstep: 8.53 | bwd_allreduce_microstep: 0.79 | step_microstep: 16.33
[Rank 0] time (ms) | fwd: 16.20 | bwd: 9.34 | bwd_inner: 8.53 | bwd_allreduce: 0.79 | step: 16.33
step=170 step_time=0.0445s tok/s=91980.00 mem_alloc=2466733056
[Rank 0] time (ms) | fwd_microstep: 16.34 | bwd_microstep: 9.36 | bwd_inner_microstep: 8.55 | bwd_allreduce_microstep: 0.80 | step_microstep: 16.13
[Rank 0] time (ms) | fwd: 16.33 | bwd: 9.36 | bwd_inner: 8.55 | bwd_allreduce: 0.80 | step: 16.13
[Rank 0] time (ms) | fwd_microstep: 16.35 | bwd_microstep: 9.36 | bwd_inner_microstep: 8.55 | bwd_allreduce_microstep: 0.79 | step_microstep: 16.15
[Rank 0] time (ms) | fwd: 16.34 | bwd: 9.36 | bwd_inner: 8.55 | bwd_allreduce: 0.79 | step: 16.20
[Rank 0] time (ms) | fwd_microstep: 16.41 | bwd_microstep: 9.37 | bwd_inner_microstep: 8.55 | bwd_allreduce_microstep: 0.79 | step_microstep: 16.17
[Rank 0] time (ms) | fwd: 16.40 | bwd: 9.36 | bwd_inner: 8.55 | bwd_allreduce: 0.79 | step: 16.22
[Rank 0] time (ms) | fwd_microstep: 16.45 | bwd_microstep: 9.36 | bwd_inner_microstep: 8.56 | bwd_allreduce_microstep: 0.79 | step_microstep: 16.12
[Rank 0] time (ms) | fwd: 16.44 | bwd: 9.36 | bwd_inner: 8.56 | bwd_allreduce: 0.79 | step: 16.17
[Rank 0] time (ms) | fwd_microstep: 16.51 | bwd_microstep: 9.34 | bwd_inner_microstep: 8.53 | bwd_allreduce_microstep: 0.79 | step_microstep: 16.08
[Rank 0] time (ms) | fwd: 16.50 | bwd: 9.34 | bwd_inner: 8.53 | bwd_allreduce: 0.79 | step: 16.08
[Rank 0] time (ms) | fwd_microstep: 16.59 | bwd_microstep: 9.37 | bwd_inner_microstep: 8.56 | bwd_allreduce_microstep: 0.79 | step_microstep: 16.11
[Rank 0] time (ms) | fwd: 16.58 | bwd: 9.37 | bwd_inner: 8.56 | bwd_allreduce: 0.79 | step: 16.16
[Rank 0] time (ms) | fwd_microstep: 16.62 | bwd_microstep: 9.35 | bwd_inner_microstep: 8.54 | bwd_allreduce_microstep: 0.80 | step_microstep: 16.13
[Rank 0] time (ms) | fwd: 16.61 | bwd: 9.35 | bwd_inner: 8.54 | bwd_allreduce: 0.80 | step: 16.13
[Rank 0] time (ms) | fwd_microstep: 16.74 | bwd_microstep: 9.36 | bwd_inner_microstep: 8.56 | bwd_allreduce_microstep: 0.79 | step_microstep: 16.21
[Rank 0] time (ms) | fwd: 16.74 | bwd: 9.36 | bwd_inner: 8.56 | bwd_allreduce: 0.79 | step: 16.26
[Rank 0] time (ms) | fwd_microstep: 16.78 | bwd_microstep: 9.37 | bwd_inner_microstep: 8.56 | bwd_allreduce_microstep: 0.79 | step_microstep: 16.24
[Rank 0] time (ms) | fwd: 16.77 | bwd: 9.37 | bwd_inner: 8.56 | bwd_allreduce: 0.79 | step: 16.24
[Rank 0] time (ms) | fwd_microstep: 16.87 | bwd_microstep: 9.37 | bwd_inner_microstep: 8.57 | bwd_allreduce_microstep: 0.79 | step_microstep: 16.36
[Rank 0] time (ms) | fwd: 16.86 | bwd: 9.37 | bwd_inner: 8.57 | bwd_allreduce: 0.79 | step: 16.37
step=180 step_time=0.0452s tok/s=90523.60 mem_alloc=2466733056
[Rank 0] time (ms) | fwd_microstep: 16.86 | bwd_microstep: 9.39 | bwd_inner_microstep: 8.58 | bwd_allreduce_microstep: 0.80 | step_microstep: 16.12
[Rank 0] time (ms) | fwd: 16.85 | bwd: 9.39 | bwd_inner: 8.58 | bwd_allreduce: 0.79 | step: 16.12
[Rank 0] time (ms) | fwd_microstep: 16.94 | bwd_microstep: 9.35 | bwd_inner_microstep: 8.54 | bwd_allreduce_microstep: 0.79 | step_microstep: 16.09
[Rank 0] time (ms) | fwd: 16.94 | bwd: 9.35 | bwd_inner: 8.54 | bwd_allreduce: 0.79 | step: 16.08
[Rank 0] time (ms) | fwd_microstep: 16.97 | bwd_microstep: 9.37 | bwd_inner_microstep: 8.55 | bwd_allreduce_microstep: 0.80 | step_microstep: 16.20
[Rank 0] time (ms) | fwd: 16.96 | bwd: 9.37 | bwd_inner: 8.55 | bwd_allreduce: 0.80 | step: 16.26
[Rank 0] time (ms) | fwd_microstep: 17.07 | bwd_microstep: 9.37 | bwd_inner_microstep: 8.56 | bwd_allreduce_microstep: 0.79 | step_microstep: 16.10
[Rank 0] time (ms) | fwd: 17.06 | bwd: 9.37 | bwd_inner: 8.56 | bwd_allreduce: 0.79 | step: 16.10
[Rank 0] time (ms) | fwd_microstep: 17.05 | bwd_microstep: 9.37 | bwd_inner_microstep: 8.56 | bwd_allreduce_microstep: 0.79 | step_microstep: 16.15
[Rank 0] time (ms) | fwd: 17.04 | bwd: 9.37 | bwd_inner: 8.56 | bwd_allreduce: 0.79 | step: 16.16
[Rank 0] time (ms) | fwd_microstep: 17.21 | bwd_microstep: 9.36 | bwd_inner_microstep: 8.55 | bwd_allreduce_microstep: 0.79 | step_microstep: 16.04
[Rank 0] time (ms) | fwd: 17.20 | bwd: 9.36 | bwd_inner: 8.55 | bwd_allreduce: 0.79 | step: 16.10
[Rank 0] time (ms) | fwd_microstep: 17.19 | bwd_microstep: 9.36 | bwd_inner_microstep: 8.55 | bwd_allreduce_microstep: 0.79 | step_microstep: 16.21
[Rank 0] time (ms) | fwd: 17.18 | bwd: 9.36 | bwd_inner: 8.55 | bwd_allreduce: 0.79 | step: 16.26
[Rank 0] time (ms) | fwd_microstep: 17.29 | bwd_microstep: 9.35 | bwd_inner_microstep: 8.55 | bwd_allreduce_microstep: 0.79 | step_microstep: 16.20
[Rank 0] time (ms) | fwd: 17.28 | bwd: 9.35 | bwd_inner: 8.55 | bwd_allreduce: 0.79 | step: 16.20
[Rank 0] time (ms) | fwd_microstep: 17.34 | bwd_microstep: 9.36 | bwd_inner_microstep: 8.55 | bwd_allreduce_microstep: 0.80 | step_microstep: 16.15
[Rank 0] time (ms) | fwd: 17.33 | bwd: 9.36 | bwd_inner: 8.55 | bwd_allreduce: 0.80 | step: 16.19
[Rank 0] time (ms) | fwd_microstep: 17.87 | bwd_microstep: 9.37 | bwd_inner_microstep: 8.56 | bwd_allreduce_microstep: 0.79 | step_microstep: 16.46
[Rank 0] time (ms) | fwd: 17.86 | bwd: 9.37 | bwd_inner: 8.56 | bwd_allreduce: 0.79 | step: 16.46
step=190 step_time=0.0464s tok/s=88280.40 mem_alloc=2466733056
[Rank 0] time (ms) | fwd_microstep: 17.43 | bwd_microstep: 9.37 | bwd_inner_microstep: 8.56 | bwd_allreduce_microstep: 0.79 | step_microstep: 16.11
[Rank 0] time (ms) | fwd: 17.42 | bwd: 9.37 | bwd_inner: 8.56 | bwd_allreduce: 0.79 | step: 16.11
[Rank 0] time (ms) | fwd_microstep: 17.41 | bwd_microstep: 9.38 | bwd_inner_microstep: 8.57 | bwd_allreduce_microstep: 0.79 | step_microstep: 16.16
[Rank 0] time (ms) | fwd: 17.40 | bwd: 9.38 | bwd_inner: 8.57 | bwd_allreduce: 0.79 | step: 16.19
[Rank 0] time (ms) | fwd_microstep: 17.56 | bwd_microstep: 9.35 | bwd_inner_microstep: 8.54 | bwd_allreduce_microstep: 0.79 | step_microstep: 16.13
[Rank 0] time (ms) | fwd: 17.55 | bwd: 9.35 | bwd_inner: 8.54 | bwd_allreduce: 0.79 | step: 16.18
[Rank 0] time (ms) | fwd_microstep: 17.57 | bwd_microstep: 9.35 | bwd_inner_microstep: 8.54 | bwd_allreduce_microstep: 0.79 | step_microstep: 16.07
[Rank 0] time (ms) | fwd: 17.56 | bwd: 9.35 | bwd_inner: 8.54 | bwd_allreduce: 0.79 | step: 16.12
[Rank 0] time (ms) | fwd_microstep: 17.66 | bwd_microstep: 9.37 | bwd_inner_microstep: 8.55 | bwd_allreduce_microstep: 0.80 | step_microstep: 16.14
[Rank 0] time (ms) | fwd: 17.65 | bwd: 9.37 | bwd_inner: 8.55 | bwd_allreduce: 0.80 | step: 16.19
[Rank 0] time (ms) | fwd_microstep: 17.69 | bwd_microstep: 9.38 | bwd_inner_microstep: 8.57 | bwd_allreduce_microstep: 0.79 | step_microstep: 16.11
[Rank 0] time (ms) | fwd: 17.68 | bwd: 9.38 | bwd_inner: 8.57 | bwd_allreduce: 0.79 | step: 16.11
[Rank 0] time (ms) | fwd_microstep: 17.82 | bwd_microstep: 9.36 | bwd_inner_microstep: 8.55 | bwd_allreduce_microstep: 0.80 | step_microstep: 16.13
[Rank 0] time (ms) | fwd: 17.81 | bwd: 9.36 | bwd_inner: 8.55 | bwd_allreduce: 0.80 | step: 16.18
[Rank 0] time (ms) | fwd_microstep: 17.79 | bwd_microstep: 9.35 | bwd_inner_microstep: 8.55 | bwd_allreduce_microstep: 0.79 | step_microstep: 16.07
[Rank 0] time (ms) | fwd: 17.78 | bwd: 9.35 | bwd_inner: 8.55 | bwd_allreduce: 0.79 | step: 16.11
[Rank 0] time (ms) | fwd_microstep: 17.92 | bwd_microstep: 9.37 | bwd_inner_microstep: 8.56 | bwd_allreduce_microstep: 0.79 | step_microstep: 16.13
[Rank 0] time (ms) | fwd: 17.92 | bwd: 9.37 | bwd_inner: 8.56 | bwd_allreduce: 0.79 | step: 16.18
[Rank 0] time (ms) | fwd_microstep: 17.87 | bwd_microstep: 9.37 | bwd_inner_microstep: 8.57 | bwd_allreduce_microstep: 0.79 | step_microstep: 16.44
[Rank 0] time (ms) | fwd: 17.87 | bwd: 9.37 | bwd_inner: 8.57 | bwd_allreduce: 0.79 | step: 16.44
step=200 step_time=0.0463s tok/s=88375.32 mem_alloc=2466733056
Saved run summary to results/phase1_1gpu_summary.json
nid005043:7616:7616 [0] NCCL INFO comm 0x4a9d3c20 rank 0 nranks 1 cudaDev 0 busId de000 - Destroy COMPLETE
nid005043:7616:7616 [0] NCCL INFO comm 0x4a9183c0 rank 0 nranks 1 cudaDev 0 busId de000 - Destroy COMPLETE
nid005043:7616:7616 [0] NCCL INFO comm 0x4a85cb60 rank 0 nranks 1 cudaDev 0 busId de000 - Destroy COMPLETE
nid005043:7616:7616 [0] NCCL INFO comm 0x4a7a1300 rank 0 nranks 1 cudaDev 0 busId de000 - Destroy COMPLETE
