The following modules were not unloaded:
  (Use "module --force purge" to unload all):

  1) ModuleLabel/label   2) lumi-tools/24.05   3) init-lumi/0.2

The following sticky modules could not be reloaded:

  1) lumi-tools
[W227 00:47:17.856202422 AllocatorConfig.cpp:28] Warning: PYTORCH_CUDA_ALLOC_CONF is deprecated, use PYTORCH_ALLOC_CONF instead (function operator())
/opt/venv/lib/python3.12/site-packages/deepspeed/accelerator/cuda_accelerator.py:36: FutureWarning: The pynvml package is deprecated. Please install nvidia-ml-py instead. If you did not install pynvml directly, please report this to the maintainers of the package that installed pynvml for you.
  import pynvml
/opt/venv/lib/python3.12/site-packages/deepspeed/accelerator/cuda_accelerator.py:36: FutureWarning: The pynvml package is deprecated. Please install nvidia-ml-py instead. If you did not install pynvml directly, please report this to the maintainers of the package that installed pynvml for you.
  import pynvml
/opt/venv/lib/python3.12/site-packages/deepspeed/accelerator/cuda_accelerator.py:36: FutureWarning: The pynvml package is deprecated. Please install nvidia-ml-py instead. If you did not install pynvml directly, please report this to the maintainers of the package that installed pynvml for you.
  import pynvml
/opt/venv/lib/python3.12/site-packages/deepspeed/accelerator/cuda_accelerator.py:36: FutureWarning: The pynvml package is deprecated. Please install nvidia-ml-py instead. If you did not install pynvml directly, please report this to the maintainers of the package that installed pynvml for you.
  import pynvml
/opt/venv/lib/python3.12/site-packages/deepspeed/accelerator/cuda_accelerator.py:36: FutureWarning: The pynvml package is deprecated. Please install nvidia-ml-py instead. If you did not install pynvml directly, please report this to the maintainers of the package that installed pynvml for you.
  import pynvml
/opt/venv/lib/python3.12/site-packages/apex/transformer/functional/fused_rope.py:54: UserWarning: Using the native apex kernel for RoPE.
  warnings.warn("Using the native apex kernel for RoPE.", UserWarning)
/opt/venv/lib/python3.12/site-packages/deepspeed/accelerator/cuda_accelerator.py:36: FutureWarning: The pynvml package is deprecated. Please install nvidia-ml-py instead. If you did not install pynvml directly, please report this to the maintainers of the package that installed pynvml for you.
  import pynvml
/opt/venv/lib/python3.12/site-packages/deepspeed/accelerator/cuda_accelerator.py:36: FutureWarning: The pynvml package is deprecated. Please install nvidia-ml-py instead. If you did not install pynvml directly, please report this to the maintainers of the package that installed pynvml for you.
  import pynvml
/opt/venv/lib/python3.12/site-packages/deepspeed/accelerator/cuda_accelerator.py:36: FutureWarning: The pynvml package is deprecated. Please install nvidia-ml-py instead. If you did not install pynvml directly, please report this to the maintainers of the package that installed pynvml for you.
  import pynvml
/opt/venv/lib/python3.12/site-packages/apex/transformer/functional/fused_rope.py:54: UserWarning: Using the native apex kernel for RoPE.
  warnings.warn("Using the native apex kernel for RoPE.", UserWarning)
/opt/venv/lib/python3.12/site-packages/apex/transformer/functional/fused_rope.py:54: UserWarning: Using the native apex kernel for RoPE.
  warnings.warn("Using the native apex kernel for RoPE.", UserWarning)
/opt/venv/lib/python3.12/site-packages/apex/transformer/functional/fused_rope.py:54: UserWarning: Using the native apex kernel for RoPE.
  warnings.warn("Using the native apex kernel for RoPE.", UserWarning)
/opt/venv/lib/python3.12/site-packages/apex/transformer/functional/fused_rope.py:54: UserWarning: Using the native apex kernel for RoPE.
  warnings.warn("Using the native apex kernel for RoPE.", UserWarning)
/opt/venv/lib/python3.12/site-packages/apex/transformer/functional/fused_rope.py:54: UserWarning: Using the native apex kernel for RoPE.
  warnings.warn("Using the native apex kernel for RoPE.", UserWarning)
/opt/venv/lib/python3.12/site-packages/apex/transformer/functional/fused_rope.py:54: UserWarning: Using the native apex kernel for RoPE.
  warnings.warn("Using the native apex kernel for RoPE.", UserWarning)
/opt/venv/lib/python3.12/site-packages/apex/transformer/functional/fused_rope.py:54: UserWarning: Using the native apex kernel for RoPE.
  warnings.warn("Using the native apex kernel for RoPE.", UserWarning)
/opt/venv/lib/python3.12/site-packages/torch/nn/modules/module.py:1357: UserWarning: expandable_segments not supported on this platform (Triggered internally at /pytorch/c10/hip/HIPAllocatorConfig.h:36.)
  return t.to(
/opt/venv/lib/python3.12/site-packages/torch/nn/modules/module.py:1357: UserWarning: expandable_segments not supported on this platform (Triggered internally at /pytorch/c10/hip/HIPAllocatorConfig.h:36.)
  return t.to(
/opt/venv/lib/python3.12/site-packages/torch/nn/modules/module.py:1357: UserWarning: expandable_segments not supported on this platform (Triggered internally at /pytorch/c10/hip/HIPAllocatorConfig.h:36.)
  return t.to(
/opt/venv/lib/python3.12/site-packages/torch/nn/modules/module.py:1357: UserWarning: expandable_segments not supported on this platform (Triggered internally at /pytorch/c10/hip/HIPAllocatorConfig.h:36.)
  return t.to(
/opt/venv/lib/python3.12/site-packages/torch/nn/modules/module.py:1357: UserWarning: expandable_segments not supported on this platform (Triggered internally at /pytorch/c10/hip/HIPAllocatorConfig.h:36.)
  return t.to(
/opt/venv/lib/python3.12/site-packages/torch/nn/modules/module.py:1357: UserWarning: expandable_segments not supported on this platform (Triggered internally at /pytorch/c10/hip/HIPAllocatorConfig.h:36.)
  return t.to(
/opt/venv/lib/python3.12/site-packages/torch/nn/modules/module.py:1357: UserWarning: expandable_segments not supported on this platform (Triggered internally at /pytorch/c10/hip/HIPAllocatorConfig.h:36.)
  return t.to(
/opt/venv/lib/python3.12/site-packages/torch/nn/modules/module.py:1357: UserWarning: expandable_segments not supported on this platform (Triggered internally at /pytorch/c10/hip/HIPAllocatorConfig.h:36.)
  return t.to(
/opt/venv/lib/python3.12/site-packages/torch/distributed/distributed_c10d.py:4876: UserWarning: barrier(): using the device under current context. You can specify `device_id` in `init_process_group` to mute this warning.
  warnings.warn(  # warn only once
[W227 01:10:50.263513449 AllocatorConfig.cpp:28] Warning: PYTORCH_CUDA_ALLOC_CONF is deprecated, use PYTORCH_ALLOC_CONF instead (function operator())
[W227 01:10:50.333677901 AllocatorConfig.cpp:28] Warning: PYTORCH_CUDA_ALLOC_CONF is deprecated, use PYTORCH_ALLOC_CONF instead (function operator())
[W227 01:10:50.344739941 AllocatorConfig.cpp:28] Warning: PYTORCH_CUDA_ALLOC_CONF is deprecated, use PYTORCH_ALLOC_CONF instead (function operator())
[W227 01:10:50.573166485 AllocatorConfig.cpp:28] Warning: PYTORCH_CUDA_ALLOC_CONF is deprecated, use PYTORCH_ALLOC_CONF instead (function operator())
[W227 01:10:51.810099267 AllocatorConfig.cpp:28] Warning: PYTORCH_CUDA_ALLOC_CONF is deprecated, use PYTORCH_ALLOC_CONF instead (function operator())
[W227 01:10:51.239817880 AllocatorConfig.cpp:28] Warning: PYTORCH_CUDA_ALLOC_CONF is deprecated, use PYTORCH_ALLOC_CONF instead (function operator())
[W227 01:10:55.684572613 AllocatorConfig.cpp:28] Warning: PYTORCH_CUDA_ALLOC_CONF is deprecated, use PYTORCH_ALLOC_CONF instead (function operator())
[W227 01:10:57.394941751 AllocatorConfig.cpp:28] Warning: PYTORCH_CUDA_ALLOC_CONF is deprecated, use PYTORCH_ALLOC_CONF instead (function operator())
[W227 01:10:59.866089965 AllocatorConfig.cpp:28] Warning: PYTORCH_CUDA_ALLOC_CONF is deprecated, use PYTORCH_ALLOC_CONF instead (function operator())
