The following modules were not unloaded:
  (Use "module --force purge" to unload all):

  1) ModuleLabel/label   2) lumi-tools/24.05   3) init-lumi/0.2

The following sticky modules could not be reloaded:

  1) lumi-tools
/opt/venv/lib/python3.12/site-packages/deepspeed/accelerator/cuda_accelerator.py:36: FutureWarning: The pynvml package is deprecated. Please install nvidia-ml-py instead. If you did not install pynvml directly, please report this to the maintainers of the package that installed pynvml for you.
  import pynvml
/opt/venv/lib/python3.12/site-packages/deepspeed/accelerator/cuda_accelerator.py:36: FutureWarning: The pynvml package is deprecated. Please install nvidia-ml-py instead. If you did not install pynvml directly, please report this to the maintainers of the package that installed pynvml for you.
  import pynvml
/opt/venv/lib/python3.12/site-packages/deepspeed/accelerator/cuda_accelerator.py:36: FutureWarning: The pynvml package is deprecated. Please install nvidia-ml-py instead. If you did not install pynvml directly, please report this to the maintainers of the package that installed pynvml for you.
  import pynvml
/opt/venv/lib/python3.12/site-packages/deepspeed/accelerator/cuda_accelerator.py:36: FutureWarning: The pynvml package is deprecated. Please install nvidia-ml-py instead. If you did not install pynvml directly, please report this to the maintainers of the package that installed pynvml for you.
  import pynvml
/opt/venv/lib/python3.12/site-packages/deepspeed/accelerator/cuda_accelerator.py:36: FutureWarning: The pynvml package is deprecated. Please install nvidia-ml-py instead. If you did not install pynvml directly, please report this to the maintainers of the package that installed pynvml for you.
  import pynvml
/opt/venv/lib/python3.12/site-packages/deepspeed/accelerator/cuda_accelerator.py:36: FutureWarning: The pynvml package is deprecated. Please install nvidia-ml-py instead. If you did not install pynvml directly, please report this to the maintainers of the package that installed pynvml for you.
  import pynvml
/opt/venv/lib/python3.12/site-packages/deepspeed/accelerator/cuda_accelerator.py:36: FutureWarning: The pynvml package is deprecated. Please install nvidia-ml-py instead. If you did not install pynvml directly, please report this to the maintainers of the package that installed pynvml for you.
  import pynvml
/opt/venv/lib/python3.12/site-packages/deepspeed/accelerator/cuda_accelerator.py:36: FutureWarning: The pynvml package is deprecated. Please install nvidia-ml-py instead. If you did not install pynvml directly, please report this to the maintainers of the package that installed pynvml for you.
  import pynvml
/opt/venv/lib/python3.12/site-packages/apex/transformer/functional/fused_rope.py:54: UserWarning: Using the native apex kernel for RoPE.
  warnings.warn("Using the native apex kernel for RoPE.", UserWarning)
/opt/venv/lib/python3.12/site-packages/apex/transformer/functional/fused_rope.py:54: UserWarning: Using the native apex kernel for RoPE.
  warnings.warn("Using the native apex kernel for RoPE.", UserWarning)
/opt/venv/lib/python3.12/site-packages/apex/transformer/functional/fused_rope.py:54: UserWarning: Using the native apex kernel for RoPE.
  warnings.warn("Using the native apex kernel for RoPE.", UserWarning)
/opt/venv/lib/python3.12/site-packages/apex/transformer/functional/fused_rope.py:54: UserWarning: Using the native apex kernel for RoPE.
  warnings.warn("Using the native apex kernel for RoPE.", UserWarning)
/opt/venv/lib/python3.12/site-packages/apex/transformer/functional/fused_rope.py:54: UserWarning: Using the native apex kernel for RoPE.
  warnings.warn("Using the native apex kernel for RoPE.", UserWarning)
/opt/venv/lib/python3.12/site-packages/apex/transformer/functional/fused_rope.py:54: UserWarning: Using the native apex kernel for RoPE.
  warnings.warn("Using the native apex kernel for RoPE.", UserWarning)
/opt/venv/lib/python3.12/site-packages/apex/transformer/functional/fused_rope.py:54: UserWarning: Using the native apex kernel for RoPE.
  warnings.warn("Using the native apex kernel for RoPE.", UserWarning)
/opt/venv/lib/python3.12/site-packages/apex/transformer/functional/fused_rope.py:54: UserWarning: Using the native apex kernel for RoPE.
  warnings.warn("Using the native apex kernel for RoPE.", UserWarning)
/opt/venv/lib/python3.12/site-packages/torch/distributed/distributed_c10d.py:4876: UserWarning: barrier(): using the device under current context. You can specify `device_id` in `init_process_group` to mute this warning.
  warnings.warn(  # warn only once
