W0323 15:21:33.996000 46431 torch/distributed/run.py:803] 
W0323 15:21:33.996000 46431 torch/distributed/run.py:803] *****************************************
W0323 15:21:33.996000 46431 torch/distributed/run.py:803] Setting OMP_NUM_THREADS environment variable for each process to be 1 in default, to avoid your system being overloaded, please further tune the variable for optimal performance in your application as needed. 
W0323 15:21:33.996000 46431 torch/distributed/run.py:803] *****************************************
/opt/venv/lib/python3.12/site-packages/deepspeed/accelerator/cuda_accelerator.py:36: FutureWarning: The pynvml package is deprecated. Please install nvidia-ml-py instead. If you did not install pynvml directly, please report this to the maintainers of the package that installed pynvml for you.
  import pynvml
/opt/venv/lib/python3.12/site-packages/deepspeed/accelerator/cuda_accelerator.py:36: FutureWarning: The pynvml package is deprecated. Please install nvidia-ml-py instead. If you did not install pynvml directly, please report this to the maintainers of the package that installed pynvml for you.
  import pynvml
/opt/venv/lib/python3.12/site-packages/deepspeed/accelerator/cuda_accelerator.py:36: FutureWarning: The pynvml package is deprecated. Please install nvidia-ml-py instead. If you did not install pynvml directly, please report this to the maintainers of the package that installed pynvml for you.
  import pynvml
/opt/venv/lib/python3.12/site-packages/deepspeed/accelerator/cuda_accelerator.py:36: FutureWarning: The pynvml package is deprecated. Please install nvidia-ml-py instead. If you did not install pynvml directly, please report this to the maintainers of the package that installed pynvml for you.
  import pynvml
/opt/venv/lib/python3.12/site-packages/deepspeed/accelerator/cuda_accelerator.py:36: FutureWarning: The pynvml package is deprecated. Please install nvidia-ml-py instead. If you did not install pynvml directly, please report this to the maintainers of the package that installed pynvml for you.
  import pynvml
/opt/venv/lib/python3.12/site-packages/deepspeed/accelerator/cuda_accelerator.py:36: FutureWarning: The pynvml package is deprecated. Please install nvidia-ml-py instead. If you did not install pynvml directly, please report this to the maintainers of the package that installed pynvml for you.
  import pynvml
/opt/venv/lib/python3.12/site-packages/deepspeed/accelerator/cuda_accelerator.py:36: FutureWarning: The pynvml package is deprecated. Please install nvidia-ml-py instead. If you did not install pynvml directly, please report this to the maintainers of the package that installed pynvml for you.
  import pynvml
/opt/venv/lib/python3.12/site-packages/deepspeed/accelerator/cuda_accelerator.py:36: FutureWarning: The pynvml package is deprecated. Please install nvidia-ml-py instead. If you did not install pynvml directly, please report this to the maintainers of the package that installed pynvml for you.
  import pynvml
/opt/venv/lib/python3.12/site-packages/apex/transformer/functional/fused_rope.py:54: UserWarning: Using the native apex kernel for RoPE.
  warnings.warn("Using the native apex kernel for RoPE.", UserWarning)
/opt/venv/lib/python3.12/site-packages/apex/transformer/functional/fused_rope.py:54: UserWarning: Using the native apex kernel for RoPE.
  warnings.warn("Using the native apex kernel for RoPE.", UserWarning)
/opt/venv/lib/python3.12/site-packages/apex/transformer/functional/fused_rope.py:54: UserWarning: Using the native apex kernel for RoPE.
  warnings.warn("Using the native apex kernel for RoPE.", UserWarning)
/opt/venv/lib/python3.12/site-packages/apex/transformer/functional/fused_rope.py:54: UserWarning: Using the native apex kernel for RoPE.
  warnings.warn("Using the native apex kernel for RoPE.", UserWarning)
/opt/venv/lib/python3.12/site-packages/apex/transformer/functional/fused_rope.py:54: UserWarning: Using the native apex kernel for RoPE.
  warnings.warn("Using the native apex kernel for RoPE.", UserWarning)
/opt/venv/lib/python3.12/site-packages/apex/transformer/functional/fused_rope.py:54: UserWarning: Using the native apex kernel for RoPE.
  warnings.warn("Using the native apex kernel for RoPE.", UserWarning)
/opt/venv/lib/python3.12/site-packages/apex/transformer/functional/fused_rope.py:54: UserWarning: Using the native apex kernel for RoPE.
  warnings.warn("Using the native apex kernel for RoPE.", UserWarning)
/opt/venv/lib/python3.12/site-packages/apex/transformer/functional/fused_rope.py:54: UserWarning: Using the native apex kernel for RoPE.
  warnings.warn("Using the native apex kernel for RoPE.", UserWarning)
[rank4]:W0323 15:23:22.017000 47489 torch/_dynamo/exc.py:593] [2/0] Backend compiler exception
[rank4]:W0323 15:23:22.017000 47489 torch/_dynamo/exc.py:593] [2/0]   Explanation: Backend compiler `inductor` failed with aten._local_scalar_dense.default
[rank4]:W0323 15:23:22.017000 47489 torch/_dynamo/exc.py:593] [2/0] 
[rank4]:W0323 15:23:22.017000 47489 torch/_dynamo/exc.py:593] [2/0]     While executing %one_hot : [num_users=1] = call_function[target=torch._C._nn.one_hot](args = (%l_x_,), kwargs = {num_classes: %l_num_classes_})
[rank4]:W0323 15:23:22.017000 47489 torch/_dynamo/exc.py:593] [2/0]     Original traceback:
[rank4]:W0323 15:23:22.017000 47489 torch/_dynamo/exc.py:593] [2/0]       File "/opt/venv/lib/python3.12/site-packages/deepspeed/moe/sharded_moe.py", line 181, in _one_hot_to_float
[rank4]:W0323 15:23:22.017000 47489 torch/_dynamo/exc.py:593] [2/0]         return F.one_hot(x, num_classes=num_classes).float()
[rank4]:W0323 15:23:22.017000 47489 torch/_dynamo/exc.py:593] [2/0] 
[rank4]:W0323 15:23:22.017000 47489 torch/_dynamo/exc.py:593] [2/0]     Use tlparse to see full graph. (https://github.com/pytorch/tlparse?tab=readme-ov-file#tlparse-parse-structured-pt2-logs). Adding a graph break.
[rank4]:W0323 15:23:22.017000 47489 torch/_dynamo/exc.py:593] [2/0]   Hint: Report an issue to the backend compiler repo.
[rank4]:W0323 15:23:22.017000 47489 torch/_dynamo/exc.py:593] [2/0] 
[rank4]:W0323 15:23:22.017000 47489 torch/_dynamo/exc.py:593] [2/0]   Developer debug context: Backend: inductor
[rank4]:W0323 15:23:22.017000 47489 torch/_dynamo/exc.py:593] [2/0]     Exception:aten._local_scalar_dense.default
[rank4]:W0323 15:23:22.017000 47489 torch/_dynamo/exc.py:593] [2/0] 
[rank4]:W0323 15:23:22.017000 47489 torch/_dynamo/exc.py:593] [2/0]     While executing %one_hot : [num_users=1] = call_function[target=torch._C._nn.one_hot](args = (%l_x_,), kwargs = {num_classes: %l_num_classes_})
[rank4]:W0323 15:23:22.017000 47489 torch/_dynamo/exc.py:593] [2/0]     Original traceback:
[rank4]:W0323 15:23:22.017000 47489 torch/_dynamo/exc.py:593] [2/0]       File "/opt/venv/lib/python3.12/site-packages/deepspeed/moe/sharded_moe.py", line 181, in _one_hot_to_float
[rank4]:W0323 15:23:22.017000 47489 torch/_dynamo/exc.py:593] [2/0]         return F.one_hot(x, num_classes=num_classes).float()
[rank4]:W0323 15:23:22.017000 47489 torch/_dynamo/exc.py:593] [2/0] 
[rank4]:W0323 15:23:22.017000 47489 torch/_dynamo/exc.py:593] [2/0]     Use tlparse to see full graph. (https://github.com/pytorch/tlparse?tab=readme-ov-file#tlparse-parse-structured-pt2-logs)
[rank4]:W0323 15:23:22.017000 47489 torch/_dynamo/exc.py:593] [2/0]     Traceback:
[rank4]:W0323 15:23:22.017000 47489 torch/_dynamo/exc.py:593] [2/0]       File "/opt/venv/lib/python3.12/site-packages/deepspeed/moe/sharded_moe.py", line 181, in _one_hot_to_float
[rank4]:W0323 15:23:22.017000 47489 torch/_dynamo/exc.py:593] [2/0]         return F.one_hot(x, num_classes=num_classes).float()
[rank4]:W0323 15:23:22.017000 47489 torch/_dynamo/exc.py:593] [2/0] 
[rank4]:W0323 15:23:22.017000 47489 torch/_dynamo/exc.py:593] [2/0] 
[rank4]:W0323 15:23:22.017000 47489 torch/_dynamo/exc.py:593] [2/0]  For more details about this graph break, please visit: https://meta-pytorch.github.io/compile-graph-break-site/gb/gb0219.html
[rank7]:W0323 15:23:22.017000 47492 torch/_dynamo/exc.py:593] [2/0] Backend compiler exception
[rank7]:W0323 15:23:22.017000 47492 torch/_dynamo/exc.py:593] [2/0]   Explanation: Backend compiler `inductor` failed with aten._local_scalar_dense.default
[rank7]:W0323 15:23:22.017000 47492 torch/_dynamo/exc.py:593] [2/0] 
[rank7]:W0323 15:23:22.017000 47492 torch/_dynamo/exc.py:593] [2/0]     While executing %one_hot : [num_users=1] = call_function[target=torch._C._nn.one_hot](args = (%l_x_,), kwargs = {num_classes: %l_num_classes_})
[rank7]:W0323 15:23:22.017000 47492 torch/_dynamo/exc.py:593] [2/0]     Original traceback:
[rank7]:W0323 15:23:22.017000 47492 torch/_dynamo/exc.py:593] [2/0]       File "/opt/venv/lib/python3.12/site-packages/deepspeed/moe/sharded_moe.py", line 181, in _one_hot_to_float
[rank7]:W0323 15:23:22.017000 47492 torch/_dynamo/exc.py:593] [2/0]         return F.one_hot(x, num_classes=num_classes).float()
[rank7]:W0323 15:23:22.017000 47492 torch/_dynamo/exc.py:593] [2/0] 
[rank7]:W0323 15:23:22.017000 47492 torch/_dynamo/exc.py:593] [2/0]     Use tlparse to see full graph. (https://github.com/pytorch/tlparse?tab=readme-ov-file#tlparse-parse-structured-pt2-logs). Adding a graph break.
[rank7]:W0323 15:23:22.017000 47492 torch/_dynamo/exc.py:593] [2/0]   Hint: Report an issue to the backend compiler repo.
[rank7]:W0323 15:23:22.017000 47492 torch/_dynamo/exc.py:593] [2/0] 
[rank7]:W0323 15:23:22.017000 47492 torch/_dynamo/exc.py:593] [2/0]   Developer debug context: Backend: inductor
[rank7]:W0323 15:23:22.017000 47492 torch/_dynamo/exc.py:593] [2/0]     Exception:aten._local_scalar_dense.default
[rank7]:W0323 15:23:22.017000 47492 torch/_dynamo/exc.py:593] [2/0] 
[rank7]:W0323 15:23:22.017000 47492 torch/_dynamo/exc.py:593] [2/0]     While executing %one_hot : [num_users=1] = call_function[target=torch._C._nn.one_hot](args = (%l_x_,), kwargs = {num_classes: %l_num_classes_})
[rank7]:W0323 15:23:22.017000 47492 torch/_dynamo/exc.py:593] [2/0]     Original traceback:
[rank7]:W0323 15:23:22.017000 47492 torch/_dynamo/exc.py:593] [2/0]       File "/opt/venv/lib/python3.12/site-packages/deepspeed/moe/sharded_moe.py", line 181, in _one_hot_to_float
[rank7]:W0323 15:23:22.017000 47492 torch/_dynamo/exc.py:593] [2/0]         return F.one_hot(x, num_classes=num_classes).float()
[rank7]:W0323 15:23:22.017000 47492 torch/_dynamo/exc.py:593] [2/0] 
[rank7]:W0323 15:23:22.017000 47492 torch/_dynamo/exc.py:593] [2/0]     Use tlparse to see full graph. (https://github.com/pytorch/tlparse?tab=readme-ov-file#tlparse-parse-structured-pt2-logs)
[rank7]:W0323 15:23:22.017000 47492 torch/_dynamo/exc.py:593] [2/0]     Traceback:
[rank7]:W0323 15:23:22.017000 47492 torch/_dynamo/exc.py:593] [2/0]       File "/opt/venv/lib/python3.12/site-packages/deepspeed/moe/sharded_moe.py", line 181, in _one_hot_to_float
[rank7]:W0323 15:23:22.017000 47492 torch/_dynamo/exc.py:593] [2/0]         return F.one_hot(x, num_classes=num_classes).float()
[rank7]:W0323 15:23:22.017000 47492 torch/_dynamo/exc.py:593] [2/0] 
[rank7]:W0323 15:23:22.017000 47492 torch/_dynamo/exc.py:593] [2/0] 
[rank7]:W0323 15:23:22.017000 47492 torch/_dynamo/exc.py:593] [2/0]  For more details about this graph break, please visit: https://meta-pytorch.github.io/compile-graph-break-site/gb/gb0219.html
[rank0]:W0323 15:23:22.851000 47485 torch/_dynamo/exc.py:593] [2/0] Backend compiler exception
[rank0]:W0323 15:23:22.851000 47485 torch/_dynamo/exc.py:593] [2/0]   Explanation: Backend compiler `inductor` failed with aten._local_scalar_dense.default
[rank0]:W0323 15:23:22.851000 47485 torch/_dynamo/exc.py:593] [2/0] 
[rank0]:W0323 15:23:22.851000 47485 torch/_dynamo/exc.py:593] [2/0]     While executing %one_hot : [num_users=1] = call_function[target=torch._C._nn.one_hot](args = (%l_x_,), kwargs = {num_classes: %l_num_classes_})
[rank0]:W0323 15:23:22.851000 47485 torch/_dynamo/exc.py:593] [2/0]     Original traceback:
[rank0]:W0323 15:23:22.851000 47485 torch/_dynamo/exc.py:593] [2/0]       File "/opt/venv/lib/python3.12/site-packages/deepspeed/moe/sharded_moe.py", line 181, in _one_hot_to_float
[rank0]:W0323 15:23:22.851000 47485 torch/_dynamo/exc.py:593] [2/0]         return F.one_hot(x, num_classes=num_classes).float()
[rank0]:W0323 15:23:22.851000 47485 torch/_dynamo/exc.py:593] [2/0] 
[rank0]:W0323 15:23:22.851000 47485 torch/_dynamo/exc.py:593] [2/0]     Use tlparse to see full graph. (https://github.com/pytorch/tlparse?tab=readme-ov-file#tlparse-parse-structured-pt2-logs). Adding a graph break.
[rank0]:W0323 15:23:22.851000 47485 torch/_dynamo/exc.py:593] [2/0]   Hint: Report an issue to the backend compiler repo.
[rank0]:W0323 15:23:22.851000 47485 torch/_dynamo/exc.py:593] [2/0] 
[rank0]:W0323 15:23:22.851000 47485 torch/_dynamo/exc.py:593] [2/0]   Developer debug context: Backend: inductor
[rank0]:W0323 15:23:22.851000 47485 torch/_dynamo/exc.py:593] [2/0]     Exception:aten._local_scalar_dense.default
[rank0]:W0323 15:23:22.851000 47485 torch/_dynamo/exc.py:593] [2/0] 
[rank0]:W0323 15:23:22.851000 47485 torch/_dynamo/exc.py:593] [2/0]     While executing %one_hot : [num_users=1] = call_function[target=torch._C._nn.one_hot](args = (%l_x_,), kwargs = {num_classes: %l_num_classes_})
[rank0]:W0323 15:23:22.851000 47485 torch/_dynamo/exc.py:593] [2/0]     Original traceback:
[rank0]:W0323 15:23:22.851000 47485 torch/_dynamo/exc.py:593] [2/0]       File "/opt/venv/lib/python3.12/site-packages/deepspeed/moe/sharded_moe.py", line 181, in _one_hot_to_float
[rank0]:W0323 15:23:22.851000 47485 torch/_dynamo/exc.py:593] [2/0]         return F.one_hot(x, num_classes=num_classes).float()
[rank0]:W0323 15:23:22.851000 47485 torch/_dynamo/exc.py:593] [2/0] 
[rank0]:W0323 15:23:22.851000 47485 torch/_dynamo/exc.py:593] [2/0]     Use tlparse to see full graph. (https://github.com/pytorch/tlparse?tab=readme-ov-file#tlparse-parse-structured-pt2-logs)
[rank0]:W0323 15:23:22.851000 47485 torch/_dynamo/exc.py:593] [2/0]     Traceback:
[rank0]:W0323 15:23:22.851000 47485 torch/_dynamo/exc.py:593] [2/0]       File "/opt/venv/lib/python3.12/site-packages/deepspeed/moe/sharded_moe.py", line 181, in _one_hot_to_float
[rank0]:W0323 15:23:22.851000 47485 torch/_dynamo/exc.py:593] [2/0]         return F.one_hot(x, num_classes=num_classes).float()
[rank0]:W0323 15:23:22.851000 47485 torch/_dynamo/exc.py:593] [2/0] 
[rank0]:W0323 15:23:22.851000 47485 torch/_dynamo/exc.py:593] [2/0] 
[rank0]:W0323 15:23:22.851000 47485 torch/_dynamo/exc.py:593] [2/0]  For more details about this graph break, please visit: https://meta-pytorch.github.io/compile-graph-break-site/gb/gb0219.html
[rank1]:W0323 15:23:25.366000 47486 torch/_dynamo/exc.py:593] [2/0] Backend compiler exception
[rank1]:W0323 15:23:25.366000 47486 torch/_dynamo/exc.py:593] [2/0]   Explanation: Backend compiler `inductor` failed with aten._local_scalar_dense.default
[rank1]:W0323 15:23:25.366000 47486 torch/_dynamo/exc.py:593] [2/0] 
[rank1]:W0323 15:23:25.366000 47486 torch/_dynamo/exc.py:593] [2/0]     While executing %one_hot : [num_users=1] = call_function[target=torch._C._nn.one_hot](args = (%l_x_,), kwargs = {num_classes: %l_num_classes_})
[rank1]:W0323 15:23:25.366000 47486 torch/_dynamo/exc.py:593] [2/0]     Original traceback:
[rank1]:W0323 15:23:25.366000 47486 torch/_dynamo/exc.py:593] [2/0]       File "/opt/venv/lib/python3.12/site-packages/deepspeed/moe/sharded_moe.py", line 181, in _one_hot_to_float
[rank1]:W0323 15:23:25.366000 47486 torch/_dynamo/exc.py:593] [2/0]         return F.one_hot(x, num_classes=num_classes).float()
[rank1]:W0323 15:23:25.366000 47486 torch/_dynamo/exc.py:593] [2/0] 
[rank1]:W0323 15:23:25.366000 47486 torch/_dynamo/exc.py:593] [2/0]     Use tlparse to see full graph. (https://github.com/pytorch/tlparse?tab=readme-ov-file#tlparse-parse-structured-pt2-logs). Adding a graph break.
[rank1]:W0323 15:23:25.366000 47486 torch/_dynamo/exc.py:593] [2/0]   Hint: Report an issue to the backend compiler repo.
[rank1]:W0323 15:23:25.366000 47486 torch/_dynamo/exc.py:593] [2/0] 
[rank1]:W0323 15:23:25.366000 47486 torch/_dynamo/exc.py:593] [2/0]   Developer debug context: Backend: inductor
[rank1]:W0323 15:23:25.366000 47486 torch/_dynamo/exc.py:593] [2/0]     Exception:aten._local_scalar_dense.default
[rank1]:W0323 15:23:25.366000 47486 torch/_dynamo/exc.py:593] [2/0] 
[rank1]:W0323 15:23:25.366000 47486 torch/_dynamo/exc.py:593] [2/0]     While executing %one_hot : [num_users=1] = call_function[target=torch._C._nn.one_hot](args = (%l_x_,), kwargs = {num_classes: %l_num_classes_})
[rank1]:W0323 15:23:25.366000 47486 torch/_dynamo/exc.py:593] [2/0]     Original traceback:
[rank1]:W0323 15:23:25.366000 47486 torch/_dynamo/exc.py:593] [2/0]       File "/opt/venv/lib/python3.12/site-packages/deepspeed/moe/sharded_moe.py", line 181, in _one_hot_to_float
[rank1]:W0323 15:23:25.366000 47486 torch/_dynamo/exc.py:593] [2/0]         return F.one_hot(x, num_classes=num_classes).float()
[rank1]:W0323 15:23:25.366000 47486 torch/_dynamo/exc.py:593] [2/0] 
[rank1]:W0323 15:23:25.366000 47486 torch/_dynamo/exc.py:593] [2/0]     Use tlparse to see full graph. (https://github.com/pytorch/tlparse?tab=readme-ov-file#tlparse-parse-structured-pt2-logs)
[rank1]:W0323 15:23:25.366000 47486 torch/_dynamo/exc.py:593] [2/0]     Traceback:
[rank1]:W0323 15:23:25.366000 47486 torch/_dynamo/exc.py:593] [2/0]       File "/opt/venv/lib/python3.12/site-packages/deepspeed/moe/sharded_moe.py", line 181, in _one_hot_to_float
[rank1]:W0323 15:23:25.366000 47486 torch/_dynamo/exc.py:593] [2/0]         return F.one_hot(x, num_classes=num_classes).float()
[rank1]:W0323 15:23:25.366000 47486 torch/_dynamo/exc.py:593] [2/0] 
[rank1]:W0323 15:23:25.366000 47486 torch/_dynamo/exc.py:593] [2/0] 
[rank1]:W0323 15:23:25.366000 47486 torch/_dynamo/exc.py:593] [2/0]  For more details about this graph break, please visit: https://meta-pytorch.github.io/compile-graph-break-site/gb/gb0219.html
[rank5]:W0323 15:23:28.053000 47490 torch/_dynamo/exc.py:593] [2/0] Backend compiler exception
[rank5]:W0323 15:23:28.053000 47490 torch/_dynamo/exc.py:593] [2/0]   Explanation: Backend compiler `inductor` failed with aten._local_scalar_dense.default
[rank5]:W0323 15:23:28.053000 47490 torch/_dynamo/exc.py:593] [2/0] 
[rank5]:W0323 15:23:28.053000 47490 torch/_dynamo/exc.py:593] [2/0]     While executing %one_hot : [num_users=1] = call_function[target=torch._C._nn.one_hot](args = (%l_x_,), kwargs = {num_classes: %l_num_classes_})
[rank5]:W0323 15:23:28.053000 47490 torch/_dynamo/exc.py:593] [2/0]     Original traceback:
[rank5]:W0323 15:23:28.053000 47490 torch/_dynamo/exc.py:593] [2/0]       File "/opt/venv/lib/python3.12/site-packages/deepspeed/moe/sharded_moe.py", line 181, in _one_hot_to_float
[rank5]:W0323 15:23:28.053000 47490 torch/_dynamo/exc.py:593] [2/0]         return F.one_hot(x, num_classes=num_classes).float()
[rank5]:W0323 15:23:28.053000 47490 torch/_dynamo/exc.py:593] [2/0] 
[rank5]:W0323 15:23:28.053000 47490 torch/_dynamo/exc.py:593] [2/0]     Use tlparse to see full graph. (https://github.com/pytorch/tlparse?tab=readme-ov-file#tlparse-parse-structured-pt2-logs). Adding a graph break.
[rank5]:W0323 15:23:28.053000 47490 torch/_dynamo/exc.py:593] [2/0]   Hint: Report an issue to the backend compiler repo.
[rank5]:W0323 15:23:28.053000 47490 torch/_dynamo/exc.py:593] [2/0] 
[rank5]:W0323 15:23:28.053000 47490 torch/_dynamo/exc.py:593] [2/0]   Developer debug context: Backend: inductor
[rank5]:W0323 15:23:28.053000 47490 torch/_dynamo/exc.py:593] [2/0]     Exception:aten._local_scalar_dense.default
[rank5]:W0323 15:23:28.053000 47490 torch/_dynamo/exc.py:593] [2/0] 
[rank5]:W0323 15:23:28.053000 47490 torch/_dynamo/exc.py:593] [2/0]     While executing %one_hot : [num_users=1] = call_function[target=torch._C._nn.one_hot](args = (%l_x_,), kwargs = {num_classes: %l_num_classes_})
[rank5]:W0323 15:23:28.053000 47490 torch/_dynamo/exc.py:593] [2/0]     Original traceback:
[rank5]:W0323 15:23:28.053000 47490 torch/_dynamo/exc.py:593] [2/0]       File "/opt/venv/lib/python3.12/site-packages/deepspeed/moe/sharded_moe.py", line 181, in _one_hot_to_float
[rank5]:W0323 15:23:28.053000 47490 torch/_dynamo/exc.py:593] [2/0]         return F.one_hot(x, num_classes=num_classes).float()
[rank5]:W0323 15:23:28.053000 47490 torch/_dynamo/exc.py:593] [2/0] 
[rank5]:W0323 15:23:28.053000 47490 torch/_dynamo/exc.py:593] [2/0]     Use tlparse to see full graph. (https://github.com/pytorch/tlparse?tab=readme-ov-file#tlparse-parse-structured-pt2-logs)
[rank5]:W0323 15:23:28.053000 47490 torch/_dynamo/exc.py:593] [2/0]     Traceback:
[rank5]:W0323 15:23:28.053000 47490 torch/_dynamo/exc.py:593] [2/0]       File "/opt/venv/lib/python3.12/site-packages/deepspeed/moe/sharded_moe.py", line 181, in _one_hot_to_float
[rank5]:W0323 15:23:28.053000 47490 torch/_dynamo/exc.py:593] [2/0]         return F.one_hot(x, num_classes=num_classes).float()
[rank5]:W0323 15:23:28.053000 47490 torch/_dynamo/exc.py:593] [2/0] 
[rank5]:W0323 15:23:28.053000 47490 torch/_dynamo/exc.py:593] [2/0] 
[rank5]:W0323 15:23:28.053000 47490 torch/_dynamo/exc.py:593] [2/0]  For more details about this graph break, please visit: https://meta-pytorch.github.io/compile-graph-break-site/gb/gb0219.html
[rank2]:W0323 15:23:30.904000 47487 torch/_dynamo/exc.py:593] [2/0] Backend compiler exception
[rank2]:W0323 15:23:30.904000 47487 torch/_dynamo/exc.py:593] [2/0]   Explanation: Backend compiler `inductor` failed with aten._local_scalar_dense.default
[rank2]:W0323 15:23:30.904000 47487 torch/_dynamo/exc.py:593] [2/0] 
[rank2]:W0323 15:23:30.904000 47487 torch/_dynamo/exc.py:593] [2/0]     While executing %one_hot : [num_users=1] = call_function[target=torch._C._nn.one_hot](args = (%l_x_,), kwargs = {num_classes: %l_num_classes_})
[rank2]:W0323 15:23:30.904000 47487 torch/_dynamo/exc.py:593] [2/0]     Original traceback:
[rank2]:W0323 15:23:30.904000 47487 torch/_dynamo/exc.py:593] [2/0]       File "/opt/venv/lib/python3.12/site-packages/deepspeed/moe/sharded_moe.py", line 181, in _one_hot_to_float
[rank2]:W0323 15:23:30.904000 47487 torch/_dynamo/exc.py:593] [2/0]         return F.one_hot(x, num_classes=num_classes).float()
[rank2]:W0323 15:23:30.904000 47487 torch/_dynamo/exc.py:593] [2/0] 
[rank2]:W0323 15:23:30.904000 47487 torch/_dynamo/exc.py:593] [2/0]     Use tlparse to see full graph. (https://github.com/pytorch/tlparse?tab=readme-ov-file#tlparse-parse-structured-pt2-logs). Adding a graph break.
[rank2]:W0323 15:23:30.904000 47487 torch/_dynamo/exc.py:593] [2/0]   Hint: Report an issue to the backend compiler repo.
[rank2]:W0323 15:23:30.904000 47487 torch/_dynamo/exc.py:593] [2/0] 
[rank2]:W0323 15:23:30.904000 47487 torch/_dynamo/exc.py:593] [2/0]   Developer debug context: Backend: inductor
[rank2]:W0323 15:23:30.904000 47487 torch/_dynamo/exc.py:593] [2/0]     Exception:aten._local_scalar_dense.default
[rank2]:W0323 15:23:30.904000 47487 torch/_dynamo/exc.py:593] [2/0] 
[rank2]:W0323 15:23:30.904000 47487 torch/_dynamo/exc.py:593] [2/0]     While executing %one_hot : [num_users=1] = call_function[target=torch._C._nn.one_hot](args = (%l_x_,), kwargs = {num_classes: %l_num_classes_})
[rank2]:W0323 15:23:30.904000 47487 torch/_dynamo/exc.py:593] [2/0]     Original traceback:
[rank2]:W0323 15:23:30.904000 47487 torch/_dynamo/exc.py:593] [2/0]       File "/opt/venv/lib/python3.12/site-packages/deepspeed/moe/sharded_moe.py", line 181, in _one_hot_to_float
[rank2]:W0323 15:23:30.904000 47487 torch/_dynamo/exc.py:593] [2/0]         return F.one_hot(x, num_classes=num_classes).float()
[rank2]:W0323 15:23:30.904000 47487 torch/_dynamo/exc.py:593] [2/0] 
[rank2]:W0323 15:23:30.904000 47487 torch/_dynamo/exc.py:593] [2/0]     Use tlparse to see full graph. (https://github.com/pytorch/tlparse?tab=readme-ov-file#tlparse-parse-structured-pt2-logs)
[rank2]:W0323 15:23:30.904000 47487 torch/_dynamo/exc.py:593] [2/0]     Traceback:
[rank2]:W0323 15:23:30.904000 47487 torch/_dynamo/exc.py:593] [2/0]       File "/opt/venv/lib/python3.12/site-packages/deepspeed/moe/sharded_moe.py", line 181, in _one_hot_to_float
[rank2]:W0323 15:23:30.904000 47487 torch/_dynamo/exc.py:593] [2/0]         return F.one_hot(x, num_classes=num_classes).float()
[rank2]:W0323 15:23:30.904000 47487 torch/_dynamo/exc.py:593] [2/0] 
[rank2]:W0323 15:23:30.904000 47487 torch/_dynamo/exc.py:593] [2/0] 
[rank2]:W0323 15:23:30.904000 47487 torch/_dynamo/exc.py:593] [2/0]  For more details about this graph break, please visit: https://meta-pytorch.github.io/compile-graph-break-site/gb/gb0219.html
[rank3]:W0323 15:23:33.892000 47488 torch/_dynamo/exc.py:593] [2/0] Backend compiler exception
[rank3]:W0323 15:23:33.892000 47488 torch/_dynamo/exc.py:593] [2/0]   Explanation: Backend compiler `inductor` failed with aten._local_scalar_dense.default
[rank3]:W0323 15:23:33.892000 47488 torch/_dynamo/exc.py:593] [2/0] 
[rank3]:W0323 15:23:33.892000 47488 torch/_dynamo/exc.py:593] [2/0]     While executing %one_hot : [num_users=1] = call_function[target=torch._C._nn.one_hot](args = (%l_x_,), kwargs = {num_classes: %l_num_classes_})
[rank3]:W0323 15:23:33.892000 47488 torch/_dynamo/exc.py:593] [2/0]     Original traceback:
[rank3]:W0323 15:23:33.892000 47488 torch/_dynamo/exc.py:593] [2/0]       File "/opt/venv/lib/python3.12/site-packages/deepspeed/moe/sharded_moe.py", line 181, in _one_hot_to_float
[rank3]:W0323 15:23:33.892000 47488 torch/_dynamo/exc.py:593] [2/0]         return F.one_hot(x, num_classes=num_classes).float()
[rank3]:W0323 15:23:33.892000 47488 torch/_dynamo/exc.py:593] [2/0] 
[rank3]:W0323 15:23:33.892000 47488 torch/_dynamo/exc.py:593] [2/0]     Use tlparse to see full graph. (https://github.com/pytorch/tlparse?tab=readme-ov-file#tlparse-parse-structured-pt2-logs). Adding a graph break.
[rank3]:W0323 15:23:33.892000 47488 torch/_dynamo/exc.py:593] [2/0]   Hint: Report an issue to the backend compiler repo.
[rank3]:W0323 15:23:33.892000 47488 torch/_dynamo/exc.py:593] [2/0] 
[rank3]:W0323 15:23:33.892000 47488 torch/_dynamo/exc.py:593] [2/0]   Developer debug context: Backend: inductor
[rank3]:W0323 15:23:33.892000 47488 torch/_dynamo/exc.py:593] [2/0]     Exception:aten._local_scalar_dense.default
[rank3]:W0323 15:23:33.892000 47488 torch/_dynamo/exc.py:593] [2/0] 
[rank3]:W0323 15:23:33.892000 47488 torch/_dynamo/exc.py:593] [2/0]     While executing %one_hot : [num_users=1] = call_function[target=torch._C._nn.one_hot](args = (%l_x_,), kwargs = {num_classes: %l_num_classes_})
[rank3]:W0323 15:23:33.892000 47488 torch/_dynamo/exc.py:593] [2/0]     Original traceback:
[rank3]:W0323 15:23:33.892000 47488 torch/_dynamo/exc.py:593] [2/0]       File "/opt/venv/lib/python3.12/site-packages/deepspeed/moe/sharded_moe.py", line 181, in _one_hot_to_float
[rank3]:W0323 15:23:33.892000 47488 torch/_dynamo/exc.py:593] [2/0]         return F.one_hot(x, num_classes=num_classes).float()
[rank3]:W0323 15:23:33.892000 47488 torch/_dynamo/exc.py:593] [2/0] 
[rank3]:W0323 15:23:33.892000 47488 torch/_dynamo/exc.py:593] [2/0]     Use tlparse to see full graph. (https://github.com/pytorch/tlparse?tab=readme-ov-file#tlparse-parse-structured-pt2-logs)
[rank3]:W0323 15:23:33.892000 47488 torch/_dynamo/exc.py:593] [2/0]     Traceback:
[rank3]:W0323 15:23:33.892000 47488 torch/_dynamo/exc.py:593] [2/0]       File "/opt/venv/lib/python3.12/site-packages/deepspeed/moe/sharded_moe.py", line 181, in _one_hot_to_float
[rank3]:W0323 15:23:33.892000 47488 torch/_dynamo/exc.py:593] [2/0]         return F.one_hot(x, num_classes=num_classes).float()
[rank3]:W0323 15:23:33.892000 47488 torch/_dynamo/exc.py:593] [2/0] 
[rank3]:W0323 15:23:33.892000 47488 torch/_dynamo/exc.py:593] [2/0] 
[rank3]:W0323 15:23:33.892000 47488 torch/_dynamo/exc.py:593] [2/0]  For more details about this graph break, please visit: https://meta-pytorch.github.io/compile-graph-break-site/gb/gb0219.html
[rank6]:W0323 15:23:37.049000 47491 torch/_dynamo/exc.py:593] [2/0] Backend compiler exception
[rank6]:W0323 15:23:37.049000 47491 torch/_dynamo/exc.py:593] [2/0]   Explanation: Backend compiler `inductor` failed with aten._local_scalar_dense.default
[rank6]:W0323 15:23:37.049000 47491 torch/_dynamo/exc.py:593] [2/0] 
[rank6]:W0323 15:23:37.049000 47491 torch/_dynamo/exc.py:593] [2/0]     While executing %one_hot : [num_users=1] = call_function[target=torch._C._nn.one_hot](args = (%l_x_,), kwargs = {num_classes: %l_num_classes_})
[rank6]:W0323 15:23:37.049000 47491 torch/_dynamo/exc.py:593] [2/0]     Original traceback:
[rank6]:W0323 15:23:37.049000 47491 torch/_dynamo/exc.py:593] [2/0]       File "/opt/venv/lib/python3.12/site-packages/deepspeed/moe/sharded_moe.py", line 181, in _one_hot_to_float
[rank6]:W0323 15:23:37.049000 47491 torch/_dynamo/exc.py:593] [2/0]         return F.one_hot(x, num_classes=num_classes).float()
[rank6]:W0323 15:23:37.049000 47491 torch/_dynamo/exc.py:593] [2/0] 
[rank6]:W0323 15:23:37.049000 47491 torch/_dynamo/exc.py:593] [2/0]     Use tlparse to see full graph. (https://github.com/pytorch/tlparse?tab=readme-ov-file#tlparse-parse-structured-pt2-logs). Adding a graph break.
[rank6]:W0323 15:23:37.049000 47491 torch/_dynamo/exc.py:593] [2/0]   Hint: Report an issue to the backend compiler repo.
[rank6]:W0323 15:23:37.049000 47491 torch/_dynamo/exc.py:593] [2/0] 
[rank6]:W0323 15:23:37.049000 47491 torch/_dynamo/exc.py:593] [2/0]   Developer debug context: Backend: inductor
[rank6]:W0323 15:23:37.049000 47491 torch/_dynamo/exc.py:593] [2/0]     Exception:aten._local_scalar_dense.default
[rank6]:W0323 15:23:37.049000 47491 torch/_dynamo/exc.py:593] [2/0] 
[rank6]:W0323 15:23:37.049000 47491 torch/_dynamo/exc.py:593] [2/0]     While executing %one_hot : [num_users=1] = call_function[target=torch._C._nn.one_hot](args = (%l_x_,), kwargs = {num_classes: %l_num_classes_})
[rank6]:W0323 15:23:37.049000 47491 torch/_dynamo/exc.py:593] [2/0]     Original traceback:
[rank6]:W0323 15:23:37.049000 47491 torch/_dynamo/exc.py:593] [2/0]       File "/opt/venv/lib/python3.12/site-packages/deepspeed/moe/sharded_moe.py", line 181, in _one_hot_to_float
[rank6]:W0323 15:23:37.049000 47491 torch/_dynamo/exc.py:593] [2/0]         return F.one_hot(x, num_classes=num_classes).float()
[rank6]:W0323 15:23:37.049000 47491 torch/_dynamo/exc.py:593] [2/0] 
[rank6]:W0323 15:23:37.049000 47491 torch/_dynamo/exc.py:593] [2/0]     Use tlparse to see full graph. (https://github.com/pytorch/tlparse?tab=readme-ov-file#tlparse-parse-structured-pt2-logs)
[rank6]:W0323 15:23:37.049000 47491 torch/_dynamo/exc.py:593] [2/0]     Traceback:
[rank6]:W0323 15:23:37.049000 47491 torch/_dynamo/exc.py:593] [2/0]       File "/opt/venv/lib/python3.12/site-packages/deepspeed/moe/sharded_moe.py", line 181, in _one_hot_to_float
[rank6]:W0323 15:23:37.049000 47491 torch/_dynamo/exc.py:593] [2/0]         return F.one_hot(x, num_classes=num_classes).float()
[rank6]:W0323 15:23:37.049000 47491 torch/_dynamo/exc.py:593] [2/0] 
[rank6]:W0323 15:23:37.049000 47491 torch/_dynamo/exc.py:593] [2/0] 
[rank6]:W0323 15:23:37.049000 47491 torch/_dynamo/exc.py:593] [2/0]  For more details about this graph break, please visit: https://meta-pytorch.github.io/compile-graph-break-site/gb/gb0219.html
/opt/venv/lib/python3.12/site-packages/torch/distributed/distributed_c10d.py:4876: UserWarning: barrier(): using the device under current context. You can specify `device_id` in `init_process_group` to mute this warning.
  warnings.warn(  # warn only once
